Sun Jan 10 14:07:38 UTC 2021 - Executing "/openLANE_flow/scripts/mergeLef.py -i /home/roshan/Desktop/vsdflow/work/tools/openlane_working_dir/pdks/sky130A/libs.ref/sky130_fd_sc_hvl/techlef/sky130_fd_sc_hvl.tlef /home/roshan/Desktop/vsdflow/work/tools/openlane_working_dir/pdks/sky130A/libs.ref/sky130_fd_sc_hvl/lef/sky130_fd_sc_hvl.lef -o /openLANE_flow/designs/vsdPLLSoC/runs/vsdPLLSoC/tmp/merged_unpadded.lef |& tee >&@stdout"

Sun Jan 10 14:07:39 UTC 2021 - Executing "/openLANE_flow/scripts/mergeLef.py -i /openLANE_flow/designs/vsdPLLSoC/runs/vsdPLLSoC/tmp/merged_unpadded.lef /openLANE_flow/designs/vsdPLLSoC/src/lef/simple_por.lef /openLANE_flow/designs/vsdPLLSoC/src/lef/chip_io.lef /openLANE_flow/designs/vsdPLLSoC/src/lef/avsdpll_1v8.lef -o /openLANE_flow/designs/vsdPLLSoC/runs/vsdPLLSoC/tmp/merged_unpadded.lef |& tee >&@stdout"

Sun Jan 10 14:07:39 UTC 2021 - Executing "/openLANE_flow/scripts/libtrim.pl { /home/roshan/Desktop/vsdflow/work/tools/openlane_working_dir/pdks/sky130A/libs.ref/sky130_fd_sc_hvl/lib/sky130_fd_sc_hvl__tt_025C_3v30.lib /home/roshan/Desktop/vsdflow/work/tools/openlane_working_dir/pdks/sky130A/libs.ref/sky130_fd_sc_hvl/lib/sky130_fd_sc_hvl__tt_025C_3v30_lv1v80.lib } /home/roshan/Desktop/vsdflow/work/tools/openlane_working_dir/pdks/sky130A/libs.tech/openlane/sky130_fd_sc_hvl/no_synth.cells > /openLANE_flow/designs/vsdPLLSoC/runs/vsdPLLSoC/tmp/trimmed.lib"

Sun Jan 10 14:07:52 UTC 2021 - Executing "sed -E {s/^([[:space:]]+)pg_pin(.*)/\1pin\2\n\1    direction : "inout";/g} /home/roshan/Desktop/vsdflow/work/tools/openlane_working_dir/pdks/sky130A/libs.ref/sky130_fd_sc_hvl/lib/sky130_fd_sc_hvl__tt_025C_3v30.lib > /openLANE_flow/designs/vsdPLLSoC/runs/vsdPLLSoC/tmp/sky130_fd_sc_hvl__tt_025C_3v30.no_pg.lib"

Sun Jan 10 14:07:52 UTC 2021 - Executing "sed -E {s/^([[:space:]]+)pg_pin(.*)/\1pin\2\n\1    direction : "inout";/g} /home/roshan/Desktop/vsdflow/work/tools/openlane_working_dir/pdks/sky130A/libs.ref/sky130_fd_sc_hvl/lib/sky130_fd_sc_hvl__tt_025C_3v30_lv1v80.lib > /openLANE_flow/designs/vsdPLLSoC/runs/vsdPLLSoC/tmp/sky130_fd_sc_hvl__tt_025C_3v30_lv1v80.no_pg.lib"

Sun Jan 10 14:07:52 UTC 2021 - Executing "yosys -c /openLANE_flow/scripts/synth_top.tcl -l /openLANE_flow/designs/vsdPLLSoC/runs/vsdPLLSoC/logs/synthesis/yosys.log |& tee >&@stdout"

Sun Jan 10 14:07:53 UTC 2021 - Executing "sed -i -e {s/\(set ::env(CURRENT_NETLIST)\).*/\1 \/openLANE_flow\/designs\/vsdPLLSoC\/runs\/vsdPLLSoC\/results\/synthesis\/vsdPLLSoC.synthesis.v/} /openLANE_flow/designs/vsdPLLSoC/runs/vsdPLLSoC/config.tcl"

Sun Jan 10 14:07:53 UTC 2021 - Executing "sed -i -e {s/\(set ::env(PREV_NETLIST)\).*/\1 0/} /openLANE_flow/designs/vsdPLLSoC/runs/vsdPLLSoC/config.tcl"

Sun Jan 10 14:07:53 UTC 2021 - Executing "sed -i /defparam/d /openLANE_flow/designs/vsdPLLSoC/runs/vsdPLLSoC/results/synthesis/vsdPLLSoC.synthesis.v"

Sun Jan 10 14:07:58 UTC 2021 - Executing "openroad -exit /openLANE_flow/scripts/openroad/or_floorplan.tcl |& tee >&@stdout /openLANE_flow/designs/vsdPLLSoC/runs/vsdPLLSoC/logs/floorplan/verilog2def.openroad.log"

Sun Jan 10 14:08:04 UTC 2021 - Executing "echo PADFRAME 0 0 N >> /openLANE_flow/designs/vsdPLLSoC/runs/vsdPLLSoC/tmp/macro_placement.cfg"

Sun Jan 10 14:08:09 UTC 2021 - Executing "echo PLL 1700 2590 N >> /openLANE_flow/designs/vsdPLLSoC/runs/vsdPLLSoC/tmp/macro_placement.cfg"

Sun Jan 10 14:08:14 UTC 2021 - Executing "echo POR 3270.880 522.711 MX >> /openLANE_flow/designs/vsdPLLSoC/runs/vsdPLLSoC/tmp/macro_placement.cfg"

Sun Jan 10 14:08:19 UTC 2021 - Executing "python3 /openLANE_flow/scripts/manual_macro_place.py -l /openLANE_flow/designs/vsdPLLSoC/runs/vsdPLLSoC/tmp/merged.lef -id /openLANE_flow/designs/vsdPLLSoC/runs/vsdPLLSoC/tmp/floorplan/verilog2def_openroad.def -o /openLANE_flow/designs/vsdPLLSoC/runs/vsdPLLSoC/tmp/floorplan/verilog2def_openroad.def.macro_placement.def -c /openLANE_flow/designs/vsdPLLSoC/runs/vsdPLLSoC/tmp/macro_placement.cfg -f |& tee >&@stdout /openLANE_flow/designs/vsdPLLSoC/runs/vsdPLLSoC/logs/macro_placement.log"

Sun Jan 10 14:08:26 UTC 2021 - Executing "/openLANE_flow/scripts/remove_pins.sh /openLANE_flow/designs/vsdPLLSoC/runs/vsdPLLSoC/tmp/floorplan/verilog2def_openroad.def.macro_placement.def"

Sun Jan 10 14:08:31 UTC 2021 - Executing "/openLANE_flow/scripts/remove_empty_nets.sh /openLANE_flow/designs/vsdPLLSoC/runs/vsdPLLSoC/tmp/floorplan/verilog2def_openroad.def.macro_placement.def"

Sun Jan 10 14:08:36 UTC 2021 - Executing "touch /openLANE_flow/designs/vsdPLLSoC/runs/vsdPLLSoC/tmp/li1HackTmpFile.txt"

Sun Jan 10 14:08:36 UTC 2021 - Executing "python3 /openLANE_flow/scripts/li1_hack_start.py -d /openLANE_flow/designs/vsdPLLSoC/runs/vsdPLLSoC/tmp/floorplan/verilog2def_openroad.def.macro_placement.def -l /openLANE_flow/designs/vsdPLLSoC/runs/vsdPLLSoC/tmp/merged_unpadded.lef -t /openLANE_flow/designs/vsdPLLSoC/runs/vsdPLLSoC/tmp/li1HackTmpFile.txt"

Sun Jan 10 14:08:42 UTC 2021 - Executing "openroad -exit /openLANE_flow/scripts/openroad/or_route.tcl |& tee >&@stdout /openLANE_flow/designs/vsdPLLSoC/runs/vsdPLLSoC/logs/routing/fastroute.log"

Sun Jan 10 14:08:55 UTC 2021 - Executing "envsubst < /openLANE_flow/scripts/tritonRoute.param > /openLANE_flow/designs/vsdPLLSoC/runs/vsdPLLSoC/tmp/routing/tritonRoute.param"

Sun Jan 10 14:08:55 UTC 2021 - Executing "TritonRoute /openLANE_flow/designs/vsdPLLSoC/runs/vsdPLLSoC/tmp/routing/tritonRoute.param |& tee >&@stdout /openLANE_flow/designs/vsdPLLSoC/runs/vsdPLLSoC/logs/routing/tritonRoute.log"

Sun Jan 10 14:13:24 UTC 2021 - Executing "python3 /openLANE_flow/scripts/tr2klayout.py -i /openLANE_flow/designs/vsdPLLSoC/runs/vsdPLLSoC/reports/routing/tritonRoute.drc -o /openLANE_flow/designs/vsdPLLSoC/runs/vsdPLLSoC/reports/routing/tritonRoute.klayout.xml --design-name vsdPLLSoC"

Sun Jan 10 14:13:35 UTC 2021 - Executing "python3 /openLANE_flow/scripts/li1_hack_end.py -d /openLANE_flow/designs/vsdPLLSoC/runs/vsdPLLSoC/results/routing/vsdPLLSoC.def -t /openLANE_flow/designs/vsdPLLSoC/runs/vsdPLLSoC/tmp/li1HackTmpFile.txt"

Sun Jan 10 14:13:42 UTC 2021 - Executing "magic -noconsole -dnull -rcfile /home/roshan/Desktop/vsdflow/work/tools/openlane_working_dir/pdks/sky130A/libs.tech/magic/sky130A.magicrc /openLANE_flow/scripts/magic/mag_gds.tcl </dev/null |& tee >&@stdout /openLANE_flow/designs/vsdPLLSoC/runs/vsdPLLSoC/logs/magic/magic.log"

Sun Jan 10 14:13:43 UTC 2021 - Executing "magic -noconsole -dnull -rcfile /home/roshan/Desktop/vsdflow/work/tools/openlane_working_dir/pdks/sky130A/libs.tech/magic/sky130A.magicrc /openLANE_flow/scripts/magic/lef.tcl </dev/null |& tee >&@stdout /openLANE_flow/designs/vsdPLLSoC/runs/vsdPLLSoC/logs/magic/magic.lef.log"

Sun Jan 10 14:13:44 UTC 2021 - Executing "magic -noconsole -dnull -rcfile /home/roshan/Desktop/vsdflow/work/tools/openlane_working_dir/pdks/sky130A/libs.tech/magic/sky130A.magicrc /openLANE_flow/scripts/magic/maglef.tcl </dev/null |& tee >&@stdout /openLANE_flow/designs/vsdPLLSoC/runs/vsdPLLSoC/logs/magic/magic.maglef.log"

