Flattening unmatched subcell sky130_ef_io__com_bus_slice_20um in circuit chip_io (0)(724 instances)
Flattening unmatched subcell sky130_ef_io__com_bus_slice_1um in circuit chip_io (0)(16 instances)
Flattening unmatched subcell sky130_ef_io__com_bus_slice_5um in circuit chip_io (0)(11 instances)
Flattening unmatched subcell sky130_ef_io__com_bus_slice_10um in circuit chip_io (0)(7 instances)

Cell sky130_ef_io__gpiov2_pad_wrapped disconnected node: AMUXBUS_A
Cell sky130_ef_io__gpiov2_pad_wrapped disconnected node: AMUXBUS_B
Cell sky130_ef_io__gpiov2_pad_wrapped disconnected node: ANALOG_EN
Cell sky130_ef_io__gpiov2_pad_wrapped disconnected node: ANALOG_POL
Cell sky130_ef_io__gpiov2_pad_wrapped disconnected node: ANALOG_SEL
Cell sky130_ef_io__gpiov2_pad_wrapped disconnected node: DM[2]
Cell sky130_ef_io__gpiov2_pad_wrapped disconnected node: DM[1]
Cell sky130_ef_io__gpiov2_pad_wrapped disconnected node: DM[0]
Cell sky130_ef_io__gpiov2_pad_wrapped disconnected node: ENABLE_H
Cell sky130_ef_io__gpiov2_pad_wrapped disconnected node: ENABLE_INP_H
Cell sky130_ef_io__gpiov2_pad_wrapped disconnected node: ENABLE_VDDA_H
Cell sky130_ef_io__gpiov2_pad_wrapped disconnected node: ENABLE_VDDIO
Cell sky130_ef_io__gpiov2_pad_wrapped disconnected node: ENABLE_VSWITCH_H
Cell sky130_ef_io__gpiov2_pad_wrapped disconnected node: HLD_H_N
Cell sky130_ef_io__gpiov2_pad_wrapped disconnected node: HLD_OVR
Cell sky130_ef_io__gpiov2_pad_wrapped disconnected node: IB_MODE_SEL
Cell sky130_ef_io__gpiov2_pad_wrapped disconnected node: IN
Cell sky130_ef_io__gpiov2_pad_wrapped disconnected node: IN_H
Cell sky130_ef_io__gpiov2_pad_wrapped disconnected node: INP_DIS
Cell sky130_ef_io__gpiov2_pad_wrapped disconnected node: OE_N
Cell sky130_ef_io__gpiov2_pad_wrapped disconnected node: OUT
Cell sky130_ef_io__gpiov2_pad_wrapped disconnected node: PAD
Cell sky130_ef_io__gpiov2_pad_wrapped disconnected node: PAD_A_ESD_0_H
Cell sky130_ef_io__gpiov2_pad_wrapped disconnected node: PAD_A_ESD_1_H
Cell sky130_ef_io__gpiov2_pad_wrapped disconnected node: PAD_A_NOESD_H
Cell sky130_ef_io__gpiov2_pad_wrapped disconnected node: SLOW
Cell sky130_ef_io__gpiov2_pad_wrapped disconnected node: TIE_HI_ESD
Cell sky130_ef_io__gpiov2_pad_wrapped disconnected node: TIE_LO_ESD
Cell sky130_ef_io__gpiov2_pad_wrapped disconnected node: VCCD
Cell sky130_ef_io__gpiov2_pad_wrapped disconnected node: VCCHIB
Cell sky130_ef_io__gpiov2_pad_wrapped disconnected node: VDDA
Cell sky130_ef_io__gpiov2_pad_wrapped disconnected node: VDDIO
Cell sky130_ef_io__gpiov2_pad_wrapped disconnected node: VDDIO_Q
Cell sky130_ef_io__gpiov2_pad_wrapped disconnected node: VSSA
Cell sky130_ef_io__gpiov2_pad_wrapped disconnected node: VSSD
Cell sky130_ef_io__gpiov2_pad_wrapped disconnected node: VSSIO
Cell sky130_ef_io__gpiov2_pad_wrapped disconnected node: VSSIO_Q
Cell sky130_ef_io__gpiov2_pad_wrapped disconnected node: VSWITCH
Cell sky130_ef_io__gpiov2_pad_wrapped disconnected node: VTRIP_SEL
Warning: Equate pins:  cell sky130_ef_io__gpiov2_pad_wrapped has no definition, treated as a black box.

Subcircuit pins:
Circuit 1: sky130_ef_io__gpiov2_pad_wrappe |Circuit 2: sky130_ef_io__gpiov2_pad_wrappe 
-------------------------------------------|-------------------------------------------
AMUXBUS_A                                  |AMUXBUS_A                                  
AMUXBUS_B                                  |AMUXBUS_B                                  
ANALOG_EN                                  |ANALOG_EN                                  
ANALOG_POL                                 |ANALOG_POL                                 
ANALOG_SEL                                 |ANALOG_SEL                                 
DM[2]                                      |DM[2]                                      
DM[1]                                      |DM[1]                                      
DM[0]                                      |DM[0]                                      
ENABLE_H                                   |ENABLE_H                                   
ENABLE_INP_H                               |ENABLE_INP_H                               
ENABLE_VDDA_H                              |ENABLE_VDDA_H                              
ENABLE_VDDIO                               |ENABLE_VDDIO                               
ENABLE_VSWITCH_H                           |ENABLE_VSWITCH_H                           
HLD_H_N                                    |HLD_H_N                                    
HLD_OVR                                    |HLD_OVR                                    
IB_MODE_SEL                                |IB_MODE_SEL                                
IN                                         |IN                                         
IN_H                                       |IN_H                                       
INP_DIS                                    |INP_DIS                                    
OE_N                                       |OE_N                                       
OUT                                        |OUT                                        
PAD                                        |PAD                                        
PAD_A_ESD_0_H                              |PAD_A_ESD_0_H                              
PAD_A_ESD_1_H                              |PAD_A_ESD_1_H                              
PAD_A_NOESD_H                              |PAD_A_NOESD_H                              
SLOW                                       |SLOW                                       
TIE_HI_ESD                                 |TIE_HI_ESD                                 
TIE_LO_ESD                                 |TIE_LO_ESD                                 
VCCD                                       |VCCD                                       
VCCHIB                                     |VCCHIB                                     
VDDA                                       |VDDA                                       
VDDIO                                      |VDDIO                                      
VDDIO_Q                                    |VDDIO_Q                                    
VSSA                                       |VSSA                                       
VSSD                                       |VSSD                                       
VSSIO                                      |VSSIO                                      
VSSIO_Q                                    |VSSIO_Q                                    
VSWITCH                                    |VSWITCH                                    
VTRIP_SEL                                  |VTRIP_SEL                                  
---------------------------------------------------------------------------------------
Cell pin lists are equivalent.
Device classes sky130_ef_io__gpiov2_pad_wrapped and sky130_ef_io__gpiov2_pad_wrapped are equivalent.

Cell sky130_fd_io__top_power_lvc_wpad disconnected node: AMUXBUS_A
Cell sky130_fd_io__top_power_lvc_wpad disconnected node: AMUXBUS_B
Cell sky130_fd_io__top_power_lvc_wpad disconnected node: P_PAD
Cell sky130_fd_io__top_power_lvc_wpad disconnected node: BDY2_B2B
Cell sky130_fd_io__top_power_lvc_wpad disconnected node: DRN_LVC1
Cell sky130_fd_io__top_power_lvc_wpad disconnected node: DRN_LVC2
Cell sky130_fd_io__top_power_lvc_wpad disconnected node: OGC_LVC
Cell sky130_fd_io__top_power_lvc_wpad disconnected node: P_CORE
Cell sky130_fd_io__top_power_lvc_wpad disconnected node: SRC_BDY_LVC1
Cell sky130_fd_io__top_power_lvc_wpad disconnected node: SRC_BDY_LVC2
Cell sky130_fd_io__top_power_lvc_wpad disconnected node: VCCD
Cell sky130_fd_io__top_power_lvc_wpad disconnected node: VCCHIB
Cell sky130_fd_io__top_power_lvc_wpad disconnected node: VDDA
Cell sky130_fd_io__top_power_lvc_wpad disconnected node: VDDIO
Cell sky130_fd_io__top_power_lvc_wpad disconnected node: VDDIO_Q
Cell sky130_fd_io__top_power_lvc_wpad disconnected node: VSSA
Cell sky130_fd_io__top_power_lvc_wpad disconnected node: VSSD
Cell sky130_fd_io__top_power_lvc_wpad disconnected node: VSSIO
Cell sky130_fd_io__top_power_lvc_wpad disconnected node: VSSIO_Q
Cell sky130_fd_io__top_power_lvc_wpad disconnected node: VSWITCH
Warning: Equate pins:  cell sky130_fd_io__top_power_lvc_wpad has no definition, treated as a black box.

Subcircuit pins:
Circuit 1: sky130_fd_io__top_power_lvc_wpa |Circuit 2: sky130_fd_io__top_power_lvc_wpa 
-------------------------------------------|-------------------------------------------
AMUXBUS_A                                  |AMUXBUS_A                                  
AMUXBUS_B                                  |AMUXBUS_B                                  
P_PAD                                      |P_PAD                                      
P_CORE                                     |P_CORE                                     
VCCD                                       |VCCD                                       
VCCHIB                                     |VCCHIB                                     
VDDA                                       |VDDA                                       
VDDIO                                      |VDDIO                                      
VDDIO_Q                                    |VDDIO_Q                                    
VSSA                                       |VSSA                                       
VSSD                                       |VSSD                                       
VSSIO                                      |VSSIO                                      
VSSIO_Q                                    |VSSIO_Q                                    
VSWITCH                                    |VSWITCH                                    
---------------------------------------------------------------------------------------
Cell pin lists are equivalent.
Device classes sky130_fd_io__top_power_lvc_wpad and sky130_fd_io__top_power_lvc_wpad are equivalent.

Cell sky130_ef_io__vccd_lvc_pad disconnected node: AMUXBUS_A
Cell sky130_ef_io__vccd_lvc_pad disconnected node: AMUXBUS_B
Cell sky130_ef_io__vccd_lvc_pad disconnected node: DRN_LVC1
Cell sky130_ef_io__vccd_lvc_pad disconnected node: DRN_LVC2
Cell sky130_ef_io__vccd_lvc_pad disconnected node: SRC_BDY_LVC1
Cell sky130_ef_io__vccd_lvc_pad disconnected node: SRC_BDY_LVC2
Cell sky130_ef_io__vccd_lvc_pad disconnected node: BDY2_B2B
Cell sky130_ef_io__vccd_lvc_pad disconnected node: VSSA
Cell sky130_ef_io__vccd_lvc_pad disconnected node: VDDA
Cell sky130_ef_io__vccd_lvc_pad disconnected node: VSWITCH
Cell sky130_ef_io__vccd_lvc_pad disconnected node: VDDIO_Q
Cell sky130_ef_io__vccd_lvc_pad disconnected node: VCCHIB
Cell sky130_ef_io__vccd_lvc_pad disconnected node: VDDIO
Cell sky130_ef_io__vccd_lvc_pad disconnected node: VCCD
Cell sky130_ef_io__vccd_lvc_pad disconnected node: VSSIO
Cell sky130_ef_io__vccd_lvc_pad disconnected node: VSSD
Cell sky130_ef_io__vccd_lvc_pad disconnected node: VSSIO_Q
Warning: Equate pins:  cell sky130_ef_io__vccd_lvc_pad has no definition, treated as a black box.

Subcircuit pins:
Circuit 1: sky130_ef_io__vccd_lvc_pad      |Circuit 2: sky130_ef_io__vccd_lvc_pad      
-------------------------------------------|-------------------------------------------
AMUXBUS_A                                  |AMUXBUS_A                                  
AMUXBUS_B                                  |AMUXBUS_B                                  
DRN_LVC1                                   |DRN_LVC1                                   
DRN_LVC2                                   |DRN_LVC2                                   
SRC_BDY_LVC1                               |SRC_BDY_LVC1                               
SRC_BDY_LVC2                               |SRC_BDY_LVC2                               
BDY2_B2B                                   |BDY2_B2B                                   
VSSA                                       |VSSA                                       
VDDA                                       |VDDA                                       
VSWITCH                                    |VSWITCH                                    
VDDIO_Q                                    |VDDIO_Q                                    
VCCHIB                                     |VCCHIB                                     
VDDIO                                      |VDDIO                                      
VSSIO                                      |VSSIO                                      
VSSD                                       |VSSD                                       
VSSIO_Q                                    |VSSIO_Q                                    
---------------------------------------------------------------------------------------
Cell pin lists are equivalent.
Device classes sky130_ef_io__vccd_lvc_pad and sky130_ef_io__vccd_lvc_pad are equivalent.

Cell sky130_ef_io__vssa_hvc_pad disconnected node: AMUXBUS_A
Cell sky130_ef_io__vssa_hvc_pad disconnected node: AMUXBUS_B
Cell sky130_ef_io__vssa_hvc_pad disconnected node: DRN_HVC
Cell sky130_ef_io__vssa_hvc_pad disconnected node: SRC_BDY_HVC
Cell sky130_ef_io__vssa_hvc_pad disconnected node: VSSA
Cell sky130_ef_io__vssa_hvc_pad disconnected node: VDDA
Cell sky130_ef_io__vssa_hvc_pad disconnected node: VSWITCH
Cell sky130_ef_io__vssa_hvc_pad disconnected node: VDDIO_Q
Cell sky130_ef_io__vssa_hvc_pad disconnected node: VCCHIB
Cell sky130_ef_io__vssa_hvc_pad disconnected node: VDDIO
Cell sky130_ef_io__vssa_hvc_pad disconnected node: VCCD
Cell sky130_ef_io__vssa_hvc_pad disconnected node: VSSIO
Cell sky130_ef_io__vssa_hvc_pad disconnected node: VSSD
Cell sky130_ef_io__vssa_hvc_pad disconnected node: VSSIO_Q
Warning: Equate pins:  cell sky130_ef_io__vssa_hvc_pad has no definition, treated as a black box.

Subcircuit pins:
Circuit 1: sky130_ef_io__vssa_hvc_pad      |Circuit 2: sky130_ef_io__vssa_hvc_pad      
-------------------------------------------|-------------------------------------------
AMUXBUS_A                                  |AMUXBUS_A                                  
AMUXBUS_B                                  |AMUXBUS_B                                  
DRN_HVC                                    |DRN_HVC                                    
SRC_BDY_HVC                                |SRC_BDY_HVC                                
VDDA                                       |VDDA                                       
VSWITCH                                    |VSWITCH                                    
VDDIO_Q                                    |VDDIO_Q                                    
VCCHIB                                     |VCCHIB                                     
VDDIO                                      |VDDIO                                      
VCCD                                       |VCCD                                       
VSSIO                                      |VSSIO                                      
VSSD                                       |VSSD                                       
VSSIO_Q                                    |VSSIO_Q                                    
---------------------------------------------------------------------------------------
Cell pin lists are equivalent.
Device classes sky130_ef_io__vssa_hvc_pad and sky130_ef_io__vssa_hvc_pad are equivalent.

Cell sky130_ef_io__vssd_lvc_pad disconnected node: AMUXBUS_A
Cell sky130_ef_io__vssd_lvc_pad disconnected node: AMUXBUS_B
Cell sky130_ef_io__vssd_lvc_pad disconnected node: DRN_LVC1
Cell sky130_ef_io__vssd_lvc_pad disconnected node: DRN_LVC2
Cell sky130_ef_io__vssd_lvc_pad disconnected node: SRC_BDY_LVC1
Cell sky130_ef_io__vssd_lvc_pad disconnected node: SRC_BDY_LVC2
Cell sky130_ef_io__vssd_lvc_pad disconnected node: BDY2_B2B
Cell sky130_ef_io__vssd_lvc_pad disconnected node: VSSA
Cell sky130_ef_io__vssd_lvc_pad disconnected node: VDDA
Cell sky130_ef_io__vssd_lvc_pad disconnected node: VSWITCH
Cell sky130_ef_io__vssd_lvc_pad disconnected node: VDDIO_Q
Cell sky130_ef_io__vssd_lvc_pad disconnected node: VCCHIB
Cell sky130_ef_io__vssd_lvc_pad disconnected node: VDDIO
Cell sky130_ef_io__vssd_lvc_pad disconnected node: VCCD
Cell sky130_ef_io__vssd_lvc_pad disconnected node: VSSIO
Cell sky130_ef_io__vssd_lvc_pad disconnected node: VSSD
Cell sky130_ef_io__vssd_lvc_pad disconnected node: VSSIO_Q
Warning: Equate pins:  cell sky130_ef_io__vssd_lvc_pad has no definition, treated as a black box.

Subcircuit pins:
Circuit 1: sky130_ef_io__vssd_lvc_pad      |Circuit 2: sky130_ef_io__vssd_lvc_pad      
-------------------------------------------|-------------------------------------------
AMUXBUS_A                                  |AMUXBUS_A                                  
AMUXBUS_B                                  |AMUXBUS_B                                  
DRN_LVC1                                   |DRN_LVC1                                   
DRN_LVC2                                   |DRN_LVC2                                   
SRC_BDY_LVC1                               |SRC_BDY_LVC1                               
SRC_BDY_LVC2                               |SRC_BDY_LVC2                               
BDY2_B2B                                   |BDY2_B2B                                   
VSSA                                       |VSSA                                       
VDDA                                       |VDDA                                       
VSWITCH                                    |VSWITCH                                    
VDDIO_Q                                    |VDDIO_Q                                    
VCCHIB                                     |VCCHIB                                     
VDDIO                                      |VDDIO                                      
VCCD                                       |VCCD                                       
VSSIO                                      |VSSIO                                      
VSSIO_Q                                    |VSSIO_Q                                    
---------------------------------------------------------------------------------------
Cell pin lists are equivalent.
Device classes sky130_ef_io__vssd_lvc_pad and sky130_ef_io__vssd_lvc_pad are equivalent.

Cell sky130_ef_io__vddio_hvc_pad disconnected node: AMUXBUS_A
Cell sky130_ef_io__vddio_hvc_pad disconnected node: AMUXBUS_B
Cell sky130_ef_io__vddio_hvc_pad disconnected node: DRN_HVC
Cell sky130_ef_io__vddio_hvc_pad disconnected node: SRC_BDY_HVC
Cell sky130_ef_io__vddio_hvc_pad disconnected node: VSSA
Cell sky130_ef_io__vddio_hvc_pad disconnected node: VDDA
Cell sky130_ef_io__vddio_hvc_pad disconnected node: VSWITCH
Cell sky130_ef_io__vddio_hvc_pad disconnected node: VDDIO_Q
Cell sky130_ef_io__vddio_hvc_pad disconnected node: VCCHIB
Cell sky130_ef_io__vddio_hvc_pad disconnected node: VDDIO
Cell sky130_ef_io__vddio_hvc_pad disconnected node: VCCD
Cell sky130_ef_io__vddio_hvc_pad disconnected node: VSSIO
Cell sky130_ef_io__vddio_hvc_pad disconnected node: VSSD
Cell sky130_ef_io__vddio_hvc_pad disconnected node: VSSIO_Q
Warning: Equate pins:  cell sky130_ef_io__vddio_hvc_pad has no definition, treated as a black box.

Subcircuit pins:
Circuit 1: sky130_ef_io__vddio_hvc_pad     |Circuit 2: sky130_ef_io__vddio_hvc_pad     
-------------------------------------------|-------------------------------------------
AMUXBUS_A                                  |AMUXBUS_A                                  
AMUXBUS_B                                  |AMUXBUS_B                                  
DRN_HVC                                    |DRN_HVC                                    
SRC_BDY_HVC                                |SRC_BDY_HVC                                
VSSA                                       |VSSA                                       
VDDA                                       |VDDA                                       
VSWITCH                                    |VSWITCH                                    
VDDIO_Q                                    |VDDIO_Q                                    
VCCHIB                                     |VCCHIB                                     
VCCD                                       |VCCD                                       
VSSIO                                      |VSSIO                                      
VSSD                                       |VSSD                                       
VSSIO_Q                                    |VSSIO_Q                                    
---------------------------------------------------------------------------------------
Cell pin lists are equivalent.
Device classes sky130_ef_io__vddio_hvc_pad and sky130_ef_io__vddio_hvc_pad are equivalent.

Cell sky130_ef_io__corner_pad disconnected node: AMUXBUS_A
Cell sky130_ef_io__corner_pad disconnected node: AMUXBUS_B
Cell sky130_ef_io__corner_pad disconnected node: VSSA
Cell sky130_ef_io__corner_pad disconnected node: VDDA
Cell sky130_ef_io__corner_pad disconnected node: VSWITCH
Cell sky130_ef_io__corner_pad disconnected node: VDDIO_Q
Cell sky130_ef_io__corner_pad disconnected node: VCCHIB
Cell sky130_ef_io__corner_pad disconnected node: VDDIO
Cell sky130_ef_io__corner_pad disconnected node: VCCD
Cell sky130_ef_io__corner_pad disconnected node: VSSIO
Cell sky130_ef_io__corner_pad disconnected node: VSSD
Cell sky130_ef_io__corner_pad disconnected node: VSSIO_Q
Warning: Equate pins:  cell sky130_ef_io__corner_pad has no definition, treated as a black box.

Subcircuit pins:
Circuit 1: sky130_ef_io__corner_pad        |Circuit 2: sky130_ef_io__corner_pad        
-------------------------------------------|-------------------------------------------
AMUXBUS_A                                  |AMUXBUS_A                                  
AMUXBUS_B                                  |AMUXBUS_B                                  
VSSA                                       |VSSA                                       
VDDA                                       |VDDA                                       
VSWITCH                                    |VSWITCH                                    
VDDIO_Q                                    |VDDIO_Q                                    
VCCHIB                                     |VCCHIB                                     
VDDIO                                      |VDDIO                                      
VCCD                                       |VCCD                                       
VSSIO                                      |VSSIO                                      
VSSD                                       |VSSD                                       
VSSIO_Q                                    |VSSIO_Q                                    
---------------------------------------------------------------------------------------
Cell pin lists are equivalent.
Device classes sky130_ef_io__corner_pad and sky130_ef_io__corner_pad are equivalent.

Cell sky130_ef_io__vdda_hvc_pad disconnected node: AMUXBUS_A
Cell sky130_ef_io__vdda_hvc_pad disconnected node: AMUXBUS_B
Cell sky130_ef_io__vdda_hvc_pad disconnected node: DRN_HVC
Cell sky130_ef_io__vdda_hvc_pad disconnected node: SRC_BDY_HVC
Cell sky130_ef_io__vdda_hvc_pad disconnected node: VSSA
Cell sky130_ef_io__vdda_hvc_pad disconnected node: VDDA
Cell sky130_ef_io__vdda_hvc_pad disconnected node: VSWITCH
Cell sky130_ef_io__vdda_hvc_pad disconnected node: VDDIO_Q
Cell sky130_ef_io__vdda_hvc_pad disconnected node: VCCHIB
Cell sky130_ef_io__vdda_hvc_pad disconnected node: VDDIO
Cell sky130_ef_io__vdda_hvc_pad disconnected node: VCCD
Cell sky130_ef_io__vdda_hvc_pad disconnected node: VSSIO
Cell sky130_ef_io__vdda_hvc_pad disconnected node: VSSD
Cell sky130_ef_io__vdda_hvc_pad disconnected node: VSSIO_Q
Warning: Equate pins:  cell sky130_ef_io__vdda_hvc_pad has no definition, treated as a black box.

Subcircuit pins:
Circuit 1: sky130_ef_io__vdda_hvc_pad      |Circuit 2: sky130_ef_io__vdda_hvc_pad      
-------------------------------------------|-------------------------------------------
AMUXBUS_A                                  |AMUXBUS_A                                  
AMUXBUS_B                                  |AMUXBUS_B                                  
DRN_HVC                                    |DRN_HVC                                    
SRC_BDY_HVC                                |SRC_BDY_HVC                                
VSSA                                       |VSSA                                       
VSWITCH                                    |VSWITCH                                    
VDDIO_Q                                    |VDDIO_Q                                    
VCCHIB                                     |VCCHIB                                     
VDDIO                                      |VDDIO                                      
VCCD                                       |VCCD                                       
VSSIO                                      |VSSIO                                      
VSSD                                       |VSSD                                       
VSSIO_Q                                    |VSSIO_Q                                    
---------------------------------------------------------------------------------------
Cell pin lists are equivalent.
Device classes sky130_ef_io__vdda_hvc_pad and sky130_ef_io__vdda_hvc_pad are equivalent.

Cell sky130_ef_io__vssio_hvc_pad disconnected node: AMUXBUS_A
Cell sky130_ef_io__vssio_hvc_pad disconnected node: AMUXBUS_B
Cell sky130_ef_io__vssio_hvc_pad disconnected node: DRN_HVC
Cell sky130_ef_io__vssio_hvc_pad disconnected node: SRC_BDY_HVC
Cell sky130_ef_io__vssio_hvc_pad disconnected node: VSSA
Cell sky130_ef_io__vssio_hvc_pad disconnected node: VDDA
Cell sky130_ef_io__vssio_hvc_pad disconnected node: VSWITCH
Cell sky130_ef_io__vssio_hvc_pad disconnected node: VDDIO_Q
Cell sky130_ef_io__vssio_hvc_pad disconnected node: VCCHIB
Cell sky130_ef_io__vssio_hvc_pad disconnected node: VDDIO
Cell sky130_ef_io__vssio_hvc_pad disconnected node: VCCD
Cell sky130_ef_io__vssio_hvc_pad disconnected node: VSSIO
Cell sky130_ef_io__vssio_hvc_pad disconnected node: VSSD
Cell sky130_ef_io__vssio_hvc_pad disconnected node: VSSIO_Q
Warning: Equate pins:  cell sky130_ef_io__vssio_hvc_pad has no definition, treated as a black box.

Subcircuit pins:
Circuit 1: sky130_ef_io__vssio_hvc_pad     |Circuit 2: sky130_ef_io__vssio_hvc_pad     
-------------------------------------------|-------------------------------------------
AMUXBUS_A                                  |AMUXBUS_A                                  
AMUXBUS_B                                  |AMUXBUS_B                                  
DRN_HVC                                    |DRN_HVC                                    
SRC_BDY_HVC                                |SRC_BDY_HVC                                
VSSA                                       |VSSA                                       
VDDA                                       |VDDA                                       
VSWITCH                                    |VSWITCH                                    
VDDIO_Q                                    |VDDIO_Q                                    
VCCHIB                                     |VCCHIB                                     
VDDIO                                      |VDDIO                                      
VCCD                                       |VCCD                                       
VSSD                                       |VSSD                                       
VSSIO_Q                                    |VSSIO_Q                                    
---------------------------------------------------------------------------------------
Cell pin lists are equivalent.
Device classes sky130_ef_io__vssio_hvc_pad and sky130_ef_io__vssio_hvc_pad are equivalent.

Cell chip_io disconnected node: vccd
Cell chip_io disconnected node: vdda
Cell chip_io disconnected node: vddio
Cell chip_io disconnected node: vssa
Cell chip_io disconnected node: vssd
Cell chip_io disconnected node: vssio

Subcircuit summary:
Circuit 1: chip_io                         |Circuit 2: chip_io                         
-------------------------------------------|-------------------------------------------
sky130_ef_io__gpiov2_pad_wrapped (8)       |sky130_ef_io__gpiov2_pad_wrapped (8)       
sky130_fd_io__top_power_lvc_wpad (3)       |sky130_fd_io__top_power_lvc_wpad (3)       
sky130_ef_io__vccd_lvc_pad (1)             |sky130_ef_io__vccd_lvc_pad (1)             
sky130_ef_io__vssa_hvc_pad (1)             |sky130_ef_io__vssa_hvc_pad (1)             
sky130_ef_io__vssd_lvc_pad (1)             |sky130_ef_io__vssd_lvc_pad (1)             
sky130_ef_io__vddio_hvc_pad (1)            |sky130_ef_io__vddio_hvc_pad (1)            
sky130_ef_io__corner_pad (4)               |sky130_ef_io__corner_pad (4)               
sky130_ef_io__vdda_hvc_pad (1)             |sky130_ef_io__vdda_hvc_pad (1)             
sky130_ef_io__vssio_hvc_pad (1)            |sky130_ef_io__vssio_hvc_pad (1)            
Number of devices: 21                      |Number of devices: 21                      
Number of nets: 122 **Mismatch**           |Number of nets: 89 **Mismatch**            
---------------------------------------------------------------------------------------
NET mismatches: Class fragments follow (with fanout counts):
Circuit 1: chip_io                         |Circuit 2: chip_io                         

---------------------------------------------------------------------------------------
Net: CLK_PAD/VSSA                          |Net: vddio_q                               
  sky130_ef_io__corner_pad/VSSA = 2        |  sky130_ef_io__gpiov2_pad_wrapped/VDDIO_Q 
  sky130_fd_io__top_power_lvc_wpad/VSSA =  |  sky130_fd_io__top_power_lvc_wpad/VDDIO_Q 
                                           |  sky130_ef_io__vccd_lvc_pad/VDDIO_Q = 1   
                                           |  sky130_ef_io__vdda_hvc_pad/VDDIO_Q = 1   
                                           |  sky130_ef_io__vddio_hvc_pad/VDDIO_Q = 1  
                                           |  sky130_ef_io__vssa_hvc_pad/VDDIO_Q = 1   
                                           |  sky130_ef_io__vssd_lvc_pad/VDDIO_Q = 1   
                                           |  sky130_ef_io__vssio_hvc_pad/VDDIO_Q = 1  
                                           |  sky130_ef_io__corner_pad/VDDIO_Q = 4     
                                           |                                           
Net: FILLER_9/VDDIO                        |Net: vssio_q                               
  sky130_fd_io__top_power_lvc_wpad/VDDIO = |  sky130_ef_io__gpiov2_pad_wrapped/VSSIO_Q 
  sky130_ef_io__corner_pad/VDDIO = 2       |  sky130_fd_io__top_power_lvc_wpad/VSSIO_Q 
                                           |  sky130_ef_io__vccd_lvc_pad/VSSIO_Q = 1   
                                           |  sky130_ef_io__vdda_hvc_pad/VSSIO_Q = 1   
                                           |  sky130_ef_io__vddio_hvc_pad/VSSIO_Q = 1  
                                           |  sky130_ef_io__vssa_hvc_pad/VSSIO_Q = 1   
                                           |  sky130_ef_io__vssd_lvc_pad/VSSIO_Q = 1   
                                           |  sky130_ef_io__vssio_hvc_pad/VSSIO_Q = 1  
                                           |  sky130_ef_io__corner_pad/VSSIO_Q = 4     
                                           |                                           
Net: VSSD_PAD/VSSA                         |Net: vssd                                  
  sky130_ef_io__vccd_lvc_pad/VSSA = 1      |  sky130_ef_io__gpiov2_pad_wrapped/ANALOG_ 
  sky130_ef_io__vssd_lvc_pad/VSSA = 1      |  sky130_ef_io__gpiov2_pad_wrapped/ANALOG_ 
  sky130_ef_io__vdda_hvc_pad/VSSA = 1      |  sky130_ef_io__gpiov2_pad_wrapped/ANALOG_ 
                                           |  sky130_ef_io__gpiov2_pad_wrapped/DM[0] = 
                                           |  sky130_ef_io__gpiov2_pad_wrapped/HLD_OVR 
                                           |  sky130_ef_io__gpiov2_pad_wrapped/IB_MODE 
                                           |  sky130_ef_io__gpiov2_pad_wrapped/INP_DIS 
                                           |  sky130_ef_io__gpiov2_pad_wrapped/OE_N =  
                                           |  sky130_ef_io__gpiov2_pad_wrapped/SLOW =  
                                           |  sky130_ef_io__gpiov2_pad_wrapped/VSSD =  
                                           |  sky130_ef_io__gpiov2_pad_wrapped/VTRIP_S 
                                           |  sky130_fd_io__top_power_lvc_wpad/VSSD =  
                                           |  sky130_ef_io__gpiov2_pad_wrapped/OUT = 6 
                                           |  sky130_ef_io__gpiov2_pad_wrapped/DM[2] = 
                                           |  sky130_ef_io__gpiov2_pad_wrapped/DM[1] = 
                                           |  sky130_ef_io__vccd_lvc_pad/SRC_BDY_LVC1  
                                           |  sky130_ef_io__vccd_lvc_pad/SRC_BDY_LVC2  
                                           |  sky130_ef_io__vccd_lvc_pad/VSSD = 1      
                                           |  sky130_ef_io__vdda_hvc_pad/VSSD = 1      
                                           |  sky130_ef_io__vddio_hvc_pad/VSSD = 1     
                                           |  sky130_ef_io__vssa_hvc_pad/VSSD = 1      
                                           |  sky130_ef_io__vssd_lvc_pad/SRC_BDY_LVC1  
                                           |  sky130_ef_io__vssd_lvc_pad/SRC_BDY_LVC2  
                                           |  sky130_ef_io__vssio_hvc_pad/VSSD = 1     
                                           |  sky130_ef_io__corner_pad/VSSD = 4        
                                           |                                           
Net: CLK_PAD/VDDA                          |Net: vccd                                  
  sky130_ef_io__vssa_hvc_pad/VDDA = 1      |  sky130_ef_io__gpiov2_pad_wrapped/DM[2] = 
  sky130_ef_io__corner_pad/VDDA = 2        |  sky130_ef_io__gpiov2_pad_wrapped/DM[1] = 
  sky130_fd_io__top_power_lvc_wpad/VDDA =  |  sky130_ef_io__gpiov2_pad_wrapped/ENABLE_ 
                                           |  sky130_ef_io__gpiov2_pad_wrapped/VCCD =  
                                           |  sky130_ef_io__gpiov2_pad_wrapped/VCCHIB  
                                           |  sky130_fd_io__top_power_lvc_wpad/VCCD =  
                                           |  sky130_fd_io__top_power_lvc_wpad/VCCHIB  
                                           |  sky130_ef_io__gpiov2_pad_wrapped/OE_N =  
                                           |  sky130_ef_io__gpiov2_pad_wrapped/DM[0] = 
                                           |  sky130_ef_io__vccd_lvc_pad/DRN_LVC1 = 1  
                                           |  sky130_ef_io__vccd_lvc_pad/DRN_LVC2 = 1  
                                           |  sky130_ef_io__vccd_lvc_pad/VCCHIB = 1    
                                           |  sky130_ef_io__vdda_hvc_pad/VCCHIB = 1    
                                           |  sky130_ef_io__vdda_hvc_pad/VCCD = 1      
                                           |  sky130_ef_io__vddio_hvc_pad/VCCHIB = 1   
                                           |  sky130_ef_io__vddio_hvc_pad/VCCD = 1     
                                           |  sky130_ef_io__vssa_hvc_pad/VCCHIB = 1    
                                           |  sky130_ef_io__vssa_hvc_pad/VCCD = 1      
                                           |  sky130_ef_io__vssd_lvc_pad/DRN_LVC1 = 1  
                                           |  sky130_ef_io__vssd_lvc_pad/DRN_LVC2 = 1  
                                           |  sky130_ef_io__vssd_lvc_pad/VCCHIB = 1    
                                           |  sky130_ef_io__vssd_lvc_pad/VCCD = 1      
                                           |  sky130_ef_io__vssio_hvc_pad/VCCHIB = 1   
                                           |  sky130_ef_io__vssio_hvc_pad/VCCD = 1     
                                           |  sky130_ef_io__corner_pad/VCCHIB = 4      
                                           |  sky130_ef_io__corner_pad/VCCD = 4        
                                           |                                           
Net: FILLER_723/VSSIO                      |Net: vssa                                  
  sky130_ef_io__gpiov2_pad_wrapped/VSSIO = |  sky130_ef_io__gpiov2_pad_wrapped/ENABLE_ 
                                           |  sky130_ef_io__gpiov2_pad_wrapped/ENABLE_ 
                                           |  sky130_ef_io__gpiov2_pad_wrapped/VSSA =  
                                           |  sky130_fd_io__top_power_lvc_wpad/VSSA =  
                                           |  sky130_ef_io__vccd_lvc_pad/VSSA = 1      
                                           |  sky130_ef_io__vdda_hvc_pad/SRC_BDY_HVC = 
                                           |  sky130_ef_io__vdda_hvc_pad/VSSA = 1      
                                           |  sky130_ef_io__vddio_hvc_pad/VSSA = 1     
                                           |  sky130_ef_io__vssa_hvc_pad/SRC_BDY_HVC = 
                                           |  sky130_ef_io__vssd_lvc_pad/VSSA = 1      
                                           |  sky130_ef_io__vssio_hvc_pad/VSSA = 1     
                                           |  sky130_ef_io__corner_pad/VSSA = 4        
                                           |                                           
Net: FILLER_9/VSSIO                        |Net: vddio                                 
  sky130_fd_io__top_power_lvc_wpad/VSSIO = |  sky130_ef_io__gpiov2_pad_wrapped/HLD_H_N 
  sky130_ef_io__vddio_hvc_pad/VSSIO = 1    |  sky130_ef_io__gpiov2_pad_wrapped/VDDIO = 
  sky130_ef_io__corner_pad/VSSIO = 2       |  sky130_ef_io__gpiov2_pad_wrapped/VSWITCH 
                                           |  sky130_fd_io__top_power_lvc_wpad/VDDIO = 
                                           |  sky130_fd_io__top_power_lvc_wpad/VSWITCH 
                                           |  sky130_ef_io__vccd_lvc_pad/VSWITCH = 1   
                                           |  sky130_ef_io__vccd_lvc_pad/VDDIO = 1     
                                           |  sky130_ef_io__vdda_hvc_pad/VSWITCH = 1   
                                           |  sky130_ef_io__vdda_hvc_pad/VDDIO = 1     
                                           |  sky130_ef_io__vddio_hvc_pad/DRN_HVC = 1  
                                           |  sky130_ef_io__vddio_hvc_pad/VSWITCH = 1  
                                           |  sky130_ef_io__vssa_hvc_pad/VSWITCH = 1   
                                           |  sky130_ef_io__vssa_hvc_pad/VDDIO = 1     
                                           |  sky130_ef_io__vssd_lvc_pad/VSWITCH = 1   
                                           |  sky130_ef_io__vssd_lvc_pad/VDDIO = 1     
                                           |  sky130_ef_io__vssio_hvc_pad/DRN_HVC = 1  
                                           |  sky130_ef_io__vssio_hvc_pad/VSWITCH = 1  
                                           |  sky130_ef_io__vssio_hvc_pad/VDDIO = 1    
                                           |  sky130_ef_io__corner_pad/VSWITCH = 4     
                                           |  sky130_ef_io__corner_pad/VDDIO = 4       
                                           |                                           
Net: VSSIO_PAD/VSSIO                       |Net: vdda                                  
  sky130_ef_io__vccd_lvc_pad/BDY2_B2B = 1  |  sky130_ef_io__gpiov2_pad_wrapped/VDDA =  
  sky130_ef_io__vssd_lvc_pad/BDY2_B2B = 1  |  sky130_fd_io__top_power_lvc_wpad/VDDA =  
  sky130_ef_io__vddio_hvc_pad/SRC_BDY_HVC  |  sky130_ef_io__vccd_lvc_pad/VDDA = 1      
  sky130_ef_io__vssio_hvc_pad/SRC_BDY_HVC  |  sky130_ef_io__vdda_hvc_pad/DRN_HVC = 1   
                                           |  sky130_ef_io__vddio_hvc_pad/VDDA = 1     
                                           |  sky130_ef_io__vssa_hvc_pad/DRN_HVC = 1   
                                           |  sky130_ef_io__vssa_hvc_pad/VDDA = 1      
                                           |  sky130_ef_io__vssd_lvc_pad/VDDA = 1      
                                           |  sky130_ef_io__vssio_hvc_pad/VDDA = 1     
                                           |  sky130_ef_io__corner_pad/VDDA = 4        
                                           |                                           
Net: CLK_PAD/VSWITCH                       |Net: vssio                                 
  sky130_ef_io__vccd_lvc_pad/VSWITCH = 1   |  sky130_ef_io__gpiov2_pad_wrapped/VSSIO = 
  sky130_ef_io__vssa_hvc_pad/VSWITCH = 1   |  sky130_fd_io__top_power_lvc_wpad/VSSIO = 
  sky130_ef_io__vssd_lvc_pad/VSWITCH = 1   |  sky130_ef_io__vccd_lvc_pad/BDY2_B2B = 1  
  sky130_ef_io__corner_pad/VSWITCH = 2     |  sky130_ef_io__vccd_lvc_pad/VSSIO = 1     
  sky130_ef_io__vdda_hvc_pad/VSWITCH = 1   |  sky130_ef_io__vdda_hvc_pad/VSSIO = 1     
  sky130_fd_io__top_power_lvc_wpad/VSWITCH |  sky130_ef_io__vddio_hvc_pad/SRC_BDY_HVC  
                                           |  sky130_ef_io__vddio_hvc_pad/VSSIO = 1    
                                           |  sky130_ef_io__vssa_hvc_pad/VSSIO = 1     
                                           |  sky130_ef_io__vssd_lvc_pad/BDY2_B2B = 1  
                                           |  sky130_ef_io__vssd_lvc_pad/VSSIO = 1     
                                           |  sky130_ef_io__vssio_hvc_pad/SRC_BDY_HVC  
                                           |  sky130_ef_io__corner_pad/VSSIO = 4       
                                           |                                           
Net: CLK_PAD/VDDIO_Q                       |(no matching net)                          
  sky130_ef_io__vccd_lvc_pad/VDDIO_Q = 1   |                                           
  sky130_ef_io__vssa_hvc_pad/VDDIO_Q = 1   |                                           
  sky130_ef_io__vssd_lvc_pad/VDDIO_Q = 1   |                                           
  sky130_ef_io__corner_pad/VDDIO_Q = 2     |                                           
  sky130_ef_io__vdda_hvc_pad/VDDIO_Q = 1   |                                           
  sky130_fd_io__top_power_lvc_wpad/VDDIO_Q |                                           
                                           |                                           
Net: CLK_PAD/VCCHIB                        |(no matching net)                          
  sky130_ef_io__vccd_lvc_pad/VCCHIB = 1    |                                           
  sky130_ef_io__vssa_hvc_pad/VCCHIB = 1    |                                           
  sky130_ef_io__vssd_lvc_pad/VCCHIB = 1    |                                           
  sky130_ef_io__corner_pad/VCCHIB = 2      |                                           
  sky130_ef_io__vdda_hvc_pad/VCCHIB = 1    |                                           
  sky130_fd_io__top_power_lvc_wpad/VCCHIB  |                                           
                                           |                                           
Net: CLK_PAD/VDDIO                         |(no matching net)                          
  sky130_ef_io__vccd_lvc_pad/VDDIO = 1     |                                           
  sky130_ef_io__vssa_hvc_pad/VDDIO = 1     |                                           
  sky130_ef_io__vssd_lvc_pad/VDDIO = 1     |                                           
  sky130_ef_io__corner_pad/VDDIO = 2       |                                           
  sky130_ef_io__vdda_hvc_pad/VDDIO = 1     |                                           
  sky130_fd_io__top_power_lvc_wpad/VDDIO = |                                           
                                           |                                           
Net: CLK_PAD/VSSIO                         |(no matching net)                          
  sky130_ef_io__vccd_lvc_pad/VSSIO = 1     |                                           
  sky130_ef_io__vssa_hvc_pad/VSSIO = 1     |                                           
  sky130_ef_io__vssd_lvc_pad/VSSIO = 1     |                                           
  sky130_ef_io__corner_pad/VSSIO = 2       |                                           
  sky130_ef_io__vdda_hvc_pad/VSSIO = 1     |                                           
  sky130_fd_io__top_power_lvc_wpad/VSSIO = |                                           
                                           |                                           
Net: CLK_PAD/VSSIO_Q                       |(no matching net)                          
  sky130_ef_io__vccd_lvc_pad/VSSIO_Q = 1   |                                           
  sky130_ef_io__vssa_hvc_pad/VSSIO_Q = 1   |                                           
  sky130_ef_io__vssd_lvc_pad/VSSIO_Q = 1   |                                           
  sky130_ef_io__corner_pad/VSSIO_Q = 2     |                                           
  sky130_ef_io__vdda_hvc_pad/VSSIO_Q = 1   |                                           
  sky130_fd_io__top_power_lvc_wpad/VSSIO_Q |                                           
                                           |                                           
Net: CLK_PAD/VCCD                          |(no matching net)                          
  sky130_ef_io__vssa_hvc_pad/VCCD = 1      |                                           
  sky130_ef_io__vssd_lvc_pad/VCCD = 1      |                                           
  sky130_ef_io__corner_pad/VCCD = 2        |                                           
  sky130_ef_io__vdda_hvc_pad/VCCD = 1      |                                           
  sky130_fd_io__top_power_lvc_wpad/VCCD =  |                                           
                                           |                                           
Net: CLK_PAD/VSSD                          |(no matching net)                          
  sky130_ef_io__vssa_hvc_pad/VSSD = 1      |                                           
  sky130_ef_io__corner_pad/VSSD = 2        |                                           
  sky130_ef_io__vdda_hvc_pad/VSSD = 1      |                                           
  sky130_fd_io__top_power_lvc_wpad/VSSD =  |                                           
                                           |                                           
Net: VSSIO_PAD/VDDIO                       |(no matching net)                          
  sky130_ef_io__gpiov2_pad_wrapped/VDDIO = |                                           
  sky130_ef_io__vssio_hvc_pad/VDDIO = 1    |                                           
                                           |                                           
Net: B_CP_PAD/VCCD                         |(no matching net)                          
  sky130_ef_io__gpiov2_pad_wrapped/VCCD =  |                                           
  sky130_fd_io__top_power_lvc_wpad/VCCD =  |                                           
                                           |                                           
Net: B_CP_PAD/VCCHIB                       |(no matching net)                          
  sky130_ef_io__gpiov2_pad_wrapped/VCCHIB  |                                           
  sky130_fd_io__top_power_lvc_wpad/VCCHIB  |                                           
                                           |                                           
Net: B_CP_PAD/VDDA                         |(no matching net)                          
  sky130_ef_io__gpiov2_pad_wrapped/VDDA =  |                                           
  sky130_fd_io__top_power_lvc_wpad/VDDA =  |                                           
                                           |                                           
Net: B_CP_PAD/VDDIO                        |(no matching net)                          
  sky130_ef_io__gpiov2_pad_wrapped/VDDIO = |                                           
  sky130_fd_io__top_power_lvc_wpad/VDDIO = |                                           
                                           |                                           
Net: B_CP_PAD/VDDIO_Q                      |(no matching net)                          
  sky130_ef_io__gpiov2_pad_wrapped/VDDIO_Q |                                           
  sky130_fd_io__top_power_lvc_wpad/VDDIO_Q |                                           
                                           |                                           
Net: B_CP_PAD/VSSA                         |(no matching net)                          
  sky130_ef_io__gpiov2_pad_wrapped/VSSA =  |                                           
  sky130_fd_io__top_power_lvc_wpad/VSSA =  |                                           
                                           |                                           
Net: B_CP_PAD/VSSD                         |(no matching net)                          
  sky130_ef_io__gpiov2_pad_wrapped/VSSD =  |                                           
  sky130_fd_io__top_power_lvc_wpad/VSSD =  |                                           
                                           |                                           
Net: B_CP_PAD/VSSIO                        |(no matching net)                          
  sky130_ef_io__gpiov2_pad_wrapped/VSSIO = |                                           
  sky130_fd_io__top_power_lvc_wpad/VSSIO = |                                           
                                           |                                           
Net: B_CP_PAD/VSSIO_Q                      |(no matching net)                          
  sky130_ef_io__gpiov2_pad_wrapped/VSSIO_Q |                                           
  sky130_fd_io__top_power_lvc_wpad/VSSIO_Q |                                           
                                           |                                           
Net: B_CP_PAD/VSWITCH                      |(no matching net)                          
  sky130_ef_io__gpiov2_pad_wrapped/VSWITCH |                                           
  sky130_fd_io__top_power_lvc_wpad/VSWITCH |                                           
                                           |                                           
Net: FILLER_9/VSSA                         |(no matching net)                          
  sky130_ef_io__gpiov2_pad_wrapped/VSSA =  |                                           
  sky130_fd_io__top_power_lvc_wpad/VSSA =  |                                           
  sky130_ef_io__vddio_hvc_pad/VSSA = 1     |                                           
  sky130_ef_io__corner_pad/VSSA = 2        |                                           
  sky130_ef_io__vssio_hvc_pad/VSSA = 1     |                                           
                                           |                                           
Net: FILLER_9/VDDA                         |(no matching net)                          
  sky130_ef_io__gpiov2_pad_wrapped/VDDA =  |                                           
  sky130_fd_io__top_power_lvc_wpad/VDDA =  |                                           
  sky130_ef_io__vddio_hvc_pad/VDDA = 1     |                                           
  sky130_ef_io__corner_pad/VDDA = 2        |                                           
  sky130_ef_io__vssio_hvc_pad/VDDA = 1     |                                           
                                           |                                           
Net: FILLER_9/VSWITCH                      |(no matching net)                          
  sky130_ef_io__gpiov2_pad_wrapped/VSWITCH |                                           
  sky130_fd_io__top_power_lvc_wpad/VSWITCH |                                           
  sky130_ef_io__vddio_hvc_pad/VSWITCH = 1  |                                           
  sky130_ef_io__corner_pad/VSWITCH = 2     |                                           
  sky130_ef_io__vssio_hvc_pad/VSWITCH = 1  |                                           
                                           |                                           
Net: FILLER_9/VDDIO_Q                      |(no matching net)                          
  sky130_ef_io__gpiov2_pad_wrapped/VDDIO_Q |                                           
  sky130_fd_io__top_power_lvc_wpad/VDDIO_Q |                                           
  sky130_ef_io__vddio_hvc_pad/VDDIO_Q = 1  |                                           
  sky130_ef_io__corner_pad/VDDIO_Q = 2     |                                           
  sky130_ef_io__vssio_hvc_pad/VDDIO_Q = 1  |                                           
                                           |                                           
Net: FILLER_9/VCCHIB                       |(no matching net)                          
  sky130_ef_io__gpiov2_pad_wrapped/VCCHIB  |                                           
  sky130_fd_io__top_power_lvc_wpad/VCCHIB  |                                           
  sky130_ef_io__vddio_hvc_pad/VCCHIB = 1   |                                           
  sky130_ef_io__corner_pad/VCCHIB = 2      |                                           
  sky130_ef_io__vssio_hvc_pad/VCCHIB = 1   |                                           
                                           |                                           
Net: FILLER_9/VCCD                         |(no matching net)                          
  sky130_ef_io__gpiov2_pad_wrapped/VCCD =  |                                           
  sky130_fd_io__top_power_lvc_wpad/VCCD =  |                                           
  sky130_ef_io__vddio_hvc_pad/VCCD = 1     |                                           
  sky130_ef_io__corner_pad/VCCD = 2        |                                           
  sky130_ef_io__vssio_hvc_pad/VCCD = 1     |                                           
                                           |                                           
Net: FILLER_9/VSSD                         |(no matching net)                          
  sky130_ef_io__gpiov2_pad_wrapped/VSSD =  |                                           
  sky130_fd_io__top_power_lvc_wpad/VSSD =  |                                           
  sky130_ef_io__vddio_hvc_pad/VSSD = 1     |                                           
  sky130_ef_io__corner_pad/VSSD = 2        |                                           
  sky130_ef_io__vssio_hvc_pad/VSSD = 1     |                                           
                                           |                                           
Net: FILLER_9/VSSIO_Q                      |(no matching net)                          
  sky130_ef_io__gpiov2_pad_wrapped/VSSIO_Q |                                           
  sky130_fd_io__top_power_lvc_wpad/VSSIO_Q |                                           
  sky130_ef_io__vddio_hvc_pad/VSSIO_Q = 1  |                                           
  sky130_ef_io__corner_pad/VSSIO_Q = 2     |                                           
  sky130_ef_io__vssio_hvc_pad/VSSIO_Q = 1  |                                           
                                           |                                           
Net: VSSD_PAD/VDDA                         |(no matching net)                          
  sky130_ef_io__vccd_lvc_pad/VDDA = 1      |                                           
  sky130_ef_io__vssd_lvc_pad/VDDA = 1      |                                           
                                           |                                           
Net: VDDA_PAD/VDDA                         |(no matching net)                          
  sky130_ef_io__vssa_hvc_pad/DRN_HVC = 1   |                                           
  sky130_ef_io__vdda_hvc_pad/DRN_HVC = 1   |                                           
                                           |                                           
Net: B_CP_PAD/SLOW                         |(no matching net)                          
  sky130_ef_io__gpiov2_pad_wrapped/ANALOG_ |                                           
  sky130_ef_io__gpiov2_pad_wrapped/ANALOG_ |                                           
  sky130_ef_io__gpiov2_pad_wrapped/ANALOG_ |                                           
  sky130_ef_io__gpiov2_pad_wrapped/HLD_OVR |                                           
  sky130_ef_io__gpiov2_pad_wrapped/IB_MODE |                                           
  sky130_ef_io__gpiov2_pad_wrapped/INP_DIS |                                           
  sky130_ef_io__gpiov2_pad_wrapped/OUT = 6 |                                           
  sky130_ef_io__gpiov2_pad_wrapped/SLOW =  |                                           
  sky130_ef_io__gpiov2_pad_wrapped/VTRIP_S |                                           
  sky130_ef_io__vccd_lvc_pad/SRC_BDY_LVC1  |                                           
  sky130_ef_io__vccd_lvc_pad/SRC_BDY_LVC2  |                                           
  sky130_ef_io__gpiov2_pad_wrapped/DM[2] = |                                           
  sky130_ef_io__gpiov2_pad_wrapped/DM[1] = |                                           
  sky130_ef_io__vssd_lvc_pad/SRC_BDY_LVC1  |                                           
  sky130_ef_io__vssd_lvc_pad/SRC_BDY_LVC2  |                                           
  sky130_ef_io__gpiov2_pad_wrapped/DM[0] = |                                           
  sky130_ef_io__gpiov2_pad_wrapped/OE_N =  |                                           
                                           |                                           
Net: VCCD_PAD/VSSD                         |(no matching net)                          
  sky130_ef_io__vccd_lvc_pad/VSSD = 1      |                                           
                                           |                                           
Net: VSSA_PAD/VSSA                         |(no matching net)                          
  sky130_ef_io__gpiov2_pad_wrapped/ENABLE_ |                                           
  sky130_ef_io__gpiov2_pad_wrapped/ENABLE_ |                                           
  sky130_ef_io__vssa_hvc_pad/SRC_BDY_HVC = |                                           
  sky130_ef_io__vdda_hvc_pad/SRC_BDY_HVC = |                                           
                                           |                                           
Net: VCCD_PAD/VCCD                         |(no matching net)                          
  sky130_ef_io__gpiov2_pad_wrapped/ENABLE_ |                                           
  sky130_ef_io__gpiov2_pad_wrapped/OE_N =  |                                           
  sky130_ef_io__vccd_lvc_pad/DRN_LVC1 = 1  |                                           
  sky130_ef_io__vccd_lvc_pad/DRN_LVC2 = 1  |                                           
  sky130_ef_io__gpiov2_pad_wrapped/DM[0] = |                                           
  sky130_ef_io__vssd_lvc_pad/DRN_LVC1 = 1  |                                           
  sky130_ef_io__vssd_lvc_pad/DRN_LVC2 = 1  |                                           
  sky130_ef_io__gpiov2_pad_wrapped/DM[2] = |                                           
  sky130_ef_io__gpiov2_pad_wrapped/DM[1] = |                                           
                                           |                                           
Net: VDDIO_PAD/VDDIO                       |(no matching net)                          
  sky130_ef_io__gpiov2_pad_wrapped/HLD_H_N |                                           
  sky130_ef_io__vddio_hvc_pad/DRN_HVC = 1  |                                           
  sky130_ef_io__vssio_hvc_pad/DRN_HVC = 1  |                                           
---------------------------------------------------------------------------------------
Netlists do not match.
Netlists do not match.
