
Magic 8.3 revision 92 - Compiled on Sat Dec  5 17:44:54 UTC 2020.
Starting magic under Tcl interpreter
Using the terminal as the console.
Using NULL graphics device.
Processing system .magicrc file
Sourcing design .magicrc for technology sky130A ...
2 Magic internal units = 1 Lambda
/home/roshan/Desktop/vsdflow/work/tools/openlane_working_dir/pdks/open_pdks/sky130/sky130A/libs.tech/magic/current/sky130A.tech: line 19: section version:
	Badly formed version line
Usage: {version text}|{description text}
/home/roshan/Desktop/vsdflow/work/tools/openlane_working_dir/pdks/open_pdks/sky130/sky130A/libs.tech/magic/current/sky130A.tech: line 757: section cifoutput:
	Unknown statement "mask-hints".
/home/roshan/Desktop/vsdflow/work/tools/openlane_working_dir/pdks/open_pdks/sky130/sky130A/libs.tech/magic/current/sky130A.tech: line 769: section cifoutput:
	Unknown statement "mask-hints".
/home/roshan/Desktop/vsdflow/work/tools/openlane_working_dir/pdks/open_pdks/sky130/sky130A/libs.tech/magic/current/sky130A.tech: line 961: section cifoutput:
	Unknown statement "mask-hints".
/home/roshan/Desktop/vsdflow/work/tools/openlane_working_dir/pdks/open_pdks/sky130/sky130A/libs.tech/magic/current/sky130A.tech: line 1003: section cifoutput:
	Unknown statement "mask-hints".
Input style sky130: scaleFactor=2, multiplier=2
The following sections of /home/roshan/Desktop/vsdflow/work/tools/openlane_working_dir/pdks/open_pdks/sky130/sky130A/libs.tech/magic/current/sky130A.tech contained errors:
    version
Loading sky130A Device Generator Menu ...
Scaled tech values by 2 / 1 to match internal grid scaling
