Fri Dec 25 02:55:28 UTC 2020 - Executing "/openLANE_flow/scripts/mergeLef.py -i /home/roshan/Desktop/vsdflow/work/tools/openlane_working_dir/pdks/open_pdks/sky130/sky130A/libs.ref/sky130_fd_sc_hd/techlef/sky130_fd_sc_hd.tlef {/home/roshan/Desktop/vsdflow/work/tools/openlane_working_dir/pdks/open_pdks/sky130/sky130A/libs.ref/sky130_fd_sc_hd/lef/sky130_ef_sc_hd__fakediode_2.lef /home/roshan/Desktop/vsdflow/work/tools/openlane_working_dir/pdks/open_pdks/sky130/sky130A/libs.ref/sky130_fd_sc_hd/lef/sky130_fd_sc_hd.lef} -o /openLANE_flow/designs/chip_io/runs/25-12_02-55/tmp/merged_unpadded.lef |& tee >&@stdout"

Fri Dec 25 02:55:28 UTC 2020 - Executing "/openLANE_flow/scripts/mergeLef.py -i /openLANE_flow/designs/chip_io/runs/25-12_02-55/tmp/merged_unpadded.lef /openLANE_flow/designs/chip_io/src/lef/sky130_fd_io.lef /openLANE_flow/designs/chip_io/src/lef/sky130_ef_io.lef -o /openLANE_flow/designs/chip_io/runs/25-12_02-55/tmp/merged_unpadded.lef |& tee >&@stdout"

Fri Dec 25 02:55:28 UTC 2020 - Executing "/openLANE_flow/scripts/mergeLef.py -i /openLANE_flow/designs/chip_io/runs/25-12_02-55/tmp/merged.lef.old /home/roshan/Desktop/vsdflow/work/tools/openlane_working_dir/pdks/open_pdks/sky130/sky130A/libs.ref/sky130_fd_io/lef/sky130_fd_io.lef /home/roshan/Desktop/vsdflow/work/tools/openlane_working_dir/pdks/open_pdks/sky130/sky130A/libs.ref/sky130_fd_io/lef/sky130_ef_io.lef -o /openLANE_flow/designs/chip_io/runs/25-12_02-55/tmp/merged.lef"

Fri Dec 25 02:55:28 UTC 2020 - Executing "/openLANE_flow/scripts/mergeLef.py -i /openLANE_flow/designs/chip_io/runs/25-12_02-55/tmp/merged_unpadded.lef.old /home/roshan/Desktop/vsdflow/work/tools/openlane_working_dir/pdks/open_pdks/sky130/sky130A/libs.ref/sky130_fd_io/lef/sky130_fd_io.lef /home/roshan/Desktop/vsdflow/work/tools/openlane_working_dir/pdks/open_pdks/sky130/sky130A/libs.ref/sky130_fd_io/lef/sky130_ef_io.lef -o /openLANE_flow/designs/chip_io/runs/25-12_02-55/tmp/merged_unpadded.lef"

Fri Dec 25 02:55:29 UTC 2020 - Executing "/openLANE_flow/scripts/libtrim.pl /home/roshan/Desktop/vsdflow/work/tools/openlane_working_dir/pdks/open_pdks/sky130/sky130A/libs.ref/sky130_fd_sc_hd/lib/sky130_fd_sc_hd__tt_025C_1v80.lib /home/roshan/Desktop/vsdflow/work/tools/openlane_working_dir/pdks/open_pdks/sky130/sky130A/libs.tech/openlane/sky130_fd_sc_hd/no_synth.cells > /openLANE_flow/designs/chip_io/runs/25-12_02-55/tmp/trimmed.lib"

Fri Dec 25 02:55:29 UTC 2020 - Executing "yosys -c /openLANE_flow/scripts/synth.tcl -l /openLANE_flow/designs/chip_io/runs/25-12_02-55/logs/synthesis/yosys.log |& tee >&@stdout"

Fri Dec 25 02:55:29 UTC 2020 - Executing "sed -i -e {s/\(set ::env(CURRENT_NETLIST)\).*/\1 \/openLANE_flow\/designs\/chip_io\/runs\/25-12_02-55\/results\/synthesis\/chip_io.synthesis.v/} /openLANE_flow/designs/chip_io/runs/25-12_02-55/config.tcl"

Fri Dec 25 02:55:29 UTC 2020 - Executing "sed -i -e {s/\(set ::env(PREV_NETLIST)\).*/\1 0/} /openLANE_flow/designs/chip_io/runs/25-12_02-55/config.tcl"

Fri Dec 25 02:55:29 UTC 2020 - Executing "sed -ie /defparam/d /openLANE_flow/designs/chip_io/runs/25-12_02-55/results/synthesis/chip_io.synthesis.v"

Fri Dec 25 02:55:29 UTC 2020 - Executing "sta /openLANE_flow/scripts/sta.tcl |& tee >&@stdout /openLANE_flow/designs/chip_io/runs/25-12_02-55/logs/synthesis/opensta.log"

Fri Dec 25 02:55:31 UTC 2020 - Executing "openroad -exit /openLANE_flow/scripts/openroad/or_floorplan.tcl |& tee >&@stdout /openLANE_flow/designs/chip_io/runs/25-12_02-55/logs/floorplan/verilog2def.openroad.log"

Fri Dec 25 02:55:31 UTC 2020 - Executing "openroad -exit /openLANE_flow/scripts/openroad/or_ioplacer.tcl |& tee >&@stdout /openLANE_flow/designs/chip_io/runs/25-12_02-55/logs/floorplan/ioPlacer.log"

Fri Dec 25 02:55:32 UTC 2020 - Executing "openroad -exit /openLANE_flow/scripts/openroad/or_replace.tcl |& tee >&@stdout /openLANE_flow/designs/chip_io/runs/25-12_02-55/logs/placement/replace.log"

Fri Dec 25 02:56:00 UTC 2020 - Executing "sed -i -e {s/\(set ::env(CURRENT_NETLIST)\).*/\1 \/openLANE_flow\/designs\/chip_io\/runs\/25-12_02-55\/results\/synthesis\/chip_io.synthesis.v/} /openLANE_flow/designs/chip_io/runs/25-12_02-55/config.tcl"

Fri Dec 25 02:56:00 UTC 2020 - Executing "sed -i -e {s/\(set ::env(PREV_NETLIST)\).*/\1 \/openLANE_flow\/designs\/chip_io\/runs\/25-12_02-55\/results\/synthesis\/chip_io.synthesis.v/} /openLANE_flow/designs/chip_io/runs/25-12_02-55/config.tcl"

Fri Dec 25 02:56:00 UTC 2020 - Executing "sed -ie /defparam/d /openLANE_flow/designs/chip_io/runs/25-12_02-55/results/synthesis/chip_io.synthesis.v"

Fri Dec 25 02:56:00 UTC 2020 - Executing "sta /openLANE_flow/scripts/sta.tcl |& tee >&@stdout /openLANE_flow/designs/chip_io/runs/25-12_02-55/logs/synthesis/opensta.log"

Fri Dec 25 02:56:01 UTC 2020 - Executing "openroad -exit /openLANE_flow/scripts/openroad/or_floorplan.tcl |& tee >&@stdout /openLANE_flow/designs/chip_io/runs/25-12_02-55/logs/floorplan/verilog2def.openroad.log"

Fri Dec 25 02:56:02 UTC 2020 - Executing "openroad -exit /openLANE_flow/scripts/openroad/or_ioplacer.tcl |& tee >&@stdout /openLANE_flow/designs/chip_io/runs/25-12_02-55/logs/floorplan/ioPlacer.log"

Fri Dec 25 02:56:03 UTC 2020 - Executing "openroad -exit /openLANE_flow/scripts/openroad/or_replace.tcl |& tee >&@stdout /openLANE_flow/designs/chip_io/runs/25-12_02-55/logs/placement/replace.log"

