OpenROAD 0.9.0 d03ebfc244
This program is licensed under the BSD-3 license. See the LICENSE file for details. 
Components of this program may be licensed under more restrictive licenses which must be honored.
Error: cannot open '/.openroad'.
Warning: /home/roshan/Desktop/vsdflow/work/tools/openlane_working_dir/pdks/sky130A/libs.ref/sky130_fd_sc_hvl/lib/sky130_fd_sc_hvl__tt_025C_3v30.lib, line 35 default_operating_condition tt_025C_3v30 not found.
Warning: /home/roshan/Desktop/vsdflow/work/tools/openlane_working_dir/pdks/sky130A/libs.ref/sky130_fd_sc_hvl/lib/sky130_fd_sc_hvl__tt_025C_3v30_lv1v80.lib, line 31 default_operating_condition tt_025C_3v30_lv1v80 not found.
Notice 0: Reading LEF file:  /openLANE_flow/designs/vsdPLLSoC/runs/vsdPLLSoC/tmp/merged_unpadded.lef
Notice 0: warning: macro avsdpll_1v8 references unkown site unithddb1
Notice 0:     Created 13 technology layers
Notice 0:     Created 25 technology vias
Notice 0:     Created 73 library cells
Notice 0: Finished LEF file:  /openLANE_flow/designs/vsdPLLSoC/runs/vsdPLLSoC/tmp/merged_unpadded.lef
Notice 0: 
Reading DEF file: /openLANE_flow/designs/vsdPLLSoC/runs/vsdPLLSoC/tmp/floorplan/verilog2def_openroad.def.macro_placement.def
Notice 0: Design: vsdPLLSoC
Notice 0:     Created 4 components and 44 component-terminals.
Notice 0:     Created 6 nets and 12 connections.
Notice 0: Finished DEF file: /openLANE_flow/designs/vsdPLLSoC/runs/vsdPLLSoC/tmp/floorplan/verilog2def_openroad.def.macro_placement.def
[PARAMS] Min routing layer: 2
[PARAMS] Max routing layer: 5
[PARAMS] Global adjustment: 0
[PARAMS] Unidirectional routing: 1
[PARAMS] Grid origin: (-1, -1)
[INFO] #DB Obstructions: 0
[WARNING] Found obstacle outside die area in instance obs_li1
[WARNING] Found obstacle outside die area in instance PADFRAME
[WARNING] Found obstacle outside die area in instance PADFRAME
[WARNING] Found obstacle outside die area in instance PADFRAME
[WARNING] Found obstacle outside die area in instance PADFRAME
[WARNING] Found obstacle outside die area in instance PADFRAME
[WARNING] Found obstacle outside die area in instance PADFRAME
[WARNING] Found obstacle outside die area in instance PADFRAME
[WARNING] Found obstacle outside die area in instance PADFRAME
[WARNING] Found obstacle outside die area in instance PADFRAME
[WARNING] Found obstacle outside die area in instance PADFRAME
[WARNING] Found obstacle outside die area in instance PADFRAME
[WARNING] Found obstacle outside die area in instance PADFRAME
[WARNING] Found obstacle outside die area in instance PADFRAME
[WARNING] Found obstacle outside die area in instance PADFRAME
[WARNING] Found obstacle outside die area in instance PADFRAME
[WARNING] Found obstacle outside die area in instance PADFRAME
[WARNING] Found obstacle outside die area in instance PADFRAME
[WARNING] Found obstacle outside die area in instance PADFRAME
[WARNING] Found obstacle outside die area in instance PADFRAME
[WARNING] Found obstacle outside die area in instance PADFRAME
[WARNING] Found obstacle outside die area in instance PADFRAME
[WARNING] Found obstacle outside die area in instance PADFRAME
[WARNING] Found obstacle outside die area in instance PADFRAME
[WARNING] Found obstacle outside die area in instance PADFRAME
[WARNING] Found obstacle outside die area in instance PADFRAME
[WARNING] Found obstacle outside die area in instance PADFRAME
[WARNING] Found obstacle outside die area in instance PADFRAME
[WARNING] Found obstacle outside die area in instance PADFRAME
[WARNING] Found obstacle outside die area in instance PADFRAME
[WARNING] Found obstacle outside die area in instance PADFRAME
[WARNING] Found obstacle outside die area in instance PADFRAME
[WARNING] Found obstacle outside die area in instance PADFRAME
[WARNING] Found obstacle outside die area in instance PADFRAME
[WARNING] Found obstacle outside die area in instance PADFRAME
[WARNING] Found obstacle outside die area in instance PADFRAME
[WARNING] Found obstacle outside die area in instance PADFRAME
[WARNING] Found obstacle outside die area in instance PADFRAME
[WARNING] Found obstacle outside die area in instance PADFRAME
[WARNING] Found obstacle outside die area in instance PADFRAME
[WARNING] Found obstacle outside die area in instance PADFRAME
[WARNING] Found obstacle outside die area in instance PADFRAME
[WARNING] Found obstacle outside die area in instance PADFRAME
[WARNING] Found obstacle outside die area in instance PADFRAME
[WARNING] Found obstacle outside die area in instance PADFRAME
[WARNING] Found obstacle outside die area in instance PADFRAME
[WARNING] Found obstacle outside die area in instance PADFRAME
[WARNING] Found obstacle outside die area in instance PADFRAME
[WARNING] Found obstacle outside die area in instance PADFRAME
[WARNING] Found obstacle outside die area in instance PADFRAME
[WARNING] Found obstacle outside die area in instance PADFRAME
[WARNING] Found obstacle outside die area in instance PADFRAME
[WARNING] Found obstacle outside die area in instance PADFRAME
[WARNING] Found obstacle outside die area in instance PADFRAME
[WARNING] Found obstacle outside die area in instance PADFRAME
[WARNING] Found obstacle outside die area in instance PADFRAME
[WARNING] Found obstacle outside die area in instance PADFRAME
[WARNING] Found obstacle outside die area in instance PADFRAME
[WARNING] Found obstacle outside die area in instance PADFRAME
[WARNING] Found obstacle outside die area in instance PADFRAME
[WARNING] Found obstacle outside die area in instance PADFRAME
[WARNING] Found obstacle outside die area in instance PADFRAME
[WARNING] Found obstacle outside die area in instance PADFRAME
[WARNING] Found obstacle outside die area in instance PADFRAME
[WARNING] Found obstacle outside die area in instance PADFRAME
[WARNING] Found obstacle outside die area in instance PADFRAME
[WARNING] Found obstacle outside die area in instance PADFRAME
[WARNING] Found obstacle outside die area in instance PADFRAME
[WARNING] Found obstacle outside die area in instance PADFRAME
[WARNING] Found obstacle outside die area in instance PADFRAME
[WARNING] Found obstacle outside die area in instance PADFRAME
[WARNING] Found obstacle outside die area in instance PADFRAME
[WARNING] Found obstacle outside die area in instance PADFRAME
[WARNING] Found obstacle outside die area in instance PADFRAME
[WARNING] Found obstacle outside die area in instance PADFRAME
[WARNING] Found obstacle outside die area in instance PADFRAME
[WARNING] Found obstacle outside die area in instance PADFRAME
[WARNING] Found obstacle outside die area in instance PADFRAME
[WARNING] Found obstacle outside die area in instance PADFRAME
[WARNING] Found obstacle outside die area in instance PADFRAME
[WARNING] Found obstacle outside die area in instance PADFRAME
[WARNING] Found obstacle outside die area in instance PADFRAME
[WARNING] Found obstacle outside die area in instance PADFRAME
[WARNING] Found obstacle outside die area in instance PADFRAME
[WARNING] Found obstacle outside die area in instance PADFRAME
[WARNING] Found obstacle outside die area in instance PADFRAME
[WARNING] Found obstacle outside die area in instance PADFRAME
[WARNING] Found obstacle outside die area in instance PADFRAME
[WARNING] Found obstacle outside die area in instance PADFRAME
[WARNING] Found obstacle outside die area in instance PADFRAME
[WARNING] Found obstacle outside die area in instance PADFRAME
[WARNING] Found obstacle outside die area in instance PADFRAME
[WARNING] Found obstacle outside die area in instance PADFRAME
[WARNING] Found obstacle outside die area in instance PADFRAME
[WARNING] Found obstacle outside die area in instance PADFRAME
[WARNING] Found obstacle outside die area in instance PADFRAME
[WARNING] Found obstacle outside die area in instance PADFRAME
[WARNING] Found obstacle outside die area in instance PADFRAME
[WARNING] Found obstacle outside die area in instance PADFRAME
[WARNING] Found obstacle outside die area in instance PADFRAME
[WARNING] Found obstacle outside die area in instance PADFRAME
[WARNING] Found obstacle outside die area in instance PADFRAME
[WARNING] Found obstacle outside die area in instance PADFRAME
[WARNING] Found obstacle outside die area in instance PADFRAME
[WARNING] Found obstacle outside die area in instance PADFRAME
[WARNING] Found obstacle outside die area in instance PADFRAME
[WARNING] Found obstacle outside die area in instance PADFRAME
[WARNING] Found obstacle outside die area in instance PADFRAME
[WARNING] Found obstacle outside die area in instance PADFRAME
[WARNING] Found obstacle outside die area in instance PADFRAME
[WARNING] Found obstacle outside die area in instance PADFRAME
[WARNING] Found obstacle outside die area in instance PADFRAME
[WARNING] Found obstacle outside die area in instance PADFRAME
[WARNING] Found obstacle outside die area in instance PADFRAME
[WARNING] Found obstacle outside die area in instance PADFRAME
[WARNING] Found obstacle outside die area in instance PADFRAME
[WARNING] Found obstacle outside die area in instance PADFRAME
[WARNING] Found obstacle outside die area in instance PADFRAME
[WARNING] Found obstacle outside die area in instance PADFRAME
[WARNING] Found obstacle outside die area in instance PADFRAME
[WARNING] Found obstacle outside die area in instance PADFRAME
[WARNING] Found obstacle outside die area in instance PADFRAME
[WARNING] Found obstacle outside die area in instance PADFRAME
[WARNING] Found obstacle outside die area in instance PADFRAME
[WARNING] Found obstacle outside die area in instance PADFRAME
[WARNING] Found obstacle outside die area in instance PADFRAME
[WARNING] Found obstacle outside die area in instance PADFRAME
[WARNING] Found obstacle outside die area in instance PADFRAME
[WARNING] Found obstacle outside die area in instance PADFRAME
[WARNING] Found obstacle outside die area in instance PADFRAME
[WARNING] Found obstacle outside die area in instance PADFRAME
[WARNING] Found obstacle outside die area in instance PADFRAME
[WARNING] Found obstacle outside die area in instance PADFRAME
[WARNING] Found obstacle outside die area in instance PADFRAME
[WARNING] Found obstacle outside die area in instance PADFRAME
[WARNING] Found obstacle outside die area in instance PADFRAME
[WARNING] Found obstacle outside die area in instance PADFRAME
[WARNING] Found obstacle outside die area in instance PADFRAME
[WARNING] Found obstacle outside die area in instance PADFRAME
[WARNING] Found obstacle outside die area in instance PADFRAME
[WARNING] Found obstacle outside die area in instance PADFRAME
[WARNING] Found obstacle outside die area in instance PADFRAME
[WARNING] Found obstacle outside die area in instance PADFRAME
[WARNING] Found obstacle outside die area in instance PADFRAME
[WARNING] Found obstacle outside die area in instance PADFRAME
[WARNING] Found obstacle outside die area in instance PADFRAME
[WARNING] Found obstacle outside die area in instance PADFRAME
[WARNING] Found obstacle outside die area in instance PADFRAME
[WARNING] Found obstacle outside die area in instance PADFRAME
[WARNING] Found obstacle outside die area in instance PADFRAME
[WARNING] Found obstacle outside die area in instance PADFRAME
[WARNING] Found obstacle outside die area in instance PADFRAME
[WARNING] Found obstacle outside die area in instance PADFRAME
[WARNING] Found obstacle outside die area in instance PADFRAME
[WARNING] Found obstacle outside die area in instance PADFRAME
[WARNING] Found obstacle outside die area in instance PADFRAME
[WARNING] Found obstacle outside die area in instance PADFRAME
[WARNING] Found obstacle outside die area in instance PADFRAME
[WARNING] Found obstacle outside die area in instance PADFRAME
[WARNING] Found obstacle outside die area in instance PADFRAME
[WARNING] Found obstacle outside die area in instance PADFRAME
[WARNING] Found obstacle outside die area in instance PADFRAME
[WARNING] Found obstacle outside die area in instance PADFRAME
[WARNING] Found obstacle outside die area in instance PADFRAME
[WARNING] Found obstacle outside die area in instance PADFRAME
[WARNING] Found obstacle outside die area in instance PADFRAME
[WARNING] Found obstacle outside die area in instance PADFRAME
[WARNING] Found obstacle outside die area in instance PADFRAME
[WARNING] Found obstacle outside die area in instance PADFRAME
[WARNING] Found obstacle outside die area in instance PADFRAME
[WARNING] Found obstacle outside die area in instance PADFRAME
[WARNING] Found obstacle outside die area in instance PADFRAME
[WARNING] Found obstacle outside die area in instance PADFRAME
[WARNING] Found obstacle outside die area in instance PADFRAME
[WARNING] Found obstacle outside die area in instance PADFRAME
[WARNING] Found obstacle outside die area in instance PADFRAME
[WARNING] Found obstacle outside die area in instance PADFRAME
[WARNING] Found obstacle outside die area in instance PADFRAME
[WARNING] Found obstacle outside die area in instance PADFRAME
[WARNING] Found obstacle outside die area in instance PADFRAME
[WARNING] Found obstacle outside die area in instance PADFRAME
[WARNING] Found obstacle outside die area in instance PADFRAME
[WARNING] Found obstacle outside die area in instance PADFRAME
[WARNING] Found obstacle outside die area in instance PADFRAME
[WARNING] Found obstacle outside die area in instance PADFRAME
[WARNING] Found obstacle outside die area in instance PADFRAME
[WARNING] Found obstacle outside die area in instance PADFRAME
[WARNING] Found obstacle outside die area in instance PADFRAME
[WARNING] Found obstacle outside die area in instance PADFRAME
[WARNING] Found obstacle outside die area in instance PADFRAME
[WARNING] Found obstacle outside die area in instance PADFRAME
[WARNING] Found obstacle outside die area in instance PADFRAME
[WARNING] Found obstacle outside die area in instance PADFRAME
[WARNING] Found obstacle outside die area in instance PADFRAME
[WARNING] Found obstacle outside die area in instance PADFRAME
[WARNING] Found obstacle outside die area in instance PADFRAME
[WARNING] Found obstacle outside die area in instance PADFRAME
[WARNING] Found obstacle outside die area in instance PADFRAME
[WARNING] Found obstacle outside die area in instance PADFRAME
[WARNING] Found obstacle outside die area in instance PADFRAME
[WARNING] Found obstacle outside die area in instance PADFRAME
[WARNING] Found obstacle outside die area in instance PADFRAME
[WARNING] Found obstacle outside die area in instance PADFRAME
[WARNING] Found obstacle outside die area in instance PADFRAME
[WARNING] Found obstacle outside die area in instance PADFRAME
[WARNING] Found obstacle outside die area in instance PADFRAME
[WARNING] Found obstacle outside die area in instance PADFRAME
[WARNING] Found obstacle outside die area in instance PADFRAME
[WARNING] Found obstacle outside die area in instance PADFRAME
[WARNING] Found obstacle outside die area in instance PADFRAME
[WARNING] Found obstacle outside die area in instance PADFRAME
[WARNING] Found obstacle outside die area in instance PADFRAME
[WARNING] Found obstacle outside die area in instance PADFRAME
[WARNING] Found obstacle outside die area in instance PADFRAME
[WARNING] Found obstacle outside die area in instance PADFRAME
[WARNING] Found obstacle outside die area in instance PADFRAME
[WARNING] Found obstacle outside die area in instance PADFRAME
[WARNING] Found obstacle outside die area in instance PADFRAME
[WARNING] Found obstacle outside die area in instance PADFRAME
[WARNING] Found obstacle outside die area in instance PADFRAME
[WARNING] Found obstacle outside die area in instance PADFRAME
[WARNING] Found obstacle outside die area in instance PADFRAME
[WARNING] Found obstacle outside die area in instance PADFRAME
[WARNING] Found obstacle outside die area in instance PADFRAME
[WARNING] Found obstacle outside die area in instance PADFRAME
[WARNING] Found obstacle outside die area in instance PADFRAME
[WARNING] Found obstacle outside die area in instance PADFRAME
[WARNING] Found obstacle outside die area in instance PADFRAME
[WARNING] Found obstacle outside die area in instance PADFRAME
[WARNING] Found obstacle outside die area in instance PADFRAME
[WARNING] Found obstacle outside die area in instance PADFRAME
[WARNING] Found obstacle outside die area in instance PADFRAME
[WARNING] Found obstacle outside die area in instance PADFRAME
[WARNING] Found obstacle outside die area in instance PADFRAME
[WARNING] Found obstacle outside die area in instance PADFRAME
[WARNING] Found obstacle outside die area in instance PADFRAME
[WARNING] Found obstacle outside die area in instance PADFRAME
[WARNING] Found obstacle outside die area in instance PADFRAME
[WARNING] Found obstacle outside die area in instance PADFRAME
[WARNING] Found obstacle outside die area in instance PADFRAME
[WARNING] Found obstacle outside die area in instance PADFRAME
[WARNING] Found obstacle outside die area in instance PADFRAME
[WARNING] Found obstacle outside die area in instance PADFRAME
[WARNING] Found obstacle outside die area in instance PADFRAME
[WARNING] Found obstacle outside die area in instance PADFRAME
[WARNING] Found obstacle outside die area in instance PADFRAME
[WARNING] Found obstacle outside die area in instance PADFRAME
[WARNING] Found obstacle outside die area in instance PADFRAME
[WARNING] Found obstacle outside die area in instance PADFRAME
[WARNING] Found obstacle outside die area in instance PADFRAME
[WARNING] Found obstacle outside die area in instance PADFRAME
[WARNING] Found obstacle outside die area in instance PADFRAME
[WARNING] Found obstacle outside die area in instance PADFRAME
[WARNING] Found obstacle outside die area in instance PADFRAME
[WARNING] Found obstacle outside die area in instance PADFRAME
[WARNING] Found obstacle outside die area in instance PADFRAME
[WARNING] Found obstacle outside die area in instance PADFRAME
[WARNING] Found obstacle outside die area in instance PADFRAME
[WARNING] Found obstacle outside die area in instance PADFRAME
[WARNING] Found obstacle outside die area in instance PADFRAME
[WARNING] Found obstacle outside die area in instance PADFRAME
[WARNING] Found obstacle outside die area in instance PADFRAME
[WARNING] Found obstacle outside die area in instance PADFRAME
[WARNING] Found obstacle outside die area in instance PADFRAME
[WARNING] Found obstacle outside die area in instance PADFRAME
[WARNING] Found obstacle outside die area in instance PADFRAME
[WARNING] Found obstacle outside die area in instance PADFRAME
[WARNING] Found obstacle outside die area in instance PADFRAME
[WARNING] Found obstacle outside die area in instance PADFRAME
[WARNING] Found obstacle outside die area in instance PADFRAME
[WARNING] Found obstacle outside die area in instance PADFRAME
[WARNING] Found obstacle outside die area in instance PADFRAME
[WARNING] Found obstacle outside die area in instance PADFRAME
[WARNING] Found obstacle outside die area in instance PADFRAME
[WARNING] Found obstacle outside die area in instance PADFRAME
[WARNING] Found obstacle outside die area in instance PADFRAME
[WARNING] Found obstacle outside die area in instance PADFRAME
[WARNING] Found obstacle outside die area in instance PADFRAME
[WARNING] Found obstacle outside die area in instance PADFRAME
[WARNING] Found obstacle outside die area in instance PADFRAME
[WARNING] Found obstacle outside die area in instance PADFRAME
[WARNING] Found obstacle outside die area in instance PADFRAME
[WARNING] Found obstacle outside die area in instance PADFRAME
[WARNING] Found obstacle outside die area in instance PADFRAME
[WARNING] Found obstacle outside die area in instance PADFRAME
[WARNING] Found obstacle outside die area in instance PADFRAME
[WARNING] Found obstacle outside die area in instance PADFRAME
[WARNING] Found obstacle outside die area in instance PADFRAME
[WARNING] Found obstacle outside die area in instance PADFRAME
[WARNING] Found obstacle outside die area in instance PADFRAME
[WARNING] Found obstacle outside die area in instance PADFRAME
[WARNING] Found obstacle outside die area in instance PADFRAME
[WARNING] Found obstacle outside die area in instance PADFRAME
[WARNING] Found obstacle outside die area in instance PADFRAME
[WARNING] Found obstacle outside die area in instance PADFRAME
[WARNING] Found obstacle outside die area in instance PADFRAME
[WARNING] Found obstacle outside die area in instance PADFRAME
[WARNING] Found obstacle outside die area in instance PADFRAME
[WARNING] Found obstacle outside die area in instance PADFRAME
[WARNING] Found obstacle outside die area in instance PADFRAME
[WARNING] Found obstacle outside die area in instance PADFRAME
[WARNING] Found obstacle outside die area in instance PADFRAME
[WARNING] Found obstacle outside die area in instance PADFRAME
[WARNING] Found obstacle outside die area in instance PADFRAME
[WARNING] Found obstacle outside die area in instance PADFRAME
[WARNING] Found obstacle outside die area in instance PADFRAME
[WARNING] Found obstacle outside die area in instance PADFRAME
[WARNING] Found obstacle outside die area in instance PADFRAME
[WARNING] Found obstacle outside die area in instance PADFRAME
[WARNING] Found obstacle outside die area in instance PADFRAME
[WARNING] Found obstacle outside die area in instance PADFRAME
[WARNING] Found obstacle outside die area in instance PADFRAME
[WARNING] Found obstacle outside die area in instance PADFRAME
[WARNING] Found obstacle outside die area in instance PADFRAME
[WARNING] Found obstacle outside die area in instance PADFRAME
[WARNING] Found obstacle outside die area in instance PADFRAME
[WARNING] Found obstacle outside die area in instance PADFRAME
[WARNING] Found obstacle outside die area in instance PADFRAME
[WARNING] Found obstacle outside die area in instance PADFRAME
[WARNING] Found obstacle outside die area in instance PADFRAME
[WARNING] Found obstacle outside die area in instance PADFRAME
[WARNING] Found obstacle outside die area in instance PADFRAME
[WARNING] Found obstacle outside die area in instance PADFRAME
[WARNING] Found obstacle outside die area in instance PADFRAME
[WARNING] Found obstacle outside die area in instance PADFRAME
[WARNING] Found obstacle outside die area in instance PADFRAME
[WARNING] Found obstacle outside die area in instance PADFRAME
[WARNING] Found obstacle outside die area in instance PADFRAME
[WARNING] Found obstacle outside die area in instance PADFRAME
[WARNING] Found obstacle outside die area in instance PADFRAME
[WARNING] Found obstacle outside die area in instance PADFRAME
[WARNING] Found obstacle outside die area in instance PADFRAME
[WARNING] Found obstacle outside die area in instance PADFRAME
[WARNING] Found obstacle outside die area in instance PADFRAME
[WARNING] Found obstacle outside die area in instance PADFRAME
[WARNING] Found obstacle outside die area in instance PADFRAME
[WARNING] Found obstacle outside die area in instance PADFRAME
[WARNING] Found obstacle outside die area in instance PADFRAME
[WARNING] Found obstacle outside die area in instance PADFRAME
[WARNING] Found obstacle outside die area in instance PADFRAME
[WARNING] Found obstacle outside die area in instance PADFRAME
[WARNING] Found obstacle outside die area in instance PADFRAME
[WARNING] Found obstacle outside die area in instance PADFRAME
[WARNING] Found obstacle outside die area in instance PADFRAME
[WARNING] Found obstacle outside die area in instance PADFRAME
[WARNING] Found obstacle outside die area in instance PADFRAME
[WARNING] Found obstacle outside die area in instance PADFRAME
[WARNING] Found obstacle outside die area in instance PADFRAME
[WARNING] Found obstacle outside die area in instance PADFRAME
[WARNING] Found obstacle outside die area in instance PADFRAME
[WARNING] Found obstacle outside die area in instance PADFRAME
[WARNING] Found obstacle outside die area in instance PADFRAME
[WARNING] Found obstacle outside die area in instance PADFRAME
[WARNING] Found obstacle outside die area in instance PADFRAME
[WARNING] Found obstacle outside die area in instance PADFRAME
[WARNING] Found obstacle outside die area in instance PADFRAME
[WARNING] Found obstacle outside die area in instance PADFRAME
[WARNING] Found obstacle outside die area in instance PADFRAME
[WARNING] Found obstacle outside die area in instance PADFRAME
[WARNING] Found obstacle outside die area in instance PADFRAME
[WARNING] Found obstacle outside die area in instance PADFRAME
[WARNING] Found obstacle outside die area in instance PADFRAME
[WARNING] Found obstacle outside die area in instance PADFRAME
[WARNING] Found obstacle outside die area in instance PADFRAME
[WARNING] Found obstacle outside die area in instance PADFRAME
[WARNING] Found obstacle outside die area in instance PADFRAME
[WARNING] Found obstacle outside die area in instance PADFRAME
[WARNING] Found obstacle outside die area in instance PADFRAME
[WARNING] Found obstacle outside die area in instance PADFRAME
[WARNING] Found obstacle outside die area in instance PADFRAME
[WARNING] Found obstacle outside die area in instance PADFRAME
[WARNING] Found obstacle outside die area in instance PADFRAME
[WARNING] Found obstacle outside die area in instance PADFRAME
[WARNING] Found obstacle outside die area in instance PADFRAME
[WARNING] Found obstacle outside die area in instance PADFRAME
[WARNING] Found obstacle outside die area in instance PADFRAME
[WARNING] Found obstacle outside die area in instance PADFRAME
[WARNING] Found obstacle outside die area in instance PADFRAME
[WARNING] Found obstacle outside die area in instance PADFRAME
[WARNING] Found obstacle outside die area in instance PADFRAME
[WARNING] Found obstacle outside die area in instance PADFRAME
[WARNING] Found obstacle outside die area in instance PADFRAME
[WARNING] Found obstacle outside die area in instance PADFRAME
[WARNING] Found obstacle outside die area in instance PADFRAME
[WARNING] Found obstacle outside die area in instance PADFRAME
[WARNING] Found obstacle outside die area in instance PADFRAME
[WARNING] Found obstacle outside die area in instance PADFRAME
[WARNING] Found obstacle outside die area in instance PADFRAME
[WARNING] Found obstacle outside die area in instance PADFRAME
[WARNING] Found obstacle outside die area in instance PADFRAME
[WARNING] Found obstacle outside die area in instance PADFRAME
[WARNING] Found obstacle outside die area in instance PADFRAME
[WARNING] Found obstacle outside die area in instance PADFRAME
[WARNING] Found obstacle outside die area in instance PADFRAME
[WARNING] Found obstacle outside die area in instance PADFRAME
[WARNING] Found obstacle outside die area in instance PADFRAME
[WARNING] Found obstacle outside die area in instance PADFRAME
[WARNING] Found obstacle outside die area in instance PADFRAME
[WARNING] Found obstacle outside die area in instance PADFRAME
[WARNING] Found obstacle outside die area in instance PADFRAME
[WARNING] Found obstacle outside die area in instance PADFRAME
[WARNING] Found obstacle outside die area in instance PADFRAME
[WARNING] Found obstacle outside die area in instance PADFRAME
[WARNING] Found obstacle outside die area in instance PADFRAME
[WARNING] Found obstacle outside die area in instance PADFRAME
[WARNING] Found obstacle outside die area in instance PADFRAME
[WARNING] Found obstacle outside die area in instance PADFRAME
[WARNING] Found obstacle outside die area in instance PADFRAME
[WARNING] Found obstacle outside die area in instance PADFRAME
[WARNING] Found obstacle outside die area in instance PADFRAME
[WARNING] Found obstacle outside die area in instance PADFRAME
[WARNING] Found obstacle outside die area in instance PADFRAME
[WARNING] Found obstacle outside die area in instance PADFRAME
[WARNING] Found obstacle outside die area in instance PADFRAME
[WARNING] Found obstacle outside die area in instance PADFRAME
[WARNING] Found obstacle outside die area in instance PADFRAME
[WARNING] Found obstacle outside die area in instance PADFRAME
[WARNING] Found obstacle outside die area in instance PADFRAME
[WARNING] Found obstacle outside die area in instance PADFRAME
[WARNING] Found obstacle outside die area in instance PADFRAME
[WARNING] Found obstacle outside die area in instance PADFRAME
[WARNING] Found obstacle outside die area in instance PADFRAME
[WARNING] Found obstacle outside die area in instance PADFRAME
[WARNING] Found obstacle outside die area in instance PADFRAME
[WARNING] Found obstacle outside die area in instance PADFRAME
[WARNING] Found obstacle outside die area in instance PADFRAME
[WARNING] Found obstacle outside die area in instance PADFRAME
[WARNING] Found obstacle outside die area in instance PADFRAME
[WARNING] Found obstacle outside die area in instance PADFRAME
[WARNING] Found obstacle outside die area in instance PADFRAME
[WARNING] Found obstacle outside die area in instance PADFRAME
[WARNING] Found obstacle outside die area in instance PADFRAME
[WARNING] Found obstacle outside die area in instance PADFRAME
[WARNING] Found obstacle outside die area in instance PADFRAME
[WARNING] Found obstacle outside die area in instance PADFRAME
[WARNING] Found obstacle outside die area in instance PADFRAME
[WARNING] Found obstacle outside die area in instance PADFRAME
[WARNING] Found obstacle outside die area in instance PADFRAME
[WARNING] Found obstacle outside die area in instance PADFRAME
[WARNING] Found obstacle outside die area in instance PADFRAME
[WARNING] Found obstacle outside die area in instance PADFRAME
[WARNING] Found obstacle outside die area in instance PADFRAME
[WARNING] Found obstacle outside die area in instance PADFRAME
[WARNING] Found obstacle outside die area in instance PADFRAME
[WARNING] Found obstacle outside die area in instance PADFRAME
[WARNING] Found obstacle outside die area in instance PADFRAME
[WARNING] Found obstacle outside die area in instance PADFRAME
[WARNING] Found obstacle outside die area in instance PADFRAME
[WARNING] Found obstacle outside die area in instance PADFRAME
[WARNING] Found obstacle outside die area in instance PADFRAME
[WARNING] Found obstacle outside die area in instance PADFRAME
[WARNING] Found obstacle outside die area in instance PADFRAME
[WARNING] Found obstacle outside die area in instance PADFRAME
[WARNING] Found obstacle outside die area in instance PADFRAME
[WARNING] Found obstacle outside die area in instance PADFRAME
[WARNING] Found obstacle outside die area in instance PADFRAME
[WARNING] Found obstacle outside die area in instance PADFRAME
[WARNING] Found obstacle outside die area in instance PADFRAME
[WARNING] Found obstacle outside die area in instance PADFRAME
[WARNING] Found obstacle outside die area in instance PADFRAME
[WARNING] Found obstacle outside die area in instance PADFRAME
[WARNING] Found obstacle outside die area in instance PADFRAME
[WARNING] Found obstacle outside die area in instance PADFRAME
[WARNING] Found obstacle outside die area in instance PADFRAME
[WARNING] Found obstacle outside die area in instance PADFRAME
[WARNING] Found obstacle outside die area in instance PADFRAME
[WARNING] Found obstacle outside die area in instance PADFRAME
[WARNING] Found obstacle outside die area in instance PADFRAME
[WARNING] Found obstacle outside die area in instance PADFRAME
[WARNING] Found obstacle outside die area in instance PADFRAME
[WARNING] Found obstacle outside die area in instance PADFRAME
[WARNING] Found obstacle outside die area in instance PADFRAME
[WARNING] Found obstacle outside die area in instance PADFRAME
[WARNING] Found obstacle outside die area in instance PADFRAME
[WARNING] Found obstacle outside die area in instance PADFRAME
[WARNING] Found obstacle outside die area in instance PADFRAME
[WARNING] Found obstacle outside die area in instance PADFRAME
[WARNING] Found obstacle outside die area in instance PADFRAME
[WARNING] Found obstacle outside die area in instance PADFRAME
[WARNING] Found obstacle outside die area in instance PADFRAME
[WARNING] Found obstacle outside die area in instance PADFRAME
[WARNING] Found obstacle outside die area in instance PADFRAME
[WARNING] Found obstacle outside die area in instance PADFRAME
[WARNING] Found obstacle outside die area in instance PADFRAME
[WARNING] Found obstacle outside die area in instance PADFRAME
[WARNING] Found obstacle outside die area in instance PADFRAME
[WARNING] Found obstacle outside die area in instance PADFRAME
[WARNING] Found obstacle outside die area in instance PADFRAME
[WARNING] Found obstacle outside die area in instance PADFRAME
[WARNING] Found obstacle outside die area in instance PADFRAME
[WARNING] Found obstacle outside die area in instance PADFRAME
[WARNING] Found obstacle outside die area in instance PADFRAME
[WARNING] Found obstacle outside die area in instance PADFRAME
[WARNING] Found obstacle outside die area in instance PADFRAME
[WARNING] Found obstacle outside die area in instance PADFRAME
[WARNING] Found obstacle outside die area in instance PADFRAME
[WARNING] Found obstacle outside die area in instance PADFRAME
[WARNING] Found obstacle outside die area in instance PADFRAME
[WARNING] Found obstacle outside die area in instance PADFRAME
[WARNING] Found obstacle outside die area in instance PADFRAME
[WARNING] Found obstacle outside die area in instance PADFRAME
[WARNING] Found obstacle outside die area in instance PADFRAME
[WARNING] Found obstacle outside die area in instance PADFRAME
[WARNING] Found obstacle outside die area in instance PADFRAME
[WARNING] Found obstacle outside die area in instance PADFRAME
[WARNING] Found obstacle outside die area in instance PADFRAME
[WARNING] Found obstacle outside die area in instance PADFRAME
[WARNING] Found obstacle outside die area in instance PADFRAME
[WARNING] Found obstacle outside die area in instance PADFRAME
[WARNING] Found obstacle outside die area in instance PADFRAME
[WARNING] Found obstacle outside die area in instance PADFRAME
[WARNING] Found obstacle outside die area in instance PADFRAME
[WARNING] Found obstacle outside die area in instance PADFRAME
[WARNING] Found obstacle outside die area in instance PADFRAME
[WARNING] Found obstacle outside die area in instance PADFRAME
[WARNING] Found obstacle outside die area in instance PADFRAME
[WARNING] Found obstacle outside die area in instance PADFRAME
[WARNING] Found obstacle outside die area in instance PADFRAME
[WARNING] Found obstacle outside die area in instance PADFRAME
[WARNING] Found obstacle outside die area in instance PADFRAME
[WARNING] Found obstacle outside die area in instance PADFRAME
[WARNING] Found obstacle outside die area in instance PADFRAME
[WARNING] Found obstacle outside die area in instance PADFRAME
[WARNING] Found obstacle outside die area in instance PADFRAME
[WARNING] Found obstacle outside die area in instance PADFRAME
[WARNING] Found obstacle outside die area in instance PADFRAME
[WARNING] Found obstacle outside die area in instance PADFRAME
[WARNING] Found obstacle outside die area in instance PADFRAME
[WARNING] Found obstacle outside die area in instance PADFRAME
[WARNING] Found obstacle outside die area in instance PADFRAME
[WARNING] Found obstacle outside die area in instance PADFRAME
[WARNING] Found obstacle outside die area in instance PADFRAME
[WARNING] Found obstacle outside die area in instance PADFRAME
[WARNING] Found obstacle outside die area in instance PADFRAME
[WARNING] Found obstacle outside die area in instance PADFRAME
[WARNING] Found obstacle outside die area in instance PADFRAME
[WARNING] Found obstacle outside die area in instance PADFRAME
[WARNING] Found obstacle outside die area in instance PADFRAME
[WARNING] Found obstacle outside die area in instance PADFRAME
[WARNING] Found obstacle outside die area in instance PADFRAME
[WARNING] Found obstacle outside die area in instance PADFRAME
[WARNING] Found obstacle outside die area in instance PADFRAME
[WARNING] Found obstacle outside die area in instance PADFRAME
[WARNING] Found obstacle outside die area in instance PADFRAME
[WARNING] Found obstacle outside die area in instance PADFRAME
[WARNING] Found obstacle outside die area in instance PADFRAME
[WARNING] Found obstacle outside die area in instance PADFRAME
[WARNING] Found obstacle outside die area in instance PADFRAME
[WARNING] Found obstacle outside die area in instance PADFRAME
[WARNING] Found obstacle outside die area in instance PADFRAME
[WARNING] Found obstacle outside die area in instance PADFRAME
[WARNING] Found obstacle outside die area in instance PADFRAME
[WARNING] Found obstacle outside die area in instance PADFRAME
[WARNING] Found obstacle outside die area in instance PADFRAME
[WARNING] Found obstacle outside die area in instance PADFRAME
[WARNING] Found obstacle outside die area in instance PADFRAME
[WARNING] Found obstacle outside die area in instance PADFRAME
[WARNING] Found obstacle outside die area in instance PADFRAME
[WARNING] Found obstacle outside die area in instance PADFRAME
[WARNING] Found obstacle outside die area in instance PADFRAME
[WARNING] Found obstacle outside die area in instance PADFRAME
[WARNING] Found obstacle outside die area in instance PADFRAME
[WARNING] Found obstacle outside die area in instance PADFRAME
[WARNING] Found obstacle outside die area in instance PADFRAME
[WARNING] Found obstacle outside die area in instance PADFRAME
[WARNING] Found obstacle outside die area in instance PADFRAME
[WARNING] Found obstacle outside die area in instance PADFRAME
[WARNING] Found obstacle outside die area in instance PADFRAME
[WARNING] Found obstacle outside die area in instance PADFRAME
[WARNING] Found obstacle outside die area in instance PADFRAME
[WARNING] Found obstacle outside die area in instance PADFRAME
[WARNING] Found obstacle outside die area in instance PADFRAME
[WARNING] Found obstacle outside die area in instance PADFRAME
[WARNING] Found obstacle outside die area in instance PADFRAME
[WARNING] Found obstacle outside die area in instance PADFRAME
[WARNING] Found obstacle outside die area in instance PADFRAME
[WARNING] Found obstacle outside die area in instance PADFRAME
[WARNING] Found obstacle outside die area in instance PADFRAME
[WARNING] Found obstacle outside die area in instance PADFRAME
[WARNING] Found obstacle outside die area in instance PADFRAME
[WARNING] Found obstacle outside die area in instance PADFRAME
[WARNING] Found obstacle outside die area in instance PADFRAME
[WARNING] Found obstacle outside die area in instance PADFRAME
[WARNING] Found obstacle outside die area in instance PADFRAME
[WARNING] Found obstacle outside die area in instance PADFRAME
[WARNING] Found obstacle outside die area in instance PADFRAME
[WARNING] Found obstacle outside die area in instance PADFRAME
[WARNING] Found obstacle outside die area in instance PADFRAME
[WARNING] Found obstacle outside die area in instance PADFRAME
[WARNING] Found obstacle outside die area in instance PADFRAME
[WARNING] Found obstacle outside die area in instance PADFRAME
[WARNING] Found obstacle outside die area in instance PADFRAME
[WARNING] Found obstacle outside die area in instance PADFRAME
[WARNING] Found obstacle outside die area in instance PADFRAME
[WARNING] Found obstacle outside die area in instance PADFRAME
[WARNING] Found obstacle outside die area in instance PADFRAME
[WARNING] Found obstacle outside die area in instance PADFRAME
[WARNING] Found obstacle outside die area in instance PADFRAME
[WARNING] Found obstacle outside die area in instance PADFRAME
[WARNING] Found obstacle outside die area in instance PADFRAME
[WARNING] Found obstacle outside die area in instance PADFRAME
[WARNING] Found obstacle outside die area in instance PADFRAME
[WARNING] Found obstacle outside die area in instance PADFRAME
[WARNING] Found obstacle outside die area in instance PADFRAME
[WARNING] Found obstacle outside die area in instance PADFRAME
[WARNING] Found obstacle outside die area in instance PADFRAME
[WARNING] Found obstacle outside die area in instance PADFRAME
[WARNING] Found obstacle outside die area in instance PADFRAME
[WARNING] Found obstacle outside die area in instance PADFRAME
[WARNING] Found obstacle outside die area in instance PADFRAME
[WARNING] Found obstacle outside die area in instance PADFRAME
[WARNING] Found obstacle outside die area in instance PADFRAME
[WARNING] Found obstacle outside die area in instance PADFRAME
[WARNING] Found obstacle outside die area in instance PADFRAME
[WARNING] Found obstacle outside die area in instance PADFRAME
[WARNING] Found obstacle outside die area in instance PADFRAME
[WARNING] Found obstacle outside die area in instance PADFRAME
[WARNING] Found obstacle outside die area in instance PADFRAME
[WARNING] Found obstacle outside die area in instance PADFRAME
[WARNING] Found obstacle outside die area in instance PADFRAME
[WARNING] Found obstacle outside die area in instance PADFRAME
[WARNING] Found obstacle outside die area in instance PADFRAME
[WARNING] Found obstacle outside die area in instance PADFRAME
[WARNING] Found obstacle outside die area in instance PADFRAME
[WARNING] Found obstacle outside die area in instance PADFRAME
[WARNING] Found obstacle outside die area in instance PADFRAME
[WARNING] Found obstacle outside die area in instance PADFRAME
[WARNING] Found obstacle outside die area in instance PADFRAME
[WARNING] Found obstacle outside die area in instance PADFRAME
[WARNING] Found obstacle outside die area in instance PADFRAME
[WARNING] Found obstacle outside die area in instance PADFRAME
[WARNING] Found obstacle outside die area in instance PADFRAME
[WARNING] Found obstacle outside die area in instance PADFRAME
[WARNING] Found obstacle outside die area in instance PADFRAME
[WARNING] Found obstacle outside die area in instance PADFRAME
[WARNING] Found obstacle outside die area in instance PADFRAME
[WARNING] Found obstacle outside die area in instance PADFRAME
[WARNING] Found obstacle outside die area in instance PADFRAME
[WARNING] Found obstacle outside die area in instance PADFRAME
[WARNING] Found obstacle outside die area in instance PADFRAME
[WARNING] Found obstacle outside die area in instance PADFRAME
[WARNING] Found obstacle outside die area in instance PADFRAME
[WARNING] Found obstacle outside die area in instance PADFRAME
[WARNING] Found obstacle outside die area in instance PADFRAME
[WARNING] Found obstacle outside die area in instance PADFRAME
[WARNING] Found obstacle outside die area in instance PADFRAME
[WARNING] Found obstacle outside die area in instance PADFRAME
[WARNING] Found obstacle outside die area in instance PADFRAME
[WARNING] Found obstacle outside die area in instance PADFRAME
[WARNING] Found obstacle outside die area in instance PADFRAME
[WARNING] Found obstacle outside die area in instance PADFRAME
[WARNING] Found obstacle outside die area in instance PADFRAME
[WARNING] Found obstacle outside die area in instance PADFRAME
[WARNING] Found obstacle outside die area in instance PADFRAME
[WARNING] Found obstacle outside die area in instance PADFRAME
[WARNING] Found obstacle outside die area in instance PADFRAME
[WARNING] Found obstacle outside die area in instance PADFRAME
[WARNING] Found obstacle outside die area in instance PADFRAME
[WARNING] Found obstacle outside die area in instance PADFRAME
[WARNING] Found obstacle outside die area in instance PADFRAME
[WARNING] Found obstacle outside die area in instance PADFRAME
[WARNING] Found obstacle outside die area in instance PADFRAME
[WARNING] Found obstacle outside die area in instance PADFRAME
[WARNING] Found obstacle outside die area in instance PADFRAME
[WARNING] Found obstacle outside die area in instance PADFRAME
[WARNING] Found obstacle outside die area in instance PADFRAME
[WARNING] Found obstacle outside die area in instance PADFRAME
[WARNING] Found obstacle outside die area in instance PADFRAME
[WARNING] Found obstacle outside die area in instance PADFRAME
[WARNING] Found obstacle outside die area in instance PADFRAME
[WARNING] Found obstacle outside die area in instance PADFRAME
[WARNING] Found obstacle outside die area in instance PADFRAME
[WARNING] Found obstacle outside die area in instance PADFRAME
[WARNING] Found obstacle outside die area in instance PADFRAME
[WARNING] Found obstacle outside die area in instance PADFRAME
[WARNING] Found obstacle outside die area in instance PADFRAME
[WARNING] Found obstacle outside die area in instance PADFRAME
[WARNING] Found obstacle outside die area in instance PADFRAME
[WARNING] Found obstacle outside die area in instance PADFRAME
[WARNING] Found obstacle outside die area in instance PADFRAME
[WARNING] Found obstacle outside die area in instance PADFRAME
[WARNING] Found obstacle outside die area in instance PADFRAME
[WARNING] Found obstacle outside die area in instance PADFRAME
[WARNING] Found obstacle outside die area in instance PADFRAME
[WARNING] Found obstacle outside die area in instance PADFRAME
[WARNING] Found obstacle outside die area in instance PADFRAME
[WARNING] Found obstacle outside die area in instance PADFRAME
[WARNING] Found obstacle outside die area in instance PADFRAME
[WARNING] Found obstacle outside die area in instance PADFRAME
[WARNING] Found obstacle outside die area in instance PADFRAME
[WARNING] Found obstacle outside die area in instance PADFRAME
[WARNING] Found obstacle outside die area in instance PADFRAME
[WARNING] Found obstacle outside die area in instance PADFRAME
[WARNING] Found obstacle outside die area in instance PADFRAME
[WARNING] Found obstacle outside die area in instance PADFRAME
[WARNING] Found obstacle outside die area in instance PADFRAME
[WARNING] Found obstacle outside die area in instance PADFRAME
[WARNING] Found obstacle outside die area in instance PADFRAME
[WARNING] Found obstacle outside die area in instance PADFRAME
[WARNING] Found obstacle outside die area in instance PADFRAME
[WARNING] Found obstacle outside die area in instance PADFRAME
[WARNING] Found obstacle outside die area in instance PADFRAME
[WARNING] Found obstacle outside die area in instance PADFRAME
[WARNING] Found obstacle outside die area in instance PADFRAME
[WARNING] Found obstacle outside die area in instance PADFRAME
[WARNING] Found obstacle outside die area in instance PADFRAME
[WARNING] Found obstacle outside die area in instance PADFRAME
[WARNING] Found obstacle outside die area in instance PADFRAME
[WARNING] Found obstacle outside die area in instance PADFRAME
[WARNING] Found obstacle outside die area in instance PADFRAME
[WARNING] Found obstacle outside die area in instance PADFRAME
[WARNING] Found obstacle outside die area in instance PADFRAME
[WARNING] Found obstacle outside die area in instance PADFRAME
[WARNING] Found obstacle outside die area in instance PADFRAME
[WARNING] Found obstacle outside die area in instance PADFRAME
[WARNING] Found obstacle outside die area in instance PADFRAME
[WARNING] Found obstacle outside die area in instance PADFRAME
[WARNING] Found obstacle outside die area in instance PADFRAME
[WARNING] Found obstacle outside die area in instance PADFRAME
[WARNING] Found obstacle outside die area in instance PADFRAME
[WARNING] Found obstacle outside die area in instance PADFRAME
[WARNING] Found obstacle outside die area in instance PADFRAME
[WARNING] Found obstacle outside die area in instance PADFRAME
[WARNING] Found obstacle outside die area in instance PADFRAME
[WARNING] Found obstacle outside die area in instance PADFRAME
[WARNING] Found obstacle outside die area in instance PADFRAME
[WARNING] Found obstacle outside die area in instance PADFRAME
[WARNING] Found obstacle outside die area in instance PADFRAME
[WARNING] Found obstacle outside die area in instance PADFRAME
[WARNING] Found obstacle outside die area in instance PADFRAME
[WARNING] Found obstacle outside die area in instance PADFRAME
[WARNING] Found obstacle outside die area in instance PADFRAME
[WARNING] Found obstacle outside die area in instance PADFRAME
[WARNING] Found obstacle outside die area in instance PADFRAME
[WARNING] Found obstacle outside die area in instance PADFRAME
[WARNING] Found obstacle outside die area in instance PADFRAME
[WARNING] Found obstacle outside die area in instance PADFRAME
[WARNING] Found obstacle outside die area in instance PADFRAME
[WARNING] Found obstacle outside die area in instance PADFRAME
[WARNING] Found obstacle outside die area in instance PADFRAME
[WARNING] Found obstacle outside die area in instance PADFRAME
[WARNING] Found obstacle outside die area in instance PADFRAME
[WARNING] Found obstacle outside die area in instance PADFRAME
[WARNING] Found obstacle outside die area in instance PADFRAME
[WARNING] Found obstacle outside die area in instance PADFRAME
[WARNING] Found obstacle outside die area in instance PADFRAME
[WARNING] Found obstacle outside die area in instance PADFRAME
[WARNING] Found obstacle outside die area in instance PADFRAME
[WARNING] Found obstacle outside die area in instance PADFRAME
[WARNING] Found obstacle outside die area in instance PADFRAME
[WARNING] Found obstacle outside die area in instance PADFRAME
[WARNING] Found obstacle outside die area in instance PADFRAME
[WARNING] Found obstacle outside die area in instance PADFRAME
[WARNING] Found obstacle outside die area in instance PADFRAME
[WARNING] Found obstacle outside die area in instance PADFRAME
[WARNING] Found obstacle outside die area in instance PADFRAME
[WARNING] Found obstacle outside die area in instance PADFRAME
[WARNING] Found obstacle outside die area in instance PADFRAME
[WARNING] Found obstacle outside die area in instance PADFRAME
[WARNING] Found obstacle outside die area in instance PADFRAME
[WARNING] Found obstacle outside die area in instance PADFRAME
[WARNING] Found obstacle outside die area in instance PADFRAME
[WARNING] Found obstacle outside die area in instance PADFRAME
[WARNING] Found obstacle outside die area in instance PADFRAME
[WARNING] Found obstacle outside die area in instance PADFRAME
[WARNING] Found obstacle outside die area in instance PADFRAME
[WARNING] Found obstacle outside die area in instance PADFRAME
[WARNING] Found obstacle outside die area in instance PADFRAME
[WARNING] Found obstacle outside die area in instance PADFRAME
[WARNING] Found obstacle outside die area in instance PADFRAME
[WARNING] Found obstacle outside die area in instance PADFRAME
[WARNING] Found obstacle outside die area in instance PADFRAME
[WARNING] Found obstacle outside die area in instance PADFRAME
[WARNING] Found obstacle outside die area in instance PADFRAME
[WARNING] Found obstacle outside die area in instance PADFRAME
[WARNING] Found obstacle outside die area in instance PADFRAME
[WARNING] Found obstacle outside die area in instance PADFRAME
[WARNING] Found obstacle outside die area in instance PADFRAME
[WARNING] Found obstacle outside die area in instance PADFRAME
[WARNING] Found obstacle outside die area in instance PADFRAME
[WARNING] Found obstacle outside die area in instance PADFRAME
[WARNING] Found obstacle outside die area in instance PADFRAME
[WARNING] Found obstacle outside die area in instance PADFRAME
[WARNING] Found obstacle outside die area in instance PADFRAME
[WARNING] Found obstacle outside die area in instance PADFRAME
[WARNING] Found obstacle outside die area in instance PADFRAME
[WARNING] Found obstacle outside die area in instance PADFRAME
[WARNING] Found obstacle outside die area in instance PADFRAME
[WARNING] Found obstacle outside die area in instance PADFRAME
[WARNING] Found obstacle outside die area in instance PADFRAME
[WARNING] Found obstacle outside die area in instance PADFRAME
[WARNING] Found obstacle outside die area in instance PADFRAME
[WARNING] Found obstacle outside die area in instance PADFRAME
[WARNING] Found obstacle outside die area in instance PADFRAME
[WARNING] Found obstacle outside die area in instance PADFRAME
[WARNING] Found obstacle outside die area in instance PADFRAME
[WARNING] Found obstacle outside die area in instance PADFRAME
[WARNING] Found obstacle outside die area in instance PADFRAME
[WARNING] Found obstacle outside die area in instance PADFRAME
[WARNING] Found obstacle outside die area in instance PADFRAME
[WARNING] Found obstacle outside die area in instance PADFRAME
[WARNING] Found obstacle outside die area in instance PADFRAME
[WARNING] Found obstacle outside die area in instance PADFRAME
[WARNING] Found obstacle outside die area in instance PADFRAME
[WARNING] Found obstacle outside die area in instance PADFRAME
[WARNING] Found obstacle outside die area in instance PADFRAME
[WARNING] Found obstacle outside die area in instance PADFRAME
[WARNING] Found obstacle outside die area in instance PADFRAME
[WARNING] Found obstacle outside die area in instance PADFRAME
[WARNING] Found obstacle outside die area in instance PADFRAME
[WARNING] Found obstacle outside die area in instance PADFRAME
[WARNING] Found obstacle outside die area in instance PADFRAME
[WARNING] Found obstacle outside die area in instance PADFRAME
[WARNING] Found obstacle outside die area in instance PADFRAME
[WARNING] Found obstacle outside die area in instance PADFRAME
[WARNING] Found obstacle outside die area in instance PADFRAME
[WARNING] Found obstacle outside die area in instance PADFRAME
[WARNING] Found obstacle outside die area in instance PADFRAME
[WARNING] Found obstacle outside die area in instance PADFRAME
[WARNING] Found obstacle outside die area in instance PADFRAME
[WARNING] Found obstacle outside die area in instance PADFRAME
[WARNING] Found obstacle outside die area in instance PADFRAME
[WARNING] Found obstacle outside die area in instance PADFRAME
[WARNING] Found obstacle outside die area in instance PADFRAME
[WARNING] Found obstacle outside die area in instance PADFRAME
[WARNING] Found obstacle outside die area in instance PADFRAME
[WARNING] Found obstacle outside die area in instance PADFRAME
[WARNING] Found obstacle outside die area in instance PADFRAME
[WARNING] Found obstacle outside die area in instance PADFRAME
[WARNING] Found obstacle outside die area in instance PADFRAME
[WARNING] Found obstacle outside die area in instance PADFRAME
[WARNING] Found obstacle outside die area in instance PADFRAME
[WARNING] Found obstacle outside die area in instance PADFRAME
[WARNING] Found obstacle outside die area in instance PADFRAME
[WARNING] Found obstacle outside die area in instance PADFRAME
[WARNING] Found obstacle outside die area in instance PADFRAME
[WARNING] Found obstacle outside die area in instance PADFRAME
[WARNING] Found obstacle outside die area in instance PADFRAME
[WARNING] Found obstacle outside die area in instance PADFRAME
[WARNING] Found obstacle outside die area in instance PADFRAME
[WARNING] Found obstacle outside die area in instance PADFRAME
[WARNING] Found obstacle outside die area in instance PADFRAME
[WARNING] Found obstacle outside die area in instance PADFRAME
[WARNING] Found obstacle outside die area in instance PADFRAME
[WARNING] Found obstacle outside die area in instance PADFRAME
[WARNING] Found obstacle outside die area in instance PADFRAME
[WARNING] Found obstacle outside die area in instance PADFRAME
[WARNING] Found obstacle outside die area in instance PADFRAME
[WARNING] Found obstacle outside die area in instance PADFRAME
[WARNING] Found obstacle outside die area in instance PADFRAME
[WARNING] Found obstacle outside die area in instance PADFRAME
[WARNING] Found obstacle outside die area in instance PADFRAME
[WARNING] Found obstacle outside die area in instance PADFRAME
[WARNING] Found obstacle outside die area in instance PADFRAME
[WARNING] Found obstacle outside die area in instance PADFRAME
[WARNING] Found obstacle outside die area in instance PADFRAME
[INFO] #DB Obstacles: 9321
[INFO] #DB Macros: 3
[INFO] Found 0 clock nets
[INFO] Minimum degree: 2
[INFO] Maximum degree: 2
[INFO] Processing 504 obstacles on layer 1
[INFO] Processing 952 obstacles on layer 2
[INFO] Processing 1739 obstacles on layer 3
[INFO] Processing 482 obstacles on layer 4
[INFO] Processing 3573 obstacles on layer 5
[INFO] Reducing resources of layer 1 by 99%
[INFO] WIRELEN : 1134, WIRELEN1 : 0
[INFO] NumSeg  : 6
[INFO] NumShift: 0
First L Route
[INFO] WIRELEN : 1134, WIRELEN1 : 1134
[INFO] NumSeg  : 6
[INFO] NumShift: 0
[Overflow Report] Total hCap    : 5021659
[Overflow Report] Total vCap    : 3839686
[Overflow Report] Total Usage   : 1134
[Overflow Report] Max H Overflow: 1
[Overflow Report] Max V Overflow: 1
[Overflow Report] Max Overflow  : 1
[Overflow Report] Num Overflow e: 16
[Overflow Report] H   Overflow  : 15
[Overflow Report] V   Overflow  : 1
[Overflow Report] Final Overflow: 16

Second L Route
[Overflow Report] Total hCap    : 5021659
[Overflow Report] Total vCap    : 3839686
[Overflow Report] Total Usage   : 1134
[Overflow Report] Max H Overflow: 1
[Overflow Report] Max V Overflow: 1
[Overflow Report] Max Overflow  : 1
[Overflow Report] Num Overflow e: 16
[Overflow Report] H   Overflow  : 15
[Overflow Report] V   Overflow  : 1
[Overflow Report] Final Overflow: 16

First Z Route
[Overflow Report] Total hCap    : 5021659
[Overflow Report] Total vCap    : 3839686
[Overflow Report] Total Usage   : 1134
[Overflow Report] Max H Overflow: 0
[Overflow Report] Max V Overflow: 1
[Overflow Report] Max Overflow  : 1
[Overflow Report] Num Overflow e: 9
[Overflow Report] H   Overflow  : 0
[Overflow Report] V   Overflow  : 9
[Overflow Report] Final Overflow: 9

[INFO] LV routing round 0, enlarge 10 
[INFO] 10 threshold, 10 expand
[Overflow Report] total Usage   : 1134
[Overflow Report] Max H Overflow: 0
[Overflow Report] Max V Overflow: 1
[Overflow Report] Max Overflow  : 1
[Overflow Report] Num Overflow e: 30
[Overflow Report] H   Overflow  : 0
[Overflow Report] V   Overflow  : 30
[Overflow Report] Final Overflow: 30

[INFO] LV routing round 1, enlarge 15 
[INFO] 5 threshold, 15 expand
[Overflow Report] total Usage   : 1134
[Overflow Report] Max H Overflow: 0
[Overflow Report] Max V Overflow: 1
[Overflow Report] Max Overflow  : 1
[Overflow Report] Num Overflow e: 30
[Overflow Report] H   Overflow  : 0
[Overflow Report] V   Overflow  : 30
[Overflow Report] Final Overflow: 30

[INFO] LV routing round 2, enlarge 20 
[INFO] 1 threshold, 20 expand
[Overflow Report] total Usage   : 1134
[Overflow Report] Max H Overflow: 0
[Overflow Report] Max V Overflow: 1
[Overflow Report] Max Overflow  : 1
[Overflow Report] Num Overflow e: 30
[Overflow Report] H   Overflow  : 0
[Overflow Report] V   Overflow  : 30
[Overflow Report] Final Overflow: 30

Running extra iterations to remove overflow...
Update congestion history type 1
[INFO] iteration 1, enlarge 20, costheight 9, threshold 10 via cost 2 
[INFO] log_coef 2.000000, healingTrigger 0 cost_step 5 L 1 cost_type 1 updatetype 1
[Overflow Report] total Usage   : 1140
[Overflow Report] Max H Overflow: 0
[Overflow Report] Max V Overflow: 1
[Overflow Report] Max Overflow  : 1
[Overflow Report] Num Overflow e: 4
[Overflow Report] H   Overflow  : 0
[Overflow Report] V   Overflow  : 4
[Overflow Report] Final Overflow: 4

Update congestion history type 1
[INFO] iteration 2, enlarge 25, costheight 14, threshold 6 via cost 2 
[INFO] log_coef 2.000000, healingTrigger 0 cost_step 5 L 1 cost_type 1 updatetype 1
[Overflow Report] total Usage   : 1136
[Overflow Report] Max H Overflow: 1
[Overflow Report] Max V Overflow: 1
[Overflow Report] Max Overflow  : 1
[Overflow Report] Num Overflow e: 7
[Overflow Report] H   Overflow  : 1
[Overflow Report] V   Overflow  : 6
[Overflow Report] Final Overflow: 7

Update congestion history type 1
[INFO] iteration 3, enlarge 30, costheight 24, threshold 2 via cost 0 
[INFO] log_coef 2.000000, healingTrigger 1 cost_step 5 L 1 cost_type 1 updatetype 1
[Overflow Report] total Usage   : 1140
[Overflow Report] Max H Overflow: 1
[Overflow Report] Max V Overflow: 1
[Overflow Report] Max Overflow  : 1
[Overflow Report] Num Overflow e: 5
[Overflow Report] H   Overflow  : 1
[Overflow Report] V   Overflow  : 4
[Overflow Report] Final Overflow: 5

Update congestion history type 1
[INFO] iteration 4, enlarge 35, costheight 34, threshold 0 via cost 0 
[INFO] log_coef 2.000000, healingTrigger 1 cost_step 5 L 1 cost_type 1 updatetype 1
[Overflow Report] total Usage   : 1142
[Overflow Report] Max H Overflow: 1
[Overflow Report] Max V Overflow: 1
[Overflow Report] Max Overflow  : 1
[Overflow Report] Num Overflow e: 6
[Overflow Report] H   Overflow  : 3
[Overflow Report] V   Overflow  : 3
[Overflow Report] Final Overflow: 6

Update congestion history type 1
[INFO] iteration 5, enlarge 40, costheight 44, threshold 0 via cost 0 
[INFO] log_coef 2.000000, healingTrigger 2 cost_step 5 L 1 cost_type 1 updatetype 1
[Overflow Report] total Usage   : 1142
[Overflow Report] Max H Overflow: 1
[Overflow Report] Max V Overflow: 1
[Overflow Report] Max Overflow  : 1
[Overflow Report] Num Overflow e: 5
[Overflow Report] H   Overflow  : 1
[Overflow Report] V   Overflow  : 4
[Overflow Report] Final Overflow: 5

Update congestion history type 1
[INFO] iteration 6, enlarge 45, costheight 54, threshold 0 via cost 0 
[INFO] log_coef 2.000000, healingTrigger 2 cost_step 5 L 1 cost_type 1 updatetype 1
[Overflow Report] total Usage   : 1140
[Overflow Report] Max H Overflow: 1
[Overflow Report] Max V Overflow: 1
[Overflow Report] Max Overflow  : 1
[Overflow Report] Num Overflow e: 5
[Overflow Report] H   Overflow  : 2
[Overflow Report] V   Overflow  : 3
[Overflow Report] Final Overflow: 5

Update congestion history type 1
[INFO] iteration 7, enlarge 50, costheight 64, threshold 0 via cost 0 
[INFO] log_coef 2.000000, healingTrigger 3 cost_step 5 L 1 cost_type 1 updatetype 1
[Overflow Report] total Usage   : 1140
[Overflow Report] Max H Overflow: 1
[Overflow Report] Max V Overflow: 1
[Overflow Report] Max Overflow  : 1
[Overflow Report] Num Overflow e: 5
[Overflow Report] H   Overflow  : 1
[Overflow Report] V   Overflow  : 4
[Overflow Report] Final Overflow: 5

Update congestion history type 1
[INFO] iteration 8, enlarge 55, costheight 74, threshold 0 via cost 0 
[INFO] log_coef 2.000000, healingTrigger 4 cost_step 5 L 0 cost_type 1 updatetype 2
[Overflow Report] total Usage   : 1140
[Overflow Report] Max H Overflow: 0
[Overflow Report] Max V Overflow: 1
[Overflow Report] Max Overflow  : 1
[Overflow Report] Num Overflow e: 4
[Overflow Report] H   Overflow  : 0
[Overflow Report] V   Overflow  : 4
[Overflow Report] Final Overflow: 4

Update congestion history type 2
[INFO] iteration 9, enlarge 60, costheight 84, threshold 0 via cost 0 
[INFO] log_coef 2.000000, healingTrigger 4 cost_step 5 L 1 cost_type 1 updatetype 2
[Overflow Report] total Usage   : 1148
[Overflow Report] Max H Overflow: 1
[Overflow Report] Max V Overflow: 1
[Overflow Report] Max Overflow  : 1
[Overflow Report] Num Overflow e: 6
[Overflow Report] H   Overflow  : 3
[Overflow Report] V   Overflow  : 3
[Overflow Report] Final Overflow: 6

Update congestion history type 2
[INFO] iteration 10, enlarge 65, costheight 94, threshold 0 via cost 0 
[INFO] log_coef 2.000000, healingTrigger 5 cost_step 5 L 1 cost_type 1 updatetype 2
[Overflow Report] total Usage   : 1144
[Overflow Report] Max H Overflow: 1
[Overflow Report] Max V Overflow: 1
[Overflow Report] Max Overflow  : 1
[Overflow Report] Num Overflow e: 6
[Overflow Report] H   Overflow  : 3
[Overflow Report] V   Overflow  : 3
[Overflow Report] Final Overflow: 6

Update congestion history type 2
[INFO] iteration 11, enlarge 70, costheight 104, threshold 0 via cost 0 
[INFO] log_coef 2.000000, healingTrigger 6 cost_step 5 L 1 cost_type 1 updatetype 2
[Overflow Report] total Usage   : 1148
[Overflow Report] Max H Overflow: 0
[Overflow Report] Max V Overflow: 1
[Overflow Report] Max Overflow  : 1
[Overflow Report] Num Overflow e: 3
[Overflow Report] H   Overflow  : 0
[Overflow Report] V   Overflow  : 3
[Overflow Report] Final Overflow: 3

Update congestion history type 2
[INFO] iteration 12, enlarge 75, costheight 109, threshold 0 via cost 0 
[INFO] log_coef 2.000000, healingTrigger 6 cost_step 5 L 1 cost_type 1 updatetype 2
[Overflow Report] total Usage   : 1148
[Overflow Report] Max H Overflow: 0
[Overflow Report] Max V Overflow: 1
[Overflow Report] Max Overflow  : 1
[Overflow Report] Num Overflow e: 3
[Overflow Report] H   Overflow  : 0
[Overflow Report] V   Overflow  : 3
[Overflow Report] Final Overflow: 3

Update congestion history type 2
[INFO] iteration 13, enlarge 80, costheight 119, threshold 0 via cost 0 
[INFO] log_coef 2.000000, healingTrigger 7 cost_step 5 L 1 cost_type 1 updatetype 2
[Overflow Report] total Usage   : 1136
[Overflow Report] Max H Overflow: 0
[Overflow Report] Max V Overflow: 1
[Overflow Report] Max Overflow  : 1
[Overflow Report] Num Overflow e: 6
[Overflow Report] H   Overflow  : 0
[Overflow Report] V   Overflow  : 6
[Overflow Report] Final Overflow: 6

Update congestion history type 2
[INFO] iteration 14, enlarge 85, costheight 129, threshold 0 via cost 0 
[INFO] log_coef 2.000000, healingTrigger 8 cost_step 5 L 1 cost_type 1 updatetype 2
[Overflow Report] total Usage   : 1148
[Overflow Report] Max H Overflow: 1
[Overflow Report] Max V Overflow: 1
[Overflow Report] Max Overflow  : 1
[Overflow Report] Num Overflow e: 4
[Overflow Report] H   Overflow  : 1
[Overflow Report] V   Overflow  : 3
[Overflow Report] Final Overflow: 4

Update congestion history type 2
[INFO] iteration 15, enlarge 90, costheight 134, threshold 0 via cost 0 
[INFO] log_coef 2.000000, healingTrigger 8 cost_step 5 L 1 cost_type 1 updatetype 2
[Overflow Report] total Usage   : 1148
[Overflow Report] Max H Overflow: 1
[Overflow Report] Max V Overflow: 1
[Overflow Report] Max Overflow  : 1
[Overflow Report] Num Overflow e: 4
[Overflow Report] H   Overflow  : 2
[Overflow Report] V   Overflow  : 2
[Overflow Report] Final Overflow: 4

Update congestion history type 2
[INFO] iteration 16, enlarge 95, costheight 144, threshold 0 via cost 0 
[INFO] log_coef 2.000000, healingTrigger 9 cost_step 5 L 1 cost_type 1 updatetype 2
[Overflow Report] total Usage   : 1146
[Overflow Report] Max H Overflow: 1
[Overflow Report] Max V Overflow: 1
[Overflow Report] Max Overflow  : 1
[Overflow Report] Num Overflow e: 8
[Overflow Report] H   Overflow  : 2
[Overflow Report] V   Overflow  : 6
[Overflow Report] Final Overflow: 8

Update congestion history type 2
[INFO] iteration 17, enlarge 100, costheight 154, threshold 0 via cost 0 
[INFO] log_coef 2.000000, healingTrigger 10 cost_step 5 L 1 cost_type 1 updatetype 2
[Overflow Report] total Usage   : 1148
[Overflow Report] Max H Overflow: 1
[Overflow Report] Max V Overflow: 1
[Overflow Report] Max Overflow  : 1
[Overflow Report] Num Overflow e: 8
[Overflow Report] H   Overflow  : 2
[Overflow Report] V   Overflow  : 6
[Overflow Report] Final Overflow: 8

Update congestion history type 2
[INFO] iteration 18, enlarge 105, costheight 164, threshold 0 via cost 0 
[INFO] log_coef 2.000000, healingTrigger 11 cost_step 5 L 1 cost_type 1 updatetype 2
[Overflow Report] total Usage   : 1156
[Overflow Report] Max H Overflow: 1
[Overflow Report] Max V Overflow: 1
[Overflow Report] Max Overflow  : 1
[Overflow Report] Num Overflow e: 7
[Overflow Report] H   Overflow  : 4
[Overflow Report] V   Overflow  : 3
[Overflow Report] Final Overflow: 7

Update congestion history type 2
[INFO] iteration 19, enlarge 110, costheight 174, threshold 0 via cost 0 
[INFO] log_coef 2.000000, healingTrigger 11 cost_step 5 L 1 cost_type 1 updatetype 2
[Overflow Report] total Usage   : 1148
[Overflow Report] Max H Overflow: 0
[Overflow Report] Max V Overflow: 1
[Overflow Report] Max Overflow  : 1
[Overflow Report] Num Overflow e: 3
[Overflow Report] H   Overflow  : 0
[Overflow Report] V   Overflow  : 3
[Overflow Report] Final Overflow: 3

Update congestion history type 2
[INFO] iteration 20, enlarge 115, costheight 179, threshold 0 via cost 0 
[INFO] log_coef 2.000000, healingTrigger 11 cost_step 5 L 1 cost_type 1 updatetype 2
[Overflow Report] total Usage   : 1148
[Overflow Report] Max H Overflow: 1
[Overflow Report] Max V Overflow: 1
[Overflow Report] Max Overflow  : 1
[Overflow Report] Num Overflow e: 4
[Overflow Report] H   Overflow  : 1
[Overflow Report] V   Overflow  : 3
[Overflow Report] Final Overflow: 4

Update congestion history type 2
[INFO] iteration 21, enlarge 120, costheight 189, threshold 0 via cost 0 
[INFO] log_coef 2.000000, healingTrigger 12 cost_step 5 L 1 cost_type 1 updatetype 2
[Overflow Report] total Usage   : 1148
[Overflow Report] Max H Overflow: 1
[Overflow Report] Max V Overflow: 1
[Overflow Report] Max Overflow  : 1
[Overflow Report] Num Overflow e: 5
[Overflow Report] H   Overflow  : 2
[Overflow Report] V   Overflow  : 3
[Overflow Report] Final Overflow: 5

Update congestion history type 2
[INFO] iteration 22, enlarge 124, costheight 199, threshold 0 via cost 0 
[INFO] log_coef 2.000000, healingTrigger 13 cost_step 5 L 1 cost_type 1 updatetype 2
[Overflow Report] total Usage   : 1144
[Overflow Report] Max H Overflow: 1
[Overflow Report] Max V Overflow: 1
[Overflow Report] Max Overflow  : 1
[Overflow Report] Num Overflow e: 6
[Overflow Report] H   Overflow  : 3
[Overflow Report] V   Overflow  : 3
[Overflow Report] Final Overflow: 6

Update congestion history type 2
[INFO] iteration 23, enlarge 124, costheight 209, threshold 0 via cost 0 
[INFO] log_coef 2.000000, healingTrigger 14 cost_step 5 L 1 cost_type 1 updatetype 2
[Overflow Report] total Usage   : 1136
[Overflow Report] Max H Overflow: 1
[Overflow Report] Max V Overflow: 1
[Overflow Report] Max Overflow  : 1
[Overflow Report] Num Overflow e: 7
[Overflow Report] H   Overflow  : 1
[Overflow Report] V   Overflow  : 6
[Overflow Report] Final Overflow: 7

Update congestion history type 2
[INFO] iteration 24, enlarge 124, costheight 219, threshold 0 via cost 0 
[INFO] log_coef 2.000000, healingTrigger 15 cost_step 5 L 1 cost_type 1 updatetype 2
[Overflow Report] total Usage   : 1148
[Overflow Report] Max H Overflow: 1
[Overflow Report] Max V Overflow: 1
[Overflow Report] Max Overflow  : 1
[Overflow Report] Num Overflow e: 5
[Overflow Report] H   Overflow  : 2
[Overflow Report] V   Overflow  : 3
[Overflow Report] Final Overflow: 5

Update congestion history type 2
[INFO] iteration 25, enlarge 124, costheight 229, threshold 0 via cost 0 
[INFO] log_coef 2.000000, healingTrigger 15 cost_step 5 L 1 cost_type 1 updatetype 2
[Overflow Report] total Usage   : 1150
[Overflow Report] Max H Overflow: 1
[Overflow Report] Max V Overflow: 1
[Overflow Report] Max Overflow  : 1
[Overflow Report] Num Overflow e: 6
[Overflow Report] H   Overflow  : 2
[Overflow Report] V   Overflow  : 4
[Overflow Report] Final Overflow: 6

Update congestion history type 2
[INFO] iteration 26, enlarge 124, costheight 239, threshold 0 via cost 0 
[INFO] log_coef 2.000000, healingTrigger 16 cost_step 5 L 1 cost_type 1 updatetype 2
[Overflow Report] total Usage   : 1150
[Overflow Report] Max H Overflow: 1
[Overflow Report] Max V Overflow: 1
[Overflow Report] Max Overflow  : 1
[Overflow Report] Num Overflow e: 6
[Overflow Report] H   Overflow  : 3
[Overflow Report] V   Overflow  : 3
[Overflow Report] Final Overflow: 6

Update congestion history type 2
[INFO] iteration 27, enlarge 124, costheight 249, threshold 0 via cost 0 
[INFO] log_coef 2.000000, healingTrigger 17 cost_step 5 L 1 cost_type 1 updatetype 2
[Overflow Report] total Usage   : 1140
[Overflow Report] Max H Overflow: 1
[Overflow Report] Max V Overflow: 1
[Overflow Report] Max Overflow  : 1
[Overflow Report] Num Overflow e: 9
[Overflow Report] H   Overflow  : 3
[Overflow Report] V   Overflow  : 6
[Overflow Report] Final Overflow: 9

Update congestion history type 2
[INFO] iteration 28, enlarge 124, costheight 259, threshold 0 via cost 0 
[INFO] log_coef 2.000000, healingTrigger 18 cost_step 5 L 1 cost_type 1 updatetype 2
[Overflow Report] total Usage   : 1140
[Overflow Report] Max H Overflow: 1
[Overflow Report] Max V Overflow: 1
[Overflow Report] Max Overflow  : 1
[Overflow Report] Num Overflow e: 4
[Overflow Report] H   Overflow  : 1
[Overflow Report] V   Overflow  : 3
[Overflow Report] Final Overflow: 4

Update congestion history type 2
[INFO] iteration 29, enlarge 124, costheight 264, threshold 0 via cost 0 
[INFO] log_coef 2.000000, healingTrigger 18 cost_step 5 L 1 cost_type 1 updatetype 2
[Overflow Report] total Usage   : 1146
[Overflow Report] Max H Overflow: 1
[Overflow Report] Max V Overflow: 1
[Overflow Report] Max Overflow  : 1
[Overflow Report] Num Overflow e: 7
[Overflow Report] H   Overflow  : 1
[Overflow Report] V   Overflow  : 6
[Overflow Report] Final Overflow: 7

Update congestion history type 2
[INFO] iteration 30, enlarge 124, costheight 274, threshold 0 via cost 0 
[INFO] log_coef 2.000000, healingTrigger 19 cost_step 5 L 1 cost_type 1 updatetype 2
[Overflow Report] total Usage   : 1148
[Overflow Report] Max H Overflow: 1
[Overflow Report] Max V Overflow: 1
[Overflow Report] Max Overflow  : 1
[Overflow Report] Num Overflow e: 4
[Overflow Report] H   Overflow  : 2
[Overflow Report] V   Overflow  : 2
[Overflow Report] Final Overflow: 4

Update congestion history type 4
[INFO] iteration 31, enlarge 124, costheight 279, threshold 0 via cost 0 
[INFO] log_coef 2.000000, healingTrigger 19 cost_step 5 L 1 cost_type 1 updatetype 4
[Overflow Report] total Usage   : 1148
[Overflow Report] Max H Overflow: 1
[Overflow Report] Max V Overflow: 1
[Overflow Report] Max Overflow  : 1
[Overflow Report] Num Overflow e: 5
[Overflow Report] H   Overflow  : 2
[Overflow Report] V   Overflow  : 3
[Overflow Report] Final Overflow: 5

Update congestion history type 4
[INFO] iteration 32, enlarge 124, costheight 289, threshold 0 via cost 0 
[INFO] log_coef 2.000000, healingTrigger 20 cost_step 5 L 1 cost_type 1 updatetype 4
[Overflow Report] total Usage   : 1142
[Overflow Report] Max H Overflow: 1
[Overflow Report] Max V Overflow: 1
[Overflow Report] Max Overflow  : 1
[Overflow Report] Num Overflow e: 9
[Overflow Report] H   Overflow  : 3
[Overflow Report] V   Overflow  : 6
[Overflow Report] Final Overflow: 9

Update congestion history type 4
[INFO] iteration 33, enlarge 124, costheight 299, threshold 0 via cost 0 
[INFO] log_coef 2.000000, healingTrigger 21 cost_step 5 L 1 cost_type 1 updatetype 4
[Overflow Report] total Usage   : 1158
[Overflow Report] Max H Overflow: 1
[Overflow Report] Max V Overflow: 1
[Overflow Report] Max Overflow  : 1
[Overflow Report] Num Overflow e: 7
[Overflow Report] H   Overflow  : 1
[Overflow Report] V   Overflow  : 6
[Overflow Report] Final Overflow: 7

Update congestion history type 4
[INFO] iteration 34, enlarge 124, costheight 309, threshold 0 via cost 0 
[INFO] log_coef 2.000000, healingTrigger 21 cost_step 5 L 1 cost_type 1 updatetype 4
[Overflow Report] total Usage   : 1150
[Overflow Report] Max H Overflow: 1
[Overflow Report] Max V Overflow: 1
[Overflow Report] Max Overflow  : 1
[Overflow Report] Num Overflow e: 5
[Overflow Report] H   Overflow  : 2
[Overflow Report] V   Overflow  : 3
[Overflow Report] Final Overflow: 5

Update congestion history type 4
[INFO] iteration 35, enlarge 124, costheight 319, threshold 0 via cost 0 
[INFO] log_coef 2.000000, healingTrigger 21 cost_step 5 L 1 cost_type 1 updatetype 4
[Overflow Report] total Usage   : 1148
[Overflow Report] Max H Overflow: 1
[Overflow Report] Max V Overflow: 1
[Overflow Report] Max Overflow  : 1
[Overflow Report] Num Overflow e: 4
[Overflow Report] H   Overflow  : 1
[Overflow Report] V   Overflow  : 3
[Overflow Report] Final Overflow: 4

Update congestion history type 4
[INFO] iteration 36, enlarge 124, costheight 329, threshold 0 via cost 0 
[INFO] log_coef 2.000000, healingTrigger 21 cost_step 5 L 1 cost_type 1 updatetype 4
[Overflow Report] total Usage   : 1140
[Overflow Report] Max H Overflow: 1
[Overflow Report] Max V Overflow: 1
[Overflow Report] Max Overflow  : 1
[Overflow Report] Num Overflow e: 5
[Overflow Report] H   Overflow  : 2
[Overflow Report] V   Overflow  : 3
[Overflow Report] Final Overflow: 5

Update congestion history type 4
[INFO] iteration 37, enlarge 124, costheight 339, threshold 0 via cost 0 
[INFO] log_coef 2.000000, healingTrigger 22 cost_step 5 L 1 cost_type 1 updatetype 4
[Overflow Report] total Usage   : 1150
[Overflow Report] Max H Overflow: 1
[Overflow Report] Max V Overflow: 1
[Overflow Report] Max Overflow  : 1
[Overflow Report] Num Overflow e: 4
[Overflow Report] H   Overflow  : 1
[Overflow Report] V   Overflow  : 3
[Overflow Report] Final Overflow: 4

Update congestion history type 4
[INFO] iteration 38, enlarge 124, costheight 349, threshold 0 via cost 0 
[INFO] log_coef 2.000000, healingTrigger 22 cost_step 5 L 1 cost_type 1 updatetype 4
[Overflow Report] total Usage   : 1150
[Overflow Report] Max H Overflow: 1
[Overflow Report] Max V Overflow: 1
[Overflow Report] Max Overflow  : 1
[Overflow Report] Num Overflow e: 8
[Overflow Report] H   Overflow  : 6
[Overflow Report] V   Overflow  : 2
[Overflow Report] Final Overflow: 8

Update congestion history type 4
[INFO] iteration 39, enlarge 124, costheight 359, threshold 0 via cost 0 
[INFO] log_coef 2.000000, healingTrigger 23 cost_step 5 L 1 cost_type 1 updatetype 4
[Overflow Report] total Usage   : 1148
[Overflow Report] Max H Overflow: 1
[Overflow Report] Max V Overflow: 1
[Overflow Report] Max Overflow  : 1
[Overflow Report] Num Overflow e: 4
[Overflow Report] H   Overflow  : 1
[Overflow Report] V   Overflow  : 3
[Overflow Report] Final Overflow: 4

Update congestion history type 4
[INFO] iteration 40, enlarge 124, costheight 364, threshold 0 via cost 0 
[INFO] log_coef 2.000000, healingTrigger 23 cost_step 5 L 1 cost_type 1 updatetype 4
[Overflow Report] total Usage   : 1140
[Overflow Report] Max H Overflow: 1
[Overflow Report] Max V Overflow: 1
[Overflow Report] Max Overflow  : 1
[Overflow Report] Num Overflow e: 6
[Overflow Report] H   Overflow  : 4
[Overflow Report] V   Overflow  : 2
[Overflow Report] Final Overflow: 6

Update congestion history type 4
[INFO] iteration 41, enlarge 124, costheight 374, threshold 0 via cost 0 
[INFO] log_coef 2.000000, healingTrigger 24 cost_step 5 L 1 cost_type 1 updatetype 4
[Overflow Report] total Usage   : 1136
[Overflow Report] Max H Overflow: 1
[Overflow Report] Max V Overflow: 1
[Overflow Report] Max Overflow  : 1
[Overflow Report] Num Overflow e: 8
[Overflow Report] H   Overflow  : 5
[Overflow Report] V   Overflow  : 3
[Overflow Report] Final Overflow: 8

Update congestion history type 4
[INFO] iteration 42, enlarge 124, costheight 384, threshold 0 via cost 0 
[INFO] log_coef 2.000000, healingTrigger 25 cost_step 5 L 1 cost_type 1 updatetype 4
[Overflow Report] total Usage   : 1158
[Overflow Report] Max H Overflow: 1
[Overflow Report] Max V Overflow: 1
[Overflow Report] Max Overflow  : 1
[Overflow Report] Num Overflow e: 8
[Overflow Report] H   Overflow  : 2
[Overflow Report] V   Overflow  : 6
[Overflow Report] Final Overflow: 8

Update congestion history type 4
[INFO] iteration 43, enlarge 124, costheight 394, threshold 0 via cost 0 
[INFO] log_coef 2.000000, healingTrigger 26 cost_step 5 L 1 cost_type 1 updatetype 4
[Overflow Report] total Usage   : 1150
[Overflow Report] Max H Overflow: 1
[Overflow Report] Max V Overflow: 1
[Overflow Report] Max Overflow  : 1
[Overflow Report] Num Overflow e: 6
[Overflow Report] H   Overflow  : 3
[Overflow Report] V   Overflow  : 3
[Overflow Report] Final Overflow: 6

Update congestion history type 4
[INFO] iteration 44, enlarge 124, costheight 404, threshold 0 via cost 0 
[INFO] log_coef 2.000000, healingTrigger 26 cost_step 5 L 1 cost_type 1 updatetype 4
[Overflow Report] total Usage   : 1136
[Overflow Report] Max H Overflow: 1
[Overflow Report] Max V Overflow: 1
[Overflow Report] Max Overflow  : 1
[Overflow Report] Num Overflow e: 8
[Overflow Report] H   Overflow  : 2
[Overflow Report] V   Overflow  : 6
[Overflow Report] Final Overflow: 8

Update congestion history type 4
[INFO] iteration 45, enlarge 124, costheight 414, threshold 0 via cost 0 
[INFO] log_coef 2.000000, healingTrigger 27 cost_step 5 L 1 cost_type 1 updatetype 4
[Overflow Report] total Usage   : 1152
[Overflow Report] Max H Overflow: 1
[Overflow Report] Max V Overflow: 1
[Overflow Report] Max Overflow  : 1
[Overflow Report] Num Overflow e: 10
[Overflow Report] H   Overflow  : 7
[Overflow Report] V   Overflow  : 3
[Overflow Report] Final Overflow: 10

Update congestion history type 4
[INFO] iteration 46, enlarge 124, costheight 424, threshold 0 via cost 0 
[INFO] log_coef 2.000000, healingTrigger 28 cost_step 5 L 1 cost_type 1 updatetype 4
[Overflow Report] total Usage   : 1148
[Overflow Report] Max H Overflow: 1
[Overflow Report] Max V Overflow: 1
[Overflow Report] Max Overflow  : 1
[Overflow Report] Num Overflow e: 5
[Overflow Report] H   Overflow  : 3
[Overflow Report] V   Overflow  : 2
[Overflow Report] Final Overflow: 5

Update congestion history type 4
[INFO] iteration 47, enlarge 124, costheight 429, threshold 0 via cost 0 
[INFO] log_coef 2.000000, healingTrigger 28 cost_step 5 L 1 cost_type 1 updatetype 4
[Overflow Report] total Usage   : 1140
[Overflow Report] Max H Overflow: 1
[Overflow Report] Max V Overflow: 1
[Overflow Report] Max Overflow  : 1
[Overflow Report] Num Overflow e: 8
[Overflow Report] H   Overflow  : 2
[Overflow Report] V   Overflow  : 6
[Overflow Report] Final Overflow: 8

Update congestion history type 4
[INFO] iteration 48, enlarge 124, costheight 439, threshold 0 via cost 0 
[INFO] log_coef 2.000000, healingTrigger 29 cost_step 5 L 1 cost_type 1 updatetype 4
[Overflow Report] total Usage   : 1146
[Overflow Report] Max H Overflow: 1
[Overflow Report] Max V Overflow: 1
[Overflow Report] Max Overflow  : 1
[Overflow Report] Num Overflow e: 8
[Overflow Report] H   Overflow  : 2
[Overflow Report] V   Overflow  : 6
[Overflow Report] Final Overflow: 8

Update congestion history type 4
[INFO] iteration 49, enlarge 124, costheight 449, threshold 0 via cost 0 
[INFO] log_coef 2.000000, healingTrigger 30 cost_step 5 L 1 cost_type 1 updatetype 4
[Overflow Report] total Usage   : 1148
[Overflow Report] Max H Overflow: 1
[Overflow Report] Max V Overflow: 1
[Overflow Report] Max Overflow  : 1
[Overflow Report] Num Overflow e: 5
[Overflow Report] H   Overflow  : 2
[Overflow Report] V   Overflow  : 3
[Overflow Report] Final Overflow: 5

Update congestion history type 4
[INFO] iteration 50, enlarge 124, costheight 454, threshold 0 via cost 0 
[INFO] log_coef 2.000000, healingTrigger 30 cost_step 5 L 1 cost_type 1 updatetype 4
[Overflow Report] total Usage   : 1144
[Overflow Report] Max H Overflow: 1
[Overflow Report] Max V Overflow: 1
[Overflow Report] Max Overflow  : 1
[Overflow Report] Num Overflow e: 6
[Overflow Report] H   Overflow  : 3
[Overflow Report] V   Overflow  : 3
[Overflow Report] Final Overflow: 6

Warning: Global routing finished with overflow


 minimal ofl 3, occuring at round 11

Usage checked
Maze routing finished
[INFO] P3 runtime: 0.840000 sec
[INFO] Final 2D results: 
[Overflow Report] total Usage   : 1144
[Overflow Report] Max H Overflow: 1
[Overflow Report] Max V Overflow: 1
[Overflow Report] Max Overflow  : 1
[Overflow Report] Num Overflow e: 6
[Overflow Report] H   Overflow  : 3
[Overflow Report] V   Overflow  : 3
[Overflow Report] Final Overflow: 6

Layer Assignment Begins
Layer assignment finished
[INFO] 2D + Layer Assignment Runtime: 0.840000 sec
[INFO] Via related to pin nodes 27
[INFO] Via related stiner nodes 0
Via filling finished

Final usage/overflow report: 
[INFO] Usage per layer: 
    Layer 1 usage: 0
    Layer 2 usage: 346
    Layer 3 usage: 322
    Layer 4 usage: 282
    Layer 5 usage: 194

[INFO] Capacity per layer: 
    Layer 1 capacity: 0
    Layer 2 capacity: 3347241
    Layer 3 capacity: 2642152
    Layer 4 capacity: 1674418
    Layer 5 capacity: 1197534

[INFO] Use percentage per layer: 
    Layer 1 use percentage: 0.0%
    Layer 2 use percentage: 0.01%
    Layer 3 use percentage: 0.01%
    Layer 4 use percentage: 0.02%
    Layer 5 use percentage: 0.02%

[INFO] Overflow per layer: 
    Layer 1 overflow: 0
    Layer 2 overflow: 2
    Layer 3 overflow: 2
    Layer 4 overflow: 2
    Layer 5 overflow: 0

[Overflow Report] Total Usage   : 1144
[Overflow Report] Total Capacity: 8861345
[Overflow Report] Max H Overflow: 1
[Overflow Report] Max V Overflow: 1
[Overflow Report] Max Overflow  : 1
[Overflow Report] H   Overflow  : 3
[Overflow Report] V   Overflow  : 3
[Overflow Report] Final Overflow: 6

[INFO] Final usage          : 1144
[INFO] Final number of vias : 78
[INFO] Final usage 3D       : 1378
[INFO] Total wirelength: 17683 um
[INFO] Num routed nets: 6
[WARN]: No CLOCK_PORT found. Skipping STA...
