
reading lef ...

units:       1000
#layers:     13
#macros:     73
#vias:       25
#viarulegen: 25

reading def ...

design:      vsdPLLSoC
die area:    ( 0 0 ) ( 3588000 5188000 )
trackPts:    12
defvias:     0
#components: 4
#terminals:  0
#snets:      0
#nets:       6

reading guide ...

#guides:     87
Warning: met2 does not have viaDef align with layer direction, generating new viaDef via2_FR...
Warning: met4 does not have viaDef align with layer direction, generating new viaDef via4_FR...
done initConstraintLayerIdx
List of default vias:
  Layer mcon
    default via: L1M1_PR_MR
  Layer via
    default via: M1M2_PR
  Layer via2
    default via: via2_FR
  Layer via3
    default via: M3M4_PR_M
  Layer via4
    default via: via4_FR
Writing reference output def...

libcell analysis ...

instance analysis ...
#unique instances = 4

init region query ...
Error: unsupported region query add
Error: unsupported region query add
Error: unsupported region query add
Error: unsupported region query add
Error: unsupported region query add
Error: unsupported region query add
Error: unsupported region query add
Error: unsupported region query add
Error: unsupported region query add
Error: unsupported region query add
Error: unsupported region query add
Error: unsupported region query add
Error: unsupported region query add
Error: unsupported region query add
Error: unsupported region query add
Error: unsupported region query add
Error: unsupported region query add
Error: unsupported region query add
Error: unsupported region query add
Error: unsupported region query add
  complete FR_MASTERSLICE
  complete FR_VIA
  complete li1
  complete mcon
  complete met1
  complete via
  complete met2
  complete via2
  complete met3
  complete via3
  complete met4
  complete via4
  complete met5

FR_MASTERSLICE shape region query size = 0
FR_VIA shape region query size = 0
li1 shape region query size = 504
mcon shape region query size = 409
met1 shape region query size = 952
via shape region query size = 341
met2 shape region query size = 1739
via2 shape region query size = 87
met3 shape region query size = 482
via3 shape region query size = 23
met4 shape region query size = 3573
via4 shape region query size = 0
met5 shape region query size = 2032


start pin access
  complete 37 pins
  complete 1 unique inst patterns
  complete 1 groups
Expt1 runtime (pin-level access point gen): 32.6698
Expt2 runtime (design-level access pattern gen): 0.129876
#scanned instances     = 4
#unique  instances     = 4
#stdCellGenAp          = 183
#stdCellValidPlanarAp  = 171
#stdCellValidViaAp     = 22
#stdCellPinNoAp        = 0
#stdCellPinCnt         = 5
#instTermValidViaApCnt = 0
#macroGenAp            = 48798
#macroValidPlanarAp    = 48784
#macroValidViaAp       = 6657
#macroNoAp             = 0

complete pin access
cpu time = 00:00:22, elapsed time = 00:00:32, memory = 20.07 (MB), peak = 20.08 (MB)

post process guides ...
GCELLGRID X -1 DO 360 STEP 14400 ;
GCELLGRID Y -1 DO 249 STEP 14400 ;
  complete FR_MASTERSLICE
  complete FR_VIA
  complete li1
  complete mcon
  complete met1
  complete via
  complete met2
  complete via2
  complete met3
  complete via3
  complete met4
  complete via4
  complete met5

building cmap ... 

init guide query ...
  complete FR_MASTERSLICE (guide)
  complete FR_VIA (guide)
  complete li1 (guide)
  complete mcon (guide)
  complete met1 (guide)
  complete via (guide)
  complete met2 (guide)
  complete via2 (guide)
  complete met3 (guide)
  complete via3 (guide)
  complete met4 (guide)
  complete via4 (guide)
  complete met5 (guide)

FR_MASTERSLICE guide region query size = 0
FR_VIA guide region query size = 0
li1 guide region query size = 0
mcon guide region query size = 0
met1 guide region query size = 25
via guide region query size = 0
met2 guide region query size = 31
via2 guide region query size = 0
met3 guide region query size = 8
via3 guide region query size = 0
met4 guide region query size = 2
via4 guide region query size = 0
met5 guide region query size = 0

init gr pin query ...


start track assignment
Done with 33 vertical wires in 5 frboxes and 33 horizontal wires in 8 frboxes.
Done with 4 vertical wires in 5 frboxes and 6 horizontal wires in 8 frboxes.

complete track assignment
cpu time = 00:00:00, elapsed time = 00:00:00, memory = 64.57 (MB), peak = 85.01 (MB)

post processing ...

start routing data preparation
initVia2ViaMinLen_minSpc li1 (d2d, d2u, u2d, u2u) = (0, 0, 0, 370)
initVia2ViaMinLen_minSpc met1 (d2d, d2u, u2d, u2u) = (430, 445, 445, 460)
initVia2ViaMinLen_minSpc met2 (d2d, d2u, u2d, u2u) = (460, 485, 485, 630)
initVia2ViaMinLen_minSpc met3 (d2d, d2u, u2d, u2u) = (630, 655, 655, 680)
initVia2ViaMinLen_minSpc met4 (d2d, d2u, u2d, u2u) = (630, 1055, 1055, 3020)
initVia2ViaMinLen_minSpc met5 (d2d, d2u, u2d, u2u) = (1480, 0, 0, 0)
initVia2ViaMinLen_minimumcut li1 (d2d, d2u, u2d, u2u) = (0, 0, 0, 370)
initVia2ViaMinLen_minimumcut li1 zerolen (b, b, b, b) = (1, 1, 1, 1)
initVia2ViaMinLen_minimumcut met1 (d2d, d2u, u2d, u2u) = (430, 445, 445, 460)
initVia2ViaMinLen_minimumcut met1 zerolen (b, b, b, b) = (1, 1, 1, 1)
initVia2ViaMinLen_minimumcut met2 (d2d, d2u, u2d, u2u) = (460, 485, 485, 630)
initVia2ViaMinLen_minimumcut met2 zerolen (b, b, b, b) = (1, 1, 1, 1)
initVia2ViaMinLen_minimumcut met3 (d2d, d2u, u2d, u2u) = (630, 655, 655, 680)
initVia2ViaMinLen_minimumcut met3 zerolen (b, b, b, b) = (1, 1, 1, 1)
initVia2ViaMinLen_minimumcut met4 (d2d, d2u, u2d, u2u) = (630, 1055, 1055, 3020)
initVia2ViaMinLen_minimumcut met4 zerolen (b, b, b, b) = (1, 1, 1, 1)
initVia2ViaMinLen_minimumcut met5 (d2d, d2u, u2d, u2u) = (1480, 0, 0, 0)
initVia2ViaMinLen_minimumcut met5 zerolen (b, b, b, b) = (1, 1, 1, 1)
initVia2ViaMinLenNew_minSpc li1 (d2d-x, d2d-y, d2u-x, d2u-y, u2d-x, u2d-y, u2u-x, u2u-y) = (0, 0, 0, 0, 0, 0, 430, 370)
initVia2ViaMinLenNew_minSpc met1 (d2d-x, d2d-y, d2u-x, d2u-y, u2d-x, u2d-y, u2u-x, u2u-y) = (430, 370, 445, 385, 445, 385, 460, 460)
initVia2ViaMinLenNew_minSpc met2 (d2d-x, d2d-y, d2u-x, d2u-y, u2d-x, u2d-y, u2u-x, u2u-y) = (460, 460, 410, 485, 410, 485, 630, 630)
initVia2ViaMinLenNew_minSpc met3 (d2d-x, d2d-y, d2u-x, d2u-y, u2d-x, u2d-y, u2u-x, u2u-y) = (630, 630, 655, 625, 655, 625, 680, 630)
initVia2ViaMinLenNew_minSpc met4 (d2d-x, d2d-y, d2u-x, d2u-y, u2d-x, u2d-y, u2u-x, u2u-y) = (680, 630, 1055, 1055, 1055, 1055, 3020, 3020)
initVia2ViaMinLenNew_minSpc met5 (d2d-x, d2d-y, d2u-x, d2u-y, u2d-x, u2d-y, u2u-x, u2u-y) = (1480, 1480, 0, 0, 0, 0, 0, 0)
initVia2ViaMinLenNew_minimumcut li1 (d2d-x, d2d-y, d2u-x, d2u-y, u2d-x, u2d-y, u2u-x, u2u-y) = (0, 0, 0, 0, 0, 0, 430, 370)
initVia2ViaMinLenNew_minimumcut met1 (d2d-x, d2d-y, d2u-x, d2u-y, u2d-x, u2d-y, u2u-x, u2u-y) = (430, 370, 445, 385, 445, 385, 460, 460)
initVia2ViaMinLenNew_minimumcut met2 (d2d-x, d2d-y, d2u-x, d2u-y, u2d-x, u2d-y, u2u-x, u2u-y) = (460, 460, 410, 485, 410, 485, 630, 630)
initVia2ViaMinLenNew_minimumcut met3 (d2d-x, d2d-y, d2u-x, d2u-y, u2d-x, u2d-y, u2u-x, u2u-y) = (630, 630, 655, 625, 655, 625, 680, 630)
initVia2ViaMinLenNew_minimumcut met4 (d2d-x, d2d-y, d2u-x, d2u-y, u2d-x, u2d-y, u2u-x, u2u-y) = (680, 630, 1055, 1055, 1055, 1055, 3020, 3020)
initVia2ViaMinLenNew_minimumcut met5 (d2d-x, d2d-y, d2u-x, d2u-y, u2d-x, u2d-y, u2u-x, u2u-y) = (1480, 1480, 0, 0, 0, 0, 0, 0)
initVia2ViaMinLenNew_cutSpc li1 (d2d-x, d2d-y, d2u-x, d2u-y, u2d-x, u2d-y, u2u-x, u2u-y) = (0, 0, 0, 0, 0, 0, 430, 370)
initVia2ViaMinLenNew_cutSpc met1 (d2d-x, d2d-y, d2u-x, d2u-y, u2d-x, u2d-y, u2u-x, u2u-y) = (430, 370, 445, 385, 445, 385, 460, 460)
initVia2ViaMinLenNew_cutSpc met2 (d2d-x, d2d-y, d2u-x, d2u-y, u2d-x, u2d-y, u2u-x, u2u-y) = (460, 460, 410, 485, 410, 485, 630, 630)
initVia2ViaMinLenNew_cutSpc met3 (d2d-x, d2d-y, d2u-x, d2u-y, u2d-x, u2d-y, u2u-x, u2u-y) = (630, 630, 655, 625, 655, 625, 680, 630)
initVia2ViaMinLenNew_cutSpc met4 (d2d-x, d2d-y, d2u-x, d2u-y, u2d-x, u2d-y, u2u-x, u2u-y) = (680, 630, 1055, 1055, 1055, 1055, 3020, 3020)
initVia2ViaMinLenNew_cutSpc met5 (d2d-x, d2d-y, d2u-x, d2u-y, u2d-x, u2d-y, u2u-x, u2u-y) = (1600, 1600, 0, 0, 0, 0, 0, 0)
cpu time = 00:00:00, elapsed time = 00:00:00, memory = 64.57 (MB), peak = 85.01 (MB)

start detail routing ...
start 0th optimization iteration ...
    completing 10% with 0 violations
    elapsed time = 00:00:13, memory = 168.50 (MB)
    completing 20% with 0 violations
    elapsed time = 00:00:23, memory = 222.78 (MB)
    completing 30% with 42 violations
    elapsed time = 00:00:39, memory = 137.78 (MB)
    completing 40% with 42 violations
    elapsed time = 00:00:49, memory = 193.98 (MB)
    completing 50% with 42 violations
    elapsed time = 00:01:03, memory = 260.46 (MB)
    completing 60% with 61 violations
    elapsed time = 00:01:13, memory = 172.02 (MB)
    completing 70% with 61 violations
    elapsed time = 00:01:23, memory = 222.19 (MB)
    completing 80% with 69 violations
    elapsed time = 00:01:34, memory = 142.96 (MB)
    completing 90% with 69 violations
    elapsed time = 00:01:43, memory = 201.53 (MB)
    completing 100% with 33 violations
    elapsed time = 00:01:52, memory = 74.68 (MB)
  number of violations = 33
cpu time = 00:01:35, elapsed time = 00:01:53, memory = 74.68 (MB), peak = 425.30 (MB)
total wire length = 16181 um
total wire length on LAYER li1 = 0 um
total wire length on LAYER met1 = 3997 um
total wire length on LAYER met2 = 5523 um
total wire length on LAYER met3 = 3960 um
total wire length on LAYER met4 = 2699 um
total wire length on LAYER met5 = 0 um
total number of vias = 61
up-via summary (total 61):

---------------------
 FR_MASTERSLICE     0
            li1     0
           met1    47
           met2    10
           met3     4
           met4     0
---------------------
                   61


start 1st optimization iteration ...
    completing 10% with 33 violations
    elapsed time = 00:00:09, memory = 167.75 (MB)
    completing 20% with 33 violations
    elapsed time = 00:00:18, memory = 223.93 (MB)
    completing 30% with 22 violations
    elapsed time = 00:00:32, memory = 130.18 (MB)
    completing 40% with 22 violations
    elapsed time = 00:00:41, memory = 196.17 (MB)
    completing 50% with 22 violations
    elapsed time = 00:00:51, memory = 249.95 (MB)
    completing 60% with 5 violations
    elapsed time = 00:01:01, memory = 164.46 (MB)
    completing 70% with 5 violations
    elapsed time = 00:01:10, memory = 223.72 (MB)
    completing 80% with 0 violations
    elapsed time = 00:01:22, memory = 137.08 (MB)
    completing 90% with 0 violations
    elapsed time = 00:01:30, memory = 196.81 (MB)
    completing 100% with 0 violations
    elapsed time = 00:01:40, memory = 67.49 (MB)
  number of violations = 0
cpu time = 00:01:34, elapsed time = 00:01:40, memory = 67.49 (MB), peak = 425.30 (MB)
total wire length = 16052 um
total wire length on LAYER li1 = 0 um
total wire length on LAYER met1 = 3930 um
total wire length on LAYER met2 = 5509 um
total wire length on LAYER met3 = 3914 um
total wire length on LAYER met4 = 2698 um
total wire length on LAYER met5 = 0 um
total number of vias = 54
up-via summary (total 54):

---------------------
 FR_MASTERSLICE     0
            li1     0
           met1    42
           met2     8
           met3     4
           met4     0
---------------------
                   54


start 2nd optimization iteration ...
    completing 10% with 0 violations
    elapsed time = 00:00:00, memory = 67.75 (MB)
    completing 20% with 0 violations
    elapsed time = 00:00:00, memory = 67.94 (MB)
    completing 30% with 0 violations
    elapsed time = 00:00:00, memory = 68.39 (MB)
    completing 40% with 0 violations
    elapsed time = 00:00:00, memory = 68.39 (MB)
    completing 50% with 0 violations
    elapsed time = 00:00:00, memory = 68.39 (MB)
    completing 60% with 0 violations
    elapsed time = 00:00:00, memory = 68.39 (MB)
    completing 70% with 0 violations
    elapsed time = 00:00:00, memory = 68.47 (MB)
    completing 80% with 0 violations
    elapsed time = 00:00:00, memory = 68.47 (MB)
    completing 90% with 0 violations
    elapsed time = 00:00:00, memory = 68.47 (MB)
    completing 100% with 0 violations
    elapsed time = 00:00:00, memory = 68.47 (MB)
  number of violations = 0
cpu time = 00:00:00, elapsed time = 00:00:00, memory = 68.47 (MB), peak = 425.30 (MB)
total wire length = 16052 um
total wire length on LAYER li1 = 0 um
total wire length on LAYER met1 = 3930 um
total wire length on LAYER met2 = 5509 um
total wire length on LAYER met3 = 3914 um
total wire length on LAYER met4 = 2698 um
total wire length on LAYER met5 = 0 um
total number of vias = 54
up-via summary (total 54):

---------------------
 FR_MASTERSLICE     0
            li1     0
           met1    42
           met2     8
           met3     4
           met4     0
---------------------
                   54


start 17th optimization iteration ...
    completing 10% with 0 violations
    elapsed time = 00:00:00, memory = 68.47 (MB)
    completing 20% with 0 violations
    elapsed time = 00:00:00, memory = 68.72 (MB)
    completing 30% with 0 violations
    elapsed time = 00:00:00, memory = 68.72 (MB)
    completing 40% with 0 violations
    elapsed time = 00:00:00, memory = 68.72 (MB)
    completing 50% with 0 violations
    elapsed time = 00:00:00, memory = 68.72 (MB)
    completing 60% with 0 violations
    elapsed time = 00:00:00, memory = 68.72 (MB)
    completing 70% with 0 violations
    elapsed time = 00:00:00, memory = 68.72 (MB)
    completing 80% with 0 violations
    elapsed time = 00:00:00, memory = 69.23 (MB)
    completing 90% with 0 violations
    elapsed time = 00:00:00, memory = 69.23 (MB)
    completing 100% with 0 violations
    elapsed time = 00:00:00, memory = 69.30 (MB)
  number of violations = 0
cpu time = 00:00:00, elapsed time = 00:00:00, memory = 69.30 (MB), peak = 425.30 (MB)
total wire length = 16052 um
total wire length on LAYER li1 = 0 um
total wire length on LAYER met1 = 3930 um
total wire length on LAYER met2 = 5509 um
total wire length on LAYER met3 = 3914 um
total wire length on LAYER met4 = 2698 um
total wire length on LAYER met5 = 0 um
total number of vias = 54
up-via summary (total 54):

---------------------
 FR_MASTERSLICE     0
            li1     0
           met1    42
           met2     8
           met3     4
           met4     0
---------------------
                   54


start 25th optimization iteration ...
    completing 10% with 0 violations
    elapsed time = 00:00:00, memory = 69.30 (MB)
    completing 20% with 0 violations
    elapsed time = 00:00:00, memory = 69.56 (MB)
    completing 30% with 0 violations
    elapsed time = 00:00:00, memory = 70.07 (MB)
    completing 40% with 0 violations
    elapsed time = 00:00:00, memory = 70.24 (MB)
    completing 50% with 0 violations
    elapsed time = 00:00:00, memory = 70.24 (MB)
    completing 60% with 0 violations
    elapsed time = 00:00:00, memory = 70.24 (MB)
    completing 70% with 0 violations
    elapsed time = 00:00:00, memory = 70.24 (MB)
    completing 80% with 0 violations
    elapsed time = 00:00:00, memory = 70.24 (MB)
    completing 90% with 0 violations
    elapsed time = 00:00:00, memory = 70.24 (MB)
    completing 100% with 0 violations
    elapsed time = 00:00:00, memory = 70.24 (MB)
  number of violations = 0
cpu time = 00:00:00, elapsed time = 00:00:00, memory = 70.24 (MB), peak = 425.30 (MB)
total wire length = 16052 um
total wire length on LAYER li1 = 0 um
total wire length on LAYER met1 = 3930 um
total wire length on LAYER met2 = 5509 um
total wire length on LAYER met3 = 3914 um
total wire length on LAYER met4 = 2698 um
total wire length on LAYER met5 = 0 um
total number of vias = 54
up-via summary (total 54):

---------------------
 FR_MASTERSLICE     0
            li1     0
           met1    42
           met2     8
           met3     4
           met4     0
---------------------
                   54


start 33rd optimization iteration ...
    completing 10% with 0 violations
    elapsed time = 00:00:00, memory = 70.24 (MB)
    completing 20% with 0 violations
    elapsed time = 00:00:00, memory = 70.24 (MB)
    completing 30% with 0 violations
    elapsed time = 00:00:00, memory = 70.24 (MB)
    completing 40% with 0 violations
    elapsed time = 00:00:00, memory = 70.24 (MB)
    completing 50% with 0 violations
    elapsed time = 00:00:00, memory = 70.24 (MB)
    completing 60% with 0 violations
    elapsed time = 00:00:00, memory = 70.24 (MB)
    completing 70% with 0 violations
    elapsed time = 00:00:00, memory = 70.49 (MB)
    completing 80% with 0 violations
    elapsed time = 00:00:01, memory = 70.49 (MB)
    completing 90% with 0 violations
    elapsed time = 00:00:01, memory = 70.49 (MB)
    completing 100% with 0 violations
    elapsed time = 00:00:01, memory = 70.49 (MB)
  number of violations = 0
cpu time = 00:00:00, elapsed time = 00:00:01, memory = 70.49 (MB), peak = 425.30 (MB)
total wire length = 16052 um
total wire length on LAYER li1 = 0 um
total wire length on LAYER met1 = 3930 um
total wire length on LAYER met2 = 5509 um
total wire length on LAYER met3 = 3914 um
total wire length on LAYER met4 = 2698 um
total wire length on LAYER met5 = 0 um
total number of vias = 54
up-via summary (total 54):

---------------------
 FR_MASTERSLICE     0
            li1     0
           met1    42
           met2     8
           met3     4
           met4     0
---------------------
                   54


start 41st optimization iteration ...
    completing 10% with 0 violations
    elapsed time = 00:00:00, memory = 70.49 (MB)
    completing 20% with 0 violations
    elapsed time = 00:00:00, memory = 70.49 (MB)
    completing 30% with 0 violations
    elapsed time = 00:00:00, memory = 70.49 (MB)
    completing 40% with 0 violations
    elapsed time = 00:00:00, memory = 70.49 (MB)
    completing 50% with 0 violations
    elapsed time = 00:00:00, memory = 70.51 (MB)
    completing 60% with 0 violations
    elapsed time = 00:00:00, memory = 70.51 (MB)
    completing 70% with 0 violations
    elapsed time = 00:00:00, memory = 70.51 (MB)
    completing 80% with 0 violations
    elapsed time = 00:00:00, memory = 70.51 (MB)
    completing 90% with 0 violations
    elapsed time = 00:00:01, memory = 70.51 (MB)
    completing 100% with 0 violations
    elapsed time = 00:00:01, memory = 70.51 (MB)
  number of violations = 0
cpu time = 00:00:00, elapsed time = 00:00:01, memory = 70.51 (MB), peak = 425.30 (MB)
total wire length = 16052 um
total wire length on LAYER li1 = 0 um
total wire length on LAYER met1 = 3930 um
total wire length on LAYER met2 = 5509 um
total wire length on LAYER met3 = 3914 um
total wire length on LAYER met4 = 2698 um
total wire length on LAYER met5 = 0 um
total number of vias = 54
up-via summary (total 54):

---------------------
 FR_MASTERSLICE     0
            li1     0
           met1    42
           met2     8
           met3     4
           met4     0
---------------------
                   54


start 49th optimization iteration ...
    completing 10% with 0 violations
    elapsed time = 00:00:00, memory = 70.51 (MB)
    completing 20% with 0 violations
    elapsed time = 00:00:00, memory = 70.51 (MB)
    completing 30% with 0 violations
    elapsed time = 00:00:00, memory = 70.51 (MB)
    completing 40% with 0 violations
    elapsed time = 00:00:00, memory = 70.51 (MB)
    completing 50% with 0 violations
    elapsed time = 00:00:00, memory = 70.51 (MB)
    completing 60% with 0 violations
    elapsed time = 00:00:00, memory = 70.51 (MB)
    completing 70% with 0 violations
    elapsed time = 00:00:00, memory = 70.51 (MB)
    completing 80% with 0 violations
    elapsed time = 00:00:00, memory = 70.51 (MB)
    completing 90% with 0 violations
    elapsed time = 00:00:01, memory = 70.51 (MB)
    completing 100% with 0 violations
    elapsed time = 00:00:01, memory = 70.51 (MB)
  number of violations = 0
cpu time = 00:00:00, elapsed time = 00:00:01, memory = 70.51 (MB), peak = 425.30 (MB)
total wire length = 16052 um
total wire length on LAYER li1 = 0 um
total wire length on LAYER met1 = 3930 um
total wire length on LAYER met2 = 5509 um
total wire length on LAYER met3 = 3914 um
total wire length on LAYER met4 = 2698 um
total wire length on LAYER met5 = 0 um
total number of vias = 54
up-via summary (total 54):

---------------------
 FR_MASTERSLICE     0
            li1     0
           met1    42
           met2     8
           met3     4
           met4     0
---------------------
                   54


start 57th optimization iteration ...
    completing 10% with 0 violations
    elapsed time = 00:00:00, memory = 70.51 (MB)
    completing 20% with 0 violations
    elapsed time = 00:00:00, memory = 70.51 (MB)
    completing 30% with 0 violations
    elapsed time = 00:00:00, memory = 70.51 (MB)
    completing 40% with 0 violations
    elapsed time = 00:00:00, memory = 70.51 (MB)
    completing 50% with 0 violations
    elapsed time = 00:00:00, memory = 70.51 (MB)
    completing 60% with 0 violations
    elapsed time = 00:00:00, memory = 70.51 (MB)
    completing 70% with 0 violations
    elapsed time = 00:00:00, memory = 70.51 (MB)
    completing 80% with 0 violations
    elapsed time = 00:00:00, memory = 70.51 (MB)
    completing 90% with 0 violations
    elapsed time = 00:00:01, memory = 70.51 (MB)
    completing 100% with 0 violations
    elapsed time = 00:00:01, memory = 70.51 (MB)
  number of violations = 0
cpu time = 00:00:00, elapsed time = 00:00:01, memory = 70.51 (MB), peak = 425.30 (MB)
total wire length = 16052 um
total wire length on LAYER li1 = 0 um
total wire length on LAYER met1 = 3930 um
total wire length on LAYER met2 = 5509 um
total wire length on LAYER met3 = 3914 um
total wire length on LAYER met4 = 2698 um
total wire length on LAYER met5 = 0 um
total number of vias = 54
up-via summary (total 54):

---------------------
 FR_MASTERSLICE     0
            li1     0
           met1    42
           met2     8
           met3     4
           met4     0
---------------------
                   54


complete detail routing
total wire length = 16052 um
total wire length on LAYER li1 = 0 um
total wire length on LAYER met1 = 3930 um
total wire length on LAYER met2 = 5509 um
total wire length on LAYER met3 = 3914 um
total wire length on LAYER met4 = 2698 um
total wire length on LAYER met5 = 0 um
total number of vias = 54
up-via summary (total 54):

---------------------
 FR_MASTERSLICE     0
            li1     0
           met1    42
           met2     8
           met3     4
           met4     0
---------------------
                   54

cpu time = 00:03:13, elapsed time = 00:03:40, memory = 70.51 (MB), peak = 425.30 (MB)

post processing ...

Runtime taken (hrt): 269.327
