
 /----------------------------------------------------------------------------\
 |                                                                            |
 |  yosys -- Yosys Open SYnthesis Suite                                       |
 |                                                                            |
 |  Copyright (C) 2012 - 2020  Claire Wolf <claire@symbioticeda.com>          |
 |                                                                            |
 |  Permission to use, copy, modify, and/or distribute this software for any  |
 |  purpose with or without fee is hereby granted, provided that the above    |
 |  copyright notice and this permission notice appear in all copies.         |
 |                                                                            |
 |  THE SOFTWARE IS PROVIDED "AS IS" AND THE AUTHOR DISCLAIMS ALL WARRANTIES  |
 |  WITH REGARD TO THIS SOFTWARE INCLUDING ALL IMPLIED WARRANTIES OF          |
 |  MERCHANTABILITY AND FITNESS. IN NO EVENT SHALL THE AUTHOR BE LIABLE FOR   |
 |  ANY SPECIAL, DIRECT, INDIRECT, OR CONSEQUENTIAL DAMAGES OR ANY DAMAGES    |
 |  WHATSOEVER RESULTING FROM LOSS OF USE, DATA OR PROFITS, WHETHER IN AN     |
 |  ACTION OF CONTRACT, NEGLIGENCE OR OTHER TORTIOUS ACTION, ARISING OUT OF   |
 |  OR IN CONNECTION WITH THE USE OR PERFORMANCE OF THIS SOFTWARE.            |
 |                                                                            |
 \----------------------------------------------------------------------------/

 Yosys 0.9+3621 (git sha1 84e9fa7, gcc 8.3.1 -fPIC -Os)

[TCL: yosys -import] Command name collision: found pre-existing command `cd' -> skip.
[TCL: yosys -import] Command name collision: found pre-existing command `eval' -> skip.
[TCL: yosys -import] Command name collision: found pre-existing command `exec' -> skip.
[TCL: yosys -import] Command name collision: found pre-existing command `read' -> skip.
[TCL: yosys -import] Command name collision: found pre-existing command `trace' -> skip.

1. Executing Verilog-2005 frontend: /openLANE_flow/designs/chip_io/src/sky130_fd_io__top_power_lvc_wpad.v
Parsing Verilog input from `/openLANE_flow/designs/chip_io/src/sky130_fd_io__top_power_lvc_wpad.v' to AST representation.
Generating RTLIL representation for module `\sky130_fd_io__top_power_lvc_wpad'.
Successfully finished Verilog frontend.

2. Executing Verilog-2005 frontend: /home/roshan/Desktop/vsdflow/work/tools/openlane_working_dir/pdks/open_pdks/sky130/sky130A/libs.ref/sky130_fd_io/verilog/sky130_ef_io.v
Parsing Verilog input from `/home/roshan/Desktop/vsdflow/work/tools/openlane_working_dir/pdks/open_pdks/sky130/sky130A/libs.ref/sky130_fd_io/verilog/sky130_ef_io.v' to AST representation.
Generating RTLIL representation for module `\sky130_ef_io__vccd_hvc_pad'.
Generating RTLIL representation for module `\sky130_ef_io__vccd_lvc_pad'.
Generating RTLIL representation for module `\sky130_ef_io__vdda_lvc_pad'.
Generating RTLIL representation for module `\sky130_ef_io__vdda_hvc_pad'.
Generating RTLIL representation for module `\sky130_ef_io__vddio_lvc_pad'.
Generating RTLIL representation for module `\sky130_ef_io__vddio_hvc_pad'.
Generating RTLIL representation for module `\sky130_ef_io__vssd_lvc_pad'.
Generating RTLIL representation for module `\sky130_ef_io__vssd_hvc_pad'.
Generating RTLIL representation for module `\sky130_ef_io__vssio_lvc_pad'.
Generating RTLIL representation for module `\sky130_ef_io__vssio_hvc_pad'.
Generating RTLIL representation for module `\sky130_ef_io__vssa_lvc_pad'.
Generating RTLIL representation for module `\sky130_ef_io__vssa_hvc_pad'.
Generating RTLIL representation for module `\sky130_ef_io__corner_pad'.
Generating RTLIL representation for module `\sky130_fd_io__com_bus_slice'.
Generating RTLIL representation for module `\sky130_ef_io__com_bus_slice_1um'.
Generating RTLIL representation for module `\sky130_ef_io__com_bus_slice_5um'.
Generating RTLIL representation for module `\sky130_ef_io__com_bus_slice_10um'.
Generating RTLIL representation for module `\sky130_ef_io__com_bus_slice_20um'.
Generating RTLIL representation for module `\sky130_ef_io__gpiov2_pad'.
Successfully finished Verilog frontend.

3. Executing Verilog-2005 frontend: /home/roshan/Desktop/vsdflow/work/tools/openlane_working_dir/pdks/open_pdks/sky130/sky130A/libs.ref/sky130_fd_io/verilog/sky130_ef_io__gpiov2_pad_wrapped.v
Parsing Verilog input from `/home/roshan/Desktop/vsdflow/work/tools/openlane_working_dir/pdks/open_pdks/sky130/sky130A/libs.ref/sky130_fd_io/verilog/sky130_ef_io__gpiov2_pad_wrapped.v' to AST representation.
Generating RTLIL representation for module `\sky130_ef_io__gpiov2_pad_wrapped'.
Successfully finished Verilog frontend.

4. Executing Verilog-2005 frontend: /openLANE_flow/designs/chip_io/src/chip_io.v
Parsing Verilog input from `/openLANE_flow/designs/chip_io/src/chip_io.v' to AST representation.
Replacing existing blackbox module `\sky130_ef_io__gpiov2_pad_wrapped' at /openLANE_flow/designs/chip_io/src/sky130_ef_io__gpiov2_pad_wrapped.v:5.1-53.10.
Generating RTLIL representation for module `\sky130_ef_io__gpiov2_pad_wrapped'.
Replacing existing blackbox module `\sky130_ef_io__vddio_hvc_pad' at /openLANE_flow/designs/chip_io/src/sky130_ef_io__vddio_hvc_pad.v:4.1-29.10.
Generating RTLIL representation for module `\sky130_ef_io__vddio_hvc_pad'.
Replacing existing blackbox module `\sky130_ef_io__vssio_hvc_pad' at /openLANE_flow/designs/chip_io/src/sky130_ef_io__vssio_hvc_pad.v:5.1-26.10.
Generating RTLIL representation for module `\sky130_ef_io__vssio_hvc_pad'.
Replacing existing blackbox module `\sky130_ef_io__vdda_hvc_pad' at /openLANE_flow/designs/chip_io/src/sky130_ef_io__vdda_hvc_pad.v:5.1-29.10.
Generating RTLIL representation for module `\sky130_ef_io__vdda_hvc_pad'.
Replacing existing blackbox module `\sky130_ef_io__vssa_hvc_pad' at /openLANE_flow/designs/chip_io/src/sky130_ef_io__vssa_hvc_pad.v:7.1-28.10.
Generating RTLIL representation for module `\sky130_ef_io__vssa_hvc_pad'.
Replacing existing blackbox module `\sky130_ef_io__vdda_lvc_pad' at /openLANE_flow/designs/chip_io/src/sky130_ef_io__vdda_lvc_pad.v:5.1-31.10.
Generating RTLIL representation for module `\sky130_ef_io__vdda_lvc_pad'.
Replacing existing blackbox module `\sky130_ef_io__vssa_lvc_pad' at /openLANE_flow/designs/chip_io/src/sky130_ef_io__vssa_lvc_pad.v:4.1-29.10.
Generating RTLIL representation for module `\sky130_ef_io__vssa_lvc_pad'.
Replacing existing blackbox module `\sky130_ef_io__vccd_lvc_pad' at /openLANE_flow/designs/chip_io/src/sky130_ef_io__vccd_lvc_pad.v:5.1-30.10.
Generating RTLIL representation for module `\sky130_ef_io__vccd_lvc_pad'.
Replacing existing blackbox module `\sky130_ef_io__vssd_lvc_pad' at /openLANE_flow/designs/chip_io/src/sky130_ef_io__vssd_lvc_pad.v:4.1-29.10.
Generating RTLIL representation for module `\sky130_ef_io__vssd_lvc_pad'.
Replacing existing blackbox module `\sky130_ef_io__corner_pad' at /openLANE_flow/designs/chip_io/src/sky130_ef_io__corner_pad.v:1.1-19.10.
Generating RTLIL representation for module `\sky130_ef_io__corner_pad'.
Generating RTLIL representation for module `\chip_io'.
Successfully finished Verilog frontend.

5. Generating Graphviz representation of design.
Writing dot description to `/openLANE_flow/designs/chip_io/runs/chip_io/tmp/synthesis/hierarchy.dot'.
Dumping module chip_io to page 1.

6. Executing HIERARCHY pass (managing design hierarchy).

6.1. Analyzing design hierarchy..
Top module:  \chip_io

6.2. Analyzing design hierarchy..
Top module:  \chip_io
Removed 0 unused modules.

7. Executing FLATTEN pass (flatten design).

8. Printing statistics.

=== chip_io ===

   Number of wires:                 33
   Number of wire bits:             33
   Number of public wires:          33
   Number of public wire bits:      33
   Number of memories:               0
   Number of memory bits:            0
   Number of processes:              0
   Number of cells:                 23
     sky130_ef_io__corner_pad        4
     sky130_ef_io__gpiov2_pad_wrapped      8
     sky130_ef_io__vccd_lvc_pad      1
     sky130_ef_io__vdda_hvc_pad      1
     sky130_ef_io__vdda_lvc_pad      1
     sky130_ef_io__vddio_hvc_pad      1
     sky130_ef_io__vssa_hvc_pad      1
     sky130_ef_io__vssa_lvc_pad      1
     sky130_ef_io__vssd_lvc_pad      1
     sky130_ef_io__vssio_hvc_pad      1
     sky130_fd_io__top_power_lvc_wpad      3

9. Executing SPLITNETS pass (splitting up multi-bit signals).

10. Executing OPT_CLEAN pass (remove unused cells and wires).
Finding unused cells or wires in module \chip_io..

11. Executing CHECK pass (checking for obvious problems).
checking module chip_io..
Warning: multiple conflicting drivers for chip_io.\B_0_pll:
    port IN[0] of cell GPIO_0_PAD (sky130_ef_io__gpiov2_pad_wrapped)
    port IN[0] of cell GPIO_1_PAD (sky130_ef_io__gpiov2_pad_wrapped)
    port IN[0] of cell GPIO_2_PAD (sky130_ef_io__gpiov2_pad_wrapped)
    port IN[0] of cell GPIO_3_PAD (sky130_ef_io__gpiov2_pad_wrapped)
Warning: multiple conflicting drivers for chip_io.\TIE_LO_ESD:
    port TIE_LO_ESD[0] of cell B_CP_PAD (sky130_ef_io__gpiov2_pad_wrapped)
    port TIE_LO_ESD[0] of cell B_VCO_PAD (sky130_ef_io__gpiov2_pad_wrapped)
    port TIE_LO_ESD[0] of cell ENb_CP_PAD (sky130_ef_io__gpiov2_pad_wrapped)
    port TIE_LO_ESD[0] of cell ENb_VCO_PAD (sky130_ef_io__gpiov2_pad_wrapped)
    port TIE_LO_ESD[0] of cell GPIO_0_PAD (sky130_ef_io__gpiov2_pad_wrapped)
    port TIE_LO_ESD[0] of cell GPIO_1_PAD (sky130_ef_io__gpiov2_pad_wrapped)
    port TIE_LO_ESD[0] of cell GPIO_2_PAD (sky130_ef_io__gpiov2_pad_wrapped)
    port TIE_LO_ESD[0] of cell GPIO_3_PAD (sky130_ef_io__gpiov2_pad_wrapped)
Warning: multiple conflicting drivers for chip_io.\TIE_HI_ESD:
    port TIE_HI_ESD[0] of cell B_CP_PAD (sky130_ef_io__gpiov2_pad_wrapped)
    port TIE_HI_ESD[0] of cell B_VCO_PAD (sky130_ef_io__gpiov2_pad_wrapped)
    port TIE_HI_ESD[0] of cell ENb_CP_PAD (sky130_ef_io__gpiov2_pad_wrapped)
    port TIE_HI_ESD[0] of cell ENb_VCO_PAD (sky130_ef_io__gpiov2_pad_wrapped)
    port TIE_HI_ESD[0] of cell GPIO_0_PAD (sky130_ef_io__gpiov2_pad_wrapped)
    port TIE_HI_ESD[0] of cell GPIO_1_PAD (sky130_ef_io__gpiov2_pad_wrapped)
    port TIE_HI_ESD[0] of cell GPIO_2_PAD (sky130_ef_io__gpiov2_pad_wrapped)
    port TIE_HI_ESD[0] of cell GPIO_3_PAD (sky130_ef_io__gpiov2_pad_wrapped)
Warning: Wire chip_io.\B_3_pll is used but has no driver.
Warning: Wire chip_io.\B_2_pll is used but has no driver.
Warning: Wire chip_io.\B_1_pll is used but has no driver.
found and reported 6 problems.

12. Printing statistics.

=== chip_io ===

   Number of wires:                 33
   Number of wire bits:             33
   Number of public wires:          33
   Number of public wire bits:      33
   Number of memories:               0
   Number of memory bits:            0
   Number of processes:              0
   Number of cells:                 23
     sky130_ef_io__corner_pad        4
     sky130_ef_io__gpiov2_pad_wrapped      8
     sky130_ef_io__vccd_lvc_pad      1
     sky130_ef_io__vdda_hvc_pad      1
     sky130_ef_io__vdda_lvc_pad      1
     sky130_ef_io__vddio_hvc_pad      1
     sky130_ef_io__vssa_hvc_pad      1
     sky130_ef_io__vssa_lvc_pad      1
     sky130_ef_io__vssd_lvc_pad      1
     sky130_ef_io__vssio_hvc_pad      1
     sky130_fd_io__top_power_lvc_wpad      3

   Area for cell type \sky130_fd_io__top_power_lvc_wpad is unknown!
   Area for cell type \sky130_ef_io__vccd_lvc_pad is unknown!
   Area for cell type \sky130_ef_io__vdda_lvc_pad is unknown!
   Area for cell type \sky130_ef_io__vdda_hvc_pad is unknown!
   Area for cell type \sky130_ef_io__vddio_hvc_pad is unknown!
   Area for cell type \sky130_ef_io__vssd_lvc_pad is unknown!
   Area for cell type \sky130_ef_io__vssio_hvc_pad is unknown!
   Area for cell type \sky130_ef_io__vssa_lvc_pad is unknown!
   Area for cell type \sky130_ef_io__vssa_hvc_pad is unknown!
   Area for cell type \sky130_ef_io__corner_pad is unknown!
   Area for cell type \sky130_ef_io__gpiov2_pad_wrapped is unknown!

13. Executing Verilog backend.
Dumping module `\chip_io'.

Warnings: 6 unique messages, 6 total
End of script. Logfile hash: d20a726bd4, CPU: user 0.08s system 0.00s, MEM: 14.66 MB peak
Yosys 0.9+3621 (git sha1 84e9fa7, gcc 8.3.1 -fPIC -Os)
Time spent: 39% 2x write_verilog (0 sec), 29% 2x stat (0 sec), ...
