OpenROAD 0.9.0 d03ebfc244
This program is licensed under the BSD-3 license. See the LICENSE file for details. 
Components of this program may be licensed under more restrictive licenses which must be honored.
Error: cannot open '/.openroad'.
Warning: /home/roshan/Desktop/vsdflow/work/tools/openlane_working_dir/pdks/sky130A/libs.ref/sky130_fd_sc_hvl/lib/sky130_fd_sc_hvl__tt_025C_3v30.lib, line 35 default_operating_condition tt_025C_3v30 not found.
Warning: /home/roshan/Desktop/vsdflow/work/tools/openlane_working_dir/pdks/sky130A/libs.ref/sky130_fd_sc_hvl/lib/sky130_fd_sc_hvl__tt_025C_3v30_lv1v80.lib, line 31 default_operating_condition tt_025C_3v30_lv1v80 not found.
Notice 0: Reading LEF file:  /openLANE_flow/designs/vsdPLLSoC/runs/vsdPLLSoC_lvs/tmp/merged_unpadded.lef
Notice 0: warning: macro avsdpll_1v8 references unkown site unithddb1
Notice 0:     Created 13 technology layers
Notice 0:     Created 25 technology vias
Notice 0:     Created 72 library cells
Notice 0: Finished LEF file:  /openLANE_flow/designs/vsdPLLSoC/runs/vsdPLLSoC_lvs/tmp/merged_unpadded.lef
Warning: /openLANE_flow/designs/vsdPLLSoC/runs/vsdPLLSoC_lvs/results/synthesis/vsdPLLSoC.synthesis.v, line 58 instance PLL port GND2 not found.
Warning: /openLANE_flow/designs/vsdPLLSoC/runs/vsdPLLSoC_lvs/results/synthesis/vsdPLLSoC.synthesis.v, line 58 instance PLL port VDD2 not found.
Warning: /openLANE_flow/designs/vsdPLLSoC/runs/vsdPLLSoC_lvs/results/synthesis/vsdPLLSoC.synthesis.v, line 58 instance PLL port VDD3 not found.
Warning: /openLANE_flow/designs/vsdPLLSoC/runs/vsdPLLSoC_lvs/results/synthesis/vsdPLLSoC.synthesis.v, line 70 instance POR port vdd1v8 not found.
Warning: LEF master chip_io has no liberty cell.
Warning: LEF master avsdpll_1v8 has no liberty cell.
Warning: LEF master simple_por has no liberty cell.
Info: Added 1266 rows of 7451 sites.
